Log file open, 01/08/18 15:49:04
LogWindows: Failed to load 'aqProf.dll' (GetLastError=126)
LogWindows: File 'aqProf.dll' does not exist
LogWindows: Failed to load 'VtuneApi.dll' (GetLastError=126)
LogWindows: File 'VtuneApi.dll' does not exist
LogWindows: Failed to load 'VtuneApi32e.dll' (GetLastError=126)
LogWindows: File 'VtuneApi32e.dll' does not exist
LogInit: Display: Running engine for game: ZombieWarFare
LogPlatformFile: Not using cached read wrapper
LogInit: Display: RandInit(-1861274431) SRandInit(-1861274431).
LogInit: Read version file with build ID '3709383'
LogInit: Overriding engine version to CL 3709383, compatible CL 3709383
LogInit: Registered custom module enumerator with build ID '3709383'
LogTaskGraph: Started task graph with 5 named threads and 8 total threads with 3 sets of task threads.
LogStats: Stats thread started at 0.275290
LogD3D11RHI: Aftermath initialized
LogModuleManager: Display: Found up-to-date module file ../../../Engine/Plugins/2D/Paper2D/Binaries/Win64/UE4Editor-Paper2D.dll (API version 3709383).
LogModuleManager: Display: Found up-to-date module file ../../../Engine/Plugins/2D/Paper2D/Binaries/Win64/UE4Editor-Paper2DEditor.dll (API version 3709383).
LogModuleManager: Display: Found up-to-date module file ../../../Engine/Plugins/2D/Paper2D/Binaries/Win64/UE4Editor-PaperSpriteSheetImporter.dll (API version 3709383).
LogModuleManager: Display: Found up-to-date module file ../../../Engine/Plugins/2D/Paper2D/Binaries/Win64/UE4Editor-PaperTiledImporter.dll (API version 3709383).
LogModuleManager: Display: Found up-to-date module file ../../../Engine/Plugins/2D/Paper2D/Binaries/Win64/UE4Editor-SmartSnapping.dll (API version 3709383).
LogModuleManager: Display: Found up-to-date module file ../../../Engine/Plugins/Blendables/LightPropagationVolume/Binaries/Win64/UE4Editor-LightPropagationVolumeRuntime.dll (API version 3709383).
LogModuleManager: Display: Found up-to-date module file ../../../Engine/Plugins/Blendables/LightPropagationVolume/Binaries/Win64/UE4Editor-LightPropagationVolumeEditor.dll (API version 3709383).
LogModuleManager: Display: Found up-to-date module file ../../../Engine/Plugins/Developer/GitSourceControl/Binaries/Win64/UE4Editor-GitSourceControl.dll (API version 3709383).
LogModuleManager: Display: Found up-to-date module file ../../../Engine/Plugins/Developer/PerforceSourceControl/Binaries/Win64/UE4Editor-PerforceSourceControl.dll (API version 3709383).
LogModuleManager: Display: Found up-to-date module file ../../../Engine/Plugins/Developer/SubversionSourceControl/Binaries/Win64/UE4Editor-SubversionSourceControl.dll (API version 3709383).
LogModuleManager: Display: Found up-to-date module file ../../../Engine/Plugins/Developer/UObjectPlugin/Binaries/Win64/UE4Editor-UObjectPlugin.dll (API version 3709383).
LogModuleManager: Display: Found up-to-date module file ../../../Engine/Plugins/Developer/VisualStudioCodeSourceCodeAccess/Binaries/Win64/UE4Editor-VisualStudioCodeSourceCodeAccess.dll (API version 3709383).
LogModuleManager: Display: Found up-to-date module file ../../../Engine/Plugins/Developer/VisualStudioSourceCodeAccess/Binaries/Win64/UE4Editor-VisualStudioSourceCodeAccess.dll (API version 3709383).
LogModuleManager: Display: Found up-to-date module file ../../../Engine/Plugins/Editor/AssetManagerEditor/Binaries/Win64/UE4Editor-AssetManagerEditor.dll (API version 3709383).
LogModuleManager: Display: Found up-to-date module file ../../../Engine/Plugins/Editor/AudioCapture/Binaries/Win64/UE4Editor-AudioCapture.dll (API version 3709383).
LogModuleManager: Display: Found up-to-date module file ../../../Engine/Plugins/Editor/FacialAnimation/Binaries/Win64/UE4Editor-FacialAnimation.dll (API version 3709383).
LogModuleManager: Display: Found up-to-date module file ../../../Engine/Plugins/Editor/FacialAnimation/Binaries/Win64/UE4Editor-FacialAnimationEditor.dll (API version 3709383).
LogModuleManager: Display: Found up-to-date module file ../../../Engine/Plugins/Editor/GameplayTagsEditor/Binaries/Win64/UE4Editor-GameplayTagsEditor.dll (API version 3709383).
LogModuleManager: Display: Found up-to-date module file ../../../Engine/Plugins/Editor/MobileLauncherProfileWizard/Binaries/Win64/UE4Editor-MobileLauncherProfileWizard.dll (API version 3709383).
LogModuleManager: Display: Found up-to-date module file ../../../Engine/Plugins/Editor/PluginBrowser/Binaries/Win64/UE4Editor-PluginBrowser.dll (API version 3709383).
LogModuleManager: Display: Found up-to-date module file ../../../Engine/Plugins/Editor/SpeedTreeImporter/Binaries/Win64/UE4Editor-SpeedTreeImporter.dll (API version 3709383).
LogModuleManager: Display: Found up-to-date module file ../../../Engine/Plugins/Experimental/AlembicImporter/Binaries/Win64/UE4Editor-AlembicImporter.dll (API version 3709383).
LogModuleManager: Display: Found up-to-date module file ../../../Engine/Plugins/Experimental/AlembicImporter/Binaries/Win64/UE4Editor-AlembicLibrary.dll (API version 3709383).
LogModuleManager: Display: Found up-to-date module file ../../../Engine/Plugins/Experimental/CharacterAI/Binaries/Win64/UE4Editor-CharacterAI.dll (API version 3709383).
LogModuleManager: Display: Found up-to-date module file ../../../Engine/Plugins/Experimental/HTML5Networking/Binaries/Win64/UE4Editor-HTML5Networking.dll (API version 3709383).
LogModuleManager: Display: Found up-to-date module file ../../../Engine/Plugins/Media/AndroidMedia/Binaries/Win64/UE4Editor-AndroidMediaEditor.dll (API version 3709383).
LogModuleManager: Display: Found up-to-date module file ../../../Engine/Plugins/Media/AndroidMedia/Binaries/Win64/UE4Editor-AndroidMediaFactory.dll (API version 3709383).
LogModuleManager: Display: Found up-to-date module file ../../../Engine/Plugins/Media/AvfMedia/Binaries/Win64/UE4Editor-AvfMediaEditor.dll (API version 3709383).
LogModuleManager: Display: Found up-to-date module file ../../../Engine/Plugins/Media/AvfMedia/Binaries/Win64/UE4Editor-AvfMediaFactory.dll (API version 3709383).
LogModuleManager: Display: Found up-to-date module file ../../../Engine/Plugins/Media/AvfMedia/Binaries/Win64/UE4Editor-AvfMediaFactory.dll (API version 3709383).
LogModuleManager: Display: Found up-to-date module file ../../../Engine/Plugins/Media/ImgMedia/Binaries/Win64/UE4Editor-ImgMedia.dll (API version 3709383).
LogModuleManager: Display: Found up-to-date module file ../../../Engine/Plugins/Media/ImgMedia/Binaries/Win64/UE4Editor-ImgMediaEditor.dll (API version 3709383).
LogModuleManager: Display: Found up-to-date module file ../../../Engine/Plugins/Media/ImgMedia/Binaries/Win64/UE4Editor-ImgMediaFactory.dll (API version 3709383).
LogModuleManager: Display: Found up-to-date module file ../../../Engine/Plugins/Media/ImgMedia/Binaries/Win64/UE4Editor-ImgMediaFactory.dll (API version 3709383).
LogModuleManager: Display: Found up-to-date module file ../../../Engine/Plugins/Media/ImgMedia/Binaries/Win64/UE4Editor-OpenExrWrapper.dll (API version 3709383).
LogModuleManager: Display: Found up-to-date module file ../../../Engine/Plugins/Media/MediaCompositing/Binaries/Win64/UE4Editor-MediaCompositing.dll (API version 3709383).
LogModuleManager: Display: Found up-to-date module file ../../../Engine/Plugins/Media/MediaCompositing/Binaries/Win64/UE4Editor-MediaCompositingEditor.dll (API version 3709383).
LogModuleManager: Display: Found up-to-date module file ../../../Engine/Plugins/Media/MediaPlayerEditor/Binaries/Win64/UE4Editor-MediaPlayerEditor.dll (API version 3709383).
LogModuleManager: Display: Found up-to-date module file ../../../Engine/Plugins/Media/WmfMedia/Binaries/Win64/UE4Editor-WmfMedia.dll (API version 3709383).
LogModuleManager: Display: Found up-to-date module file ../../../Engine/Plugins/Media/WmfMedia/Binaries/Win64/UE4Editor-WmfMediaEditor.dll (API version 3709383).
LogModuleManager: Display: Found up-to-date module file ../../../Engine/Plugins/Media/WmfMedia/Binaries/Win64/UE4Editor-WmfMediaFactory.dll (API version 3709383).
LogModuleManager: Display: Found up-to-date module file ../../../Engine/Plugins/Media/WmfMedia/Binaries/Win64/UE4Editor-WmfMediaFactory.dll (API version 3709383).
LogModuleManager: Display: Found up-to-date module file ../../../Engine/Plugins/Messaging/TcpMessaging/Binaries/Win64/UE4Editor-TcpMessaging.dll (API version 3709383).
LogModuleManager: Display: Found up-to-date module file ../../../Engine/Plugins/Messaging/UdpMessaging/Binaries/Win64/UE4Editor-UdpMessaging.dll (API version 3709383).
LogModuleManager: Display: Found up-to-date module file ../../../Engine/Plugins/MovieScene/ActorSequence/Binaries/Win64/UE4Editor-ActorSequence.dll (API version 3709383).
LogModuleManager: Display: Found up-to-date module file ../../../Engine/Plugins/MovieScene/LevelSequenceEditor/Binaries/Win64/UE4Editor-LevelSequenceEditor.dll (API version 3709383).
LogModuleManager: Display: Found up-to-date module file ../../../Engine/Plugins/MovieScene/MatineeToLevelSequence/Binaries/Win64/UE4Editor-MatineeToLevelSequence.dll (API version 3709383).
LogModuleManager: Display: Found up-to-date module file ../../../Engine/Plugins/Online/OnlineSubsystem/Binaries/Win64/UE4Editor-OnlineSubsystem.dll (API version 3709383).
LogModuleManager: Display: Found up-to-date module file ../../../Engine/Plugins/Runtime/AndroidPermission/Binaries/Win64/UE4Editor-AndroidPermission.dll (API version 3709383).
LogModuleManager: Display: Found up-to-date module file ../../../Engine/Plugins/Online/OnlineSubsystemNull/Binaries/Win64/UE4Editor-OnlineSubsystemNull.dll (API version 3709383).
LogModuleManager: Display: Found up-to-date module file ../../../Engine/Plugins/Online/OnlineSubsystemUtils/Binaries/Win64/UE4Editor-OnlineSubsystemUtils.dll (API version 3709383).
LogModuleManager: Display: Found up-to-date module file ../../../Engine/Plugins/Online/OnlineSubsystemUtils/Binaries/Win64/UE4Editor-OnlineBlueprintSupport.dll (API version 3709383).
LogModuleManager: Display: Found up-to-date module file ../../../Engine/Plugins/Runtime/AndroidDeviceProfileSelector/Binaries/Win64/UE4Editor-AndroidDeviceProfileSelector.dll (API version 3709383).
LogModuleManager: Display: Found up-to-date module file ../../../Engine/Plugins/Runtime/AppleARKit/Binaries/Win64/UE4Editor-AppleARKit.dll (API version 3709383).
LogModuleManager: Display: Found up-to-date module file ../../../Engine/Plugins/Runtime/ArchVisCharacter/Binaries/Win64/UE4Editor-ArchVisCharacter.dll (API version 3709383).
LogModuleManager: Display: Found up-to-date module file ../../../Engine/Plugins/Runtime/CableComponent/Binaries/Win64/UE4Editor-CableComponent.dll (API version 3709383).
LogModuleManager: Display: Found up-to-date module file ../../../Engine/Plugins/Runtime/CustomMeshComponent/Binaries/Win64/UE4Editor-CustomMeshComponent.dll (API version 3709383).
LogModuleManager: Display: Found up-to-date module file ../../../Engine/Plugins/Runtime/ExampleDeviceProfileSelector/Binaries/Win64/UE4Editor-ExampleDeviceProfileSelector.dll (API version 3709383).
LogModuleManager: Display: Found up-to-date module file ../../../Engine/Plugins/Runtime/ImmediatePhysics/Binaries/Win64/UE4Editor-ImmediatePhysics.dll (API version 3709383).
LogModuleManager: Display: Found up-to-date module file ../../../Engine/Plugins/Runtime/ImmediatePhysics/Binaries/Win64/UE4Editor-ImmediatePhysicsEditor.dll (API version 3709383).
LogModuleManager: Display: Found up-to-date module file ../../../Engine/Plugins/Runtime/LocationServicesBPLibrary/Binaries/Win64/UE4Editor-LocationServicesBPLibrary.dll (API version 3709383).
LogModuleManager: Display: Found up-to-date module file ../../../Engine/Plugins/Runtime/MobilePatchingUtils/Binaries/Win64/UE4Editor-MobilePatchingUtils.dll (API version 3709383).
LogModuleManager: Display: Found up-to-date module file ../../../Engine/Plugins/Runtime/Oculus/OculusVR/Binaries/Win64/UE4Editor-OculusHMD.dll (API version 3709383).
LogModuleManager: Display: Found up-to-date module file ../../../Engine/Plugins/Runtime/Oculus/OculusVR/Binaries/Win64/UE4Editor-OculusInput.dll (API version 3709383).
LogModuleManager: Display: Found up-to-date module file ../../../Engine/Plugins/Runtime/Oculus/OculusVR/Binaries/Win64/UE4Editor-OculusEditor.dll (API version 3709383).
LogModuleManager: Display: Found up-to-date module file ../../../Engine/Plugins/Runtime/PhysXVehicles/Binaries/Win64/UE4Editor-PhysXVehicles.dll (API version 3709383).
LogModuleManager: Display: Found up-to-date module file ../../../Engine/Plugins/Runtime/PhysXVehicles/Binaries/Win64/UE4Editor-PhysXVehiclesEditor.dll (API version 3709383).
LogModuleManager: Display: Found up-to-date module file ../../../Engine/Plugins/Runtime/ProceduralMeshComponent/Binaries/Win64/UE4Editor-ProceduralMeshComponent.dll (API version 3709383).
LogModuleManager: Display: Found up-to-date module file ../../../Engine/Plugins/Runtime/ProceduralMeshComponent/Binaries/Win64/UE4Editor-ProceduralMeshComponentEditor.dll (API version 3709383).
LogModuleManager: Display: Found up-to-date module file ../../../Engine/Plugins/Runtime/RuntimePhysXCooking/Binaries/Win64/UE4Editor-RuntimePhysXCooking.dll (API version 3709383).
LogModuleManager: Display: Found up-to-date module file ../../../Engine/Plugins/Runtime/Steam/SteamVR/Binaries/Win64/UE4Editor-SteamVR.dll (API version 3709383).
LogModuleManager: Display: Found up-to-date module file ../../../Engine/Plugins/Runtime/Steam/SteamVR/Binaries/Win64/UE4Editor-SteamVRController.dll (API version 3709383).
LogModuleManager: Display: Found up-to-date module file ../../../Engine/Plugins/Runtime/WindowsMoviePlayer/Binaries/Win64/UE4Editor-WindowsMoviePlayer.dll (API version 3709383).
LogPluginManager: Mounting plugin Paper2D
LogPluginManager: Mounting plugin LightPropagationVolume
LogPluginManager: Mounting plugin CodeLiteSourceCodeAccess
LogPluginManager: Mounting plugin GitSourceControl
LogPluginManager: Mounting plugin KDevelopSourceCodeAccess
LogPluginManager: Mounting plugin NullSourceCodeAccess
LogPluginManager: Mounting plugin PerforceSourceControl
LogPluginManager: Mounting plugin SubversionSourceControl
LogPluginManager: Mounting plugin UObjectPlugin
LogPluginManager: Mounting plugin VisualStudioCodeSourceCodeAccess
LogPluginManager: Mounting plugin VisualStudioSourceCodeAccess
LogPluginManager: Mounting plugin XCodeSourceCodeAccess
LogPluginManager: Mounting plugin AssetManagerEditor
LogPluginManager: Mounting plugin AudioCapture
LogPluginManager: Mounting plugin FacialAnimation
LogPluginManager: Mounting plugin GameplayTagsEditor
LogPluginManager: Mounting plugin MobileLauncherProfileWizard
LogPluginManager: Mounting plugin PluginBrowser
LogPluginManager: Mounting plugin SpeedTreeImporter
LogPluginManager: Mounting plugin AlembicImporter
LogPluginManager: Mounting plugin CharacterAI
LogPluginManager: Mounting plugin HTML5Networking
LogPluginManager: Mounting plugin AndroidMedia
LogPluginManager: Mounting plugin AvfMedia
LogPluginManager: Mounting plugin ImgMedia
LogPluginManager: Mounting plugin MediaCompositing
LogPluginManager: Mounting plugin MediaPlayerEditor
LogPluginManager: Mounting plugin WmfMedia
LogPluginManager: Mounting plugin TcpMessaging
LogPluginManager: Mounting plugin UdpMessaging
LogPluginManager: Mounting plugin ActorSequence
LogPluginManager: Mounting plugin LevelSequenceEditor
LogPluginManager: Mounting plugin MatineeToLevelSequence
LogPluginManager: Mounting plugin OnlineSubsystemGooglePlay
LogPluginManager: Mounting plugin OnlineSubsystemIOS
LogPluginManager: Mounting plugin OnlineSubsystem
LogPluginManager: Mounting plugin OnlineSubsystemNull
LogPluginManager: Mounting plugin OnlineSubsystemUtils
LogPluginManager: Mounting plugin AndroidDeviceProfileSelector
LogPluginManager: Mounting plugin AndroidMoviePlayer
LogPluginManager: Mounting plugin AndroidPermission
LogPluginManager: Mounting plugin AppleARKit
LogPluginManager: Mounting plugin AppleMoviePlayer
LogPluginManager: Mounting plugin ArchVisCharacter
LogPluginManager: Mounting plugin CableComponent
LogPluginManager: Mounting plugin CustomMeshComponent
LogPluginManager: Mounting plugin ExampleDeviceProfileSelector
LogPluginManager: Mounting plugin GoogleCloudMessaging
LogPluginManager: Mounting plugin ImmediatePhysics
LogPluginManager: Mounting plugin IOSDeviceProfileSelector
LogPluginManager: Mounting plugin LinuxDeviceProfileSelector
LogPluginManager: Mounting plugin LocationServicesBPLibrary
LogPluginManager: Mounting plugin MobilePatchingUtils
LogPluginManager: Mounting plugin OculusVR
LogPluginManager: Plugin shader directory ../../../Engine/Plugins/Runtime/Oculus/OculusVR/Shaders found
LogPluginManager: Mapping shader source directory ../../../Engine/Plugins/Runtime/Oculus/OculusVR/Shaders to virtual directory /Plugin/OculusVR
LogPluginManager: Mounting plugin PhysXVehicles
LogPluginManager: Mounting plugin ProceduralMeshComponent
LogPluginManager: Mounting plugin RuntimePhysXCooking
LogPluginManager: Mounting plugin SteamVR
LogPluginManager: Mounting plugin WindowsMoviePlayer
LogInit: Using libcurl 7.47.1
LogInit:  - built for x86_64-pc-win32
LogInit:  - supports SSL with OpenSSL/1.0.2g
LogInit:  - supports HTTP deflate (compression) using libz 1.2.8
LogInit:  - other features:
LogInit:      CURL_VERSION_SSL
LogInit:      CURL_VERSION_LIBZ
LogInit:      CURL_VERSION_IPV6
LogInit:      CURL_VERSION_ASYNCHDNS
LogInit:      CURL_VERSION_LARGEFILE
LogInit:      CURL_VERSION_IDN
LogInit:  CurlRequestOptions (configurable via config and command line):
LogInit:  - bVerifyPeer = false  - Libcurl will NOT verify peer certificate
LogInit:  - bUseHttpProxy = false  - Libcurl will NOT use HTTP proxy
LogInit:  - bDontReuseConnections = false  - Libcurl will reuse connections
LogInit:  - CertBundlePath = nullptr  - Libcurl will use whatever was configured at build time.
LogInit: Build: ++UE4+Release-4.18-CL-3709383
LogInit: Engine Version: 4.18.0-3709383+++UE4+Release-4.18
LogInit: Compatible Engine Version: 4.18.0-3709383+++UE4+Release-4.18
LogInit: Net CL: 3709383
LogDevObjectVersion: Number of dev versions registered: 16
LogDevObjectVersion:   Dev-Blueprints (B0D832E4-1F89-4F0D-ACCF-7EB736FD4AA2): 10
LogDevObjectVersion:   Dev-Build (E1C64328-A22C-4D53-A36C-8E866417BD8C): 0
LogDevObjectVersion:   Dev-Core (375EC13C-06E4-48FB-B500-84F0262A717E): 2
LogDevObjectVersion:   Dev-Editor (E4B068ED-F494-42E9-A231-DA0B2E46BB41): 20
LogDevObjectVersion:   Dev-Framework (CFFC743F-43B0-4480-9391-14DF171D2073): 30
LogDevObjectVersion:   Dev-Mobile (B02B49B5-BB20-44E9-A304-32B752E40360): 0
LogDevObjectVersion:   Dev-Networking (A4E4105C-59A1-49B5-A7C5-40C4547EDFEE): 0
LogDevObjectVersion:   Dev-Online (39C831C9-5AE6-47DC-9A44-9C173E1C8E7C): 0
LogDevObjectVersion:   Dev-Physics (78F01B33-EBEA-4F98-B9B4-84EACCB95AA2): 0
LogDevObjectVersion:   Dev-Platform (6631380F-2D4D-43E0-8009-CF276956A95A): 0
LogDevObjectVersion:   Dev-Rendering (12F88B9F-8875-4AFC-A67C-D90C383ABD29): 20
LogDevObjectVersion:   Dev-Sequencer (7B5AE74C-D270-4C10-A958-57980B212A5A): 4
LogDevObjectVersion:   Dev-VR (D7296918-1DD6-4BDD-9DE2-64A83CC13884): 0
LogDevObjectVersion:   Dev-LoadTimes (C2A15278-BFE7-4AFE-6C17-90FF531DF755): 1
LogDevObjectVersion:   Private-Geometry (6EACA3D4-40EC-4CC1-B786-8BED09428FC5): 1
LogDevObjectVersion:   Dev-AnimPhys (29E575DD-E0A3-4627-9D10-D276232CDCEA): 12
LogInit: Compiled (64-bit): Oct 20 2017 10:39:19
LogInit: Compiled with Visual C++: 19.00.24215.01
LogInit: Build Configuration: Development
LogInit: Branch Name: ++UE4+Release-4.18
LogInit: Command line: -EpicPortal 
LogInit: Base directory: C:/Program Files/Epic Games/UE_4.18/Engine/Binaries/Win64/
LogInit: Installed Engine Build: 1
LogInit: Presizing for max 8388607 objects, including 0 objects not considered by GC, pre-allocating 0 bytes for permanent pool.
LogInit: Object subsystem initialized
[2018.01.08-13.49.08:548][  0]LogInit: Selected Device Profile: [Windows]
[2018.01.08-13.49.08:548][  0]LogInit: Applying CVar settings loaded from the selected device profile: [Windows]
[2018.01.08-13.49.08:572][  0]LogInit: Computer: USER
[2018.01.08-13.49.08:572][  0]LogInit: User: admin
[2018.01.08-13.49.08:572][  0]LogInit: CPU Page size=4096, Cores=2
[2018.01.08-13.49.08:572][  0]LogInit: High frequency timer resolution =2.240910 MHz
[2018.01.08-13.49.08:573][  0]LogMemory: Memory total: Physical=7.9GB (8GB approx)
[2018.01.08-13.49.08:573][  0]LogMemory: Platform Memory Stats for Windows
[2018.01.08-13.49.08:573][  0]LogMemory: Process Physical Memory: 274.98 MB used, 274.98 MB peak
[2018.01.08-13.49.08:573][  0]LogMemory: Process Virtual Memory: 271.45 MB used, 271.45 MB peak
[2018.01.08-13.49.08:573][  0]LogMemory: Physical Memory: 6427.15 MB used,  1669.92 MB free, 8097.07 MB total
[2018.01.08-13.49.08:573][  0]LogMemory: Virtual Memory: 666.43 MB used,  1669.92 MB free, 134217728.00 MB total
[2018.01.08-13.49.08:910][  0]LogInit: Using OS detected language (en-US).
[2018.01.08-13.49.08:910][  0]LogInit: Using OS detected locale (en-US).
[2018.01.08-13.49.08:918][  0]LogTextLocalizationManager: No specific localization for 'en-US' exists, so the 'en' localization will be used.
[2018.01.08-13.49.09:606][  0]LogInit: Setting process to per monitor DPI aware
[2018.01.08-13.49.10:244][  0]LogD3D11RHI: D3D11 adapters:
[2018.01.08-13.49.10:253][  0]LogD3D11RHI:    0. 'Intel(R) HD Graphics 5000' (Feature Level 11_0)
[2018.01.08-13.49.10:253][  0]LogD3D11RHI:       112/0/2048 MB DedicatedVideo/DedicatedSystem/SharedSystem, Outputs:2, VendorId:0x8086
[2018.01.08-13.49.10:257][  0]LogD3D11RHI:    1. 'Microsoft Basic Render Driver' (Feature Level 11_0)
[2018.01.08-13.49.10:257][  0]LogD3D11RHI:       0/0/4048 MB DedicatedVideo/DedicatedSystem/SharedSystem, Outputs:0, VendorId:0x1414
[2018.01.08-13.49.10:257][  0]LogD3D11RHI: Chosen D3D11 Adapter: 0
[2018.01.08-13.49.10:266][  0]LogD3D11RHI: Creating new Direct3DDevice
[2018.01.08-13.49.10:266][  0]LogD3D11RHI:     GPU DeviceId: 0xa26 (for the marketing name, search the web for "GPU Device Id")
[2018.01.08-13.49.10:266][  0]LogWindows: EnumDisplayDevices:
[2018.01.08-13.49.10:266][  0]LogWindows:    0. 'Intel(R) HD Graphics 5000' (P:0 D:1)
[2018.01.08-13.49.10:267][  0]LogWindows:    1. 'Intel(R) HD Graphics 5000' (P:1 D:1)
[2018.01.08-13.49.10:267][  0]LogWindows:    2. 'Intel(R) HD Graphics 5000' (P:0 D:0)
[2018.01.08-13.49.10:267][  0]LogWindows: DebugString: GetVideoDriverDetailsInvalid PrimaryIsNotTheChoosenAdapter GetVideoDriverDetailsInvalid PrimaryIsNotTheChoosenAdapter GetVideoDriverDetailsInvalid PrimaryIsNotTheChoosenAdapter FoundDriverCount:0 
[2018.01.08-13.49.10:267][  0]LogD3D11RHI:     Adapter Name: Intel(R) HD Graphics 5000
[2018.01.08-13.49.10:267][  0]LogD3D11RHI:   Driver Version: Unknown (internal:Unknown, unified:Unknown)
[2018.01.08-13.49.10:267][  0]LogD3D11RHI:      Driver Date: Unknown
[2018.01.08-13.49.10:267][  0]LogRHI: Texture pool is 795 MB (70% of 1136 MB)
[2018.01.08-13.49.10:275][  0]LogD3D11RHI: Async texture creation enabled
[2018.01.08-13.49.10:283][  0]LogD3D11RHI: GPU Timing Frequency: 12.500000 (Debug: 2 0)
[2018.01.08-13.49.10:284][  0]LogShaderCompilers: Guid format shader working directory is -43 characters bigger than the processId version (../../../../../../Users/admin/Documents/Unreal Projects/Zombies/ZombileWar/ZombieWarFare/Intermediate/Shaders/WorkingDirectory/14100/).
[2018.01.08-13.49.10:285][  0]LogShaderCompilers: Cleaned the shader compiler working directory 'C:/Users/admin/AppData/Local/Temp/UnrealShaderWorkingDir/F72ED88F4998A0C3C7EF32B2CBE10C09/'.
[2018.01.08-13.49.10:285][  0]LogShaderCompilers: Display: Using Local Shader Compiler.
[2018.01.08-13.49.12:378][  0]LogTemp: Display: Loaded TP AllDesktopTargetPlatform
[2018.01.08-13.49.12:504][  0]LogTemp: Display: Loaded TP MacClientTargetPlatform
[2018.01.08-13.49.12:627][  0]LogTemp: Display: Loaded TP MacNoEditorTargetPlatform
[2018.01.08-13.49.12:778][  0]LogTemp: Display: Loaded TP MacServerTargetPlatform
[2018.01.08-13.49.12:926][  0]LogTemp: Display: Loaded TP MacTargetPlatform
[2018.01.08-13.49.13:063][  0]LogTemp: Display: Loaded TP WindowsClientTargetPlatform
[2018.01.08-13.49.13:176][  0]LogTemp: Display: Loaded TP WindowsNoEditorTargetPlatform
[2018.01.08-13.49.13:289][  0]LogTemp: Display: Loaded TP WindowsServerTargetPlatform
[2018.01.08-13.49.13:425][  0]LogTemp: Display: Loaded TP WindowsTargetPlatform
[2018.01.08-13.49.13:549][  0]LogTemp: Display: Loaded TP Android_ASTCTargetPlatform
[2018.01.08-13.49.13:675][  0]LogTemp: Display: Loaded TP Android_ATCTargetPlatform
[2018.01.08-13.49.13:808][  0]LogTemp: Display: Loaded TP Android_DXTTargetPlatform
[2018.01.08-13.49.13:938][  0]LogTemp: Display: Loaded TP Android_ETC1TargetPlatform
[2018.01.08-13.49.14:057][  0]LogTemp: Display: Loaded TP Android_ETC2TargetPlatform
[2018.01.08-13.49.14:331][  0]LogTemp: Display: Loaded TP Android_MultiTargetPlatform
[2018.01.08-13.49.14:332][  0]LogTemp: Display: Loaded TP Android_PVRTCTargetPlatform
[2018.01.08-13.49.14:449][  0]LogTemp: Display: Loaded TP AndroidTargetPlatform
[2018.01.08-13.49.14:549][  0]LogTemp: Display: Loaded TP HTML5TargetPlatform
[2018.01.08-13.49.14:740][  0]LogTemp: Display: Loaded TP IOSTargetPlatform
[2018.01.08-13.49.14:813][  0]LogTemp: Display: Loaded TP TVOSTargetPlatform
[2018.01.08-13.49.14:933][  0]LogTemp: Display: Loaded TP LinuxClientTargetPlatform
[2018.01.08-13.49.15:073][  0]LogTemp: Display: Loaded TP LinuxNoEditorTargetPlatform
[2018.01.08-13.49.15:230][  0]LogTemp: Display: Loaded TP LinuxServerTargetPlatform
[2018.01.08-13.49.15:384][  0]LogTemp: Display: Loaded TP LinuxTargetPlatform
[2018.01.08-13.49.15:384][  0]LogTargetPlatformManager: Display: Building Assets For Windows
[2018.01.08-13.49.16:635][  0]LogDerivedDataCache: Display: Max Cache Size: 512 MB
[2018.01.08-13.49.16:741][  0]LogDerivedDataCache: Loaded boot cache 0.11s 78MB C:/Users/admin/AppData/Local/UnrealEngine/4.18/DerivedDataCache/Boot.ddc.
[2018.01.08-13.49.16:741][  0]LogDerivedDataCache: Display: Loaded Boot cache: C:/Users/admin/AppData/Local/UnrealEngine/4.18/DerivedDataCache/Boot.ddc
[2018.01.08-13.49.16:741][  0]LogDerivedDataCache: FDerivedDataBackendGraph:  Pak pak cache file ../../../../../../Users/admin/Documents/Unreal Projects/Zombies/ZombileWar/ZombieWarFare/DerivedDataCache/DDC.ddp not found, will not use a pak cache.
[2018.01.08-13.49.16:741][  0]LogDerivedDataCache: Unable to find inner node Pak for hierarchical cache Hierarchy.
[2018.01.08-13.49.16:742][  0]LogDerivedDataCache: FDerivedDataBackendGraph:  CompressedPak pak cache file ../../../../../../Users/admin/Documents/Unreal Projects/Zombies/ZombileWar/ZombieWarFare/DerivedDataCache/Compressed.ddp not found, will not use a pak cache.
[2018.01.08-13.49.16:742][  0]LogDerivedDataCache: Unable to find inner node CompressedPak for hierarchical cache Hierarchy.
[2018.01.08-13.49.16:775][  0]LogDerivedDataCache: Display: Pak cache opened for reading ../../../Engine/DerivedDataCache/Compressed.ddp.
[2018.01.08-13.49.16:789][  0]LogDerivedDataCache: Using Local data cache path C:/Users/admin/AppData/Local/UnrealEngine/Common/DerivedDataCache: Writable
[2018.01.08-13.49.16:811][  0]LogMaterial: Verifying Global Shaders for PCD3D_SM5
[2018.01.08-13.49.16:811][  0]LogSlate: Using Freetype 2.6.0
[2018.01.08-13.49.16:812][  0]LogSlate: SlateFontCache - WITH_FREETYPE: 1, WITH_HARFBUZZ: 1
[2018.01.08-13.49.16:813][  0]LogSlate: SlateFontCache - WITH_FREETYPE: 1, WITH_HARFBUZZ: 1
[2018.01.08-13.49.17:623][  0]LogInit: Selected Device Profile: [Windows]
[2018.01.08-13.49.18:385][  0]LogSimplygon: Simplygon DLL not present - disabling.
[2018.01.08-13.49.18:477][  0]LogMeshReduction: Using SimplygonSwarm for distributed automatic mesh merging
[2018.01.08-13.49.18:477][  0]LogMeshReduction: Using QuadricMeshReduction for automatic static mesh reduction
[2018.01.08-13.49.18:477][  0]LogMeshReduction: No automatic skeletal mesh reduction module available
[2018.01.08-13.49.18:477][  0]LogMeshReduction: No automatic mesh merging module available
[2018.01.08-13.49.18:477][  0]LogMeshMerging: No automatic mesh merging module available
[2018.01.08-13.49.18:544][  0]LogNetVersion: ZombieWarFare , NetCL: 3709383, EngineNetVer: 2, GameNetVer: 0 (Checksum: 518889866)
[2018.01.08-13.49.18:883][  0]LogAssetRegistry: FAssetRegistry took 0.0308 seconds to start up
[2018.01.08-13.49.20:022][  0]LogPackageLocalizationCache: Processed 7 localized package path(s) for 2 prioritized culture(s) in 0.140396 seconds
[2018.01.08-13.49.20:031][  0]LogUObjectArray: 35900 objects as part of root set at end of initial load.
[2018.01.08-13.49.20:031][  0]LogUObjectAllocator: 7372016 out of 0 bytes used by permanent object pool.
[2018.01.08-13.49.20:031][  0]LogUObjectArray: CloseDisregardForGC: 0/0 objects in disregard for GC pool
[2018.01.08-13.49.20:153][  0]LogInit: WinSock: version 1.1 (2.2), MaxSocks=32767, MaxUdp=65467
[2018.01.08-13.49.26:483][  0]LogTcpMessaging: Initializing TcpMessaging bridge
[2018.01.08-13.49.26:592][  0]LogUdpMessaging: Initializing bridge on interface 0.0.0.0:0 to multicast group 230.0.0.1:6666.
[2018.01.08-13.49.28:419][  0]LogMaterial: Uniform references updated for custom material expression Custom.
[2018.01.08-13.49.29:451][  0]SourceControl: Source control is disabled
[2018.01.08-13.49.29:451][  0]SourceControl: Source control is disabled
[2018.01.08-13.49.29:564][  0]SourceControl: Source control is disabled
[2018.01.08-13.49.29:677][  0]SourceControl: Source control is disabled
[2018.01.08-13.49.31:579][  0]LogAndroidPermission: UAndroidPermissionCallbackProxy::GetInstance
[2018.01.08-13.49.32:176][  0]LogOcInput: OculusInput pre-init called
[2018.01.08-13.49.32:788][  0]LogEngine: Initializing Engine...
[2018.01.08-13.49.32:793][  0]LogHMD: Failed to initialize OpenVR with code 110
[2018.01.08-13.49.33:113][  0]LogStats: UGameplayTagsManager::ConstructGameplayTagTree: Construct from data asset -  0.000 s
[2018.01.08-13.49.33:114][  0]LogStats: UGameplayTagsManager::ConstructGameplayTagTree: GameplayTagTreeChangedEvent.Broadcast -  0.000 s
[2018.01.08-13.49.33:445][  0]LogAIModule: Creating AISystem for world Untitled
[2018.01.08-13.49.33:466][  0]LogInit: XAudio2 using 'Headphones (Realtek High Definition Audio)' : 2 channels at 48 kHz using 32 bits per sample (channel mask 0x3)
[2018.01.08-13.49.33:500][  0]LogInit: FAudioDevice initialized.
[2018.01.08-13.49.33:685][  0]LogDerivedDataCache: Saved boot cache 0.18s 78MB C:/Users/admin/AppData/Local/UnrealEngine/4.18/DerivedDataCache/Boot.ddc.
[2018.01.08-13.49.33:701][  0]LogInit: Texture streaming: Enabled
[2018.01.08-13.49.33:926][  0]LogEngineSessionManager: EngineSessionManager initialized
[2018.01.08-13.49.34:196][  0]LogInit: Transaction tracking system initialized
[2018.01.08-13.49.34:896][  0]BlueprintLog: New page: Editor Load
[2018.01.08-13.49.37:038][  0]LocalizationService: Localization service is disabled
[2018.01.08-13.49.39:358][  0]LogConsoleResponse: Display: 
[2018.01.08-13.49.39:685][  0]LogCook: Display: Max memory allowance for cook 16384mb min free memory 0mb
[2018.01.08-13.49.39:685][  0]LogCook: Display: Mobile HDR setting 1
[2018.01.08-13.49.39:685][  0]LogGameplayTags: Display: UGameplayTagsManager::DoneAddingNativeTags. DelegateIsBound: 0
[2018.01.08-13.49.40:879][  0]LogFileCache: Scanning file cache for directory 'C:/Users/admin/Documents/Unreal Projects/Zombies/ZombileWar/ZombieWarFare/Content/' took 0.02s
[2018.01.08-13.49.42:024][  0]SourceControl: Source control is disabled
[2018.01.08-13.49.42:024][  0]Cmd: MAP LOAD FILE="../../../../../../Users/admin/Documents/Unreal Projects/Zombies/ZombileWar/ZombieWarFare/Content/ThirdPersonBP/Maps/ThirdPersonExampleMap.umap" TEMPLATE=0 SHOWPROGRESS=1 FEATURELEVEL=3
[2018.01.08-13.49.42:024][  0]LightingResults: New page: Lighting Build
[2018.01.08-13.49.42:093][  0]MapCheck: New page: Map Check
[2018.01.08-13.49.42:093][  0]LightingResults: New page: Lighting Build
[2018.01.08-13.49.42:988][  0]LogTexture: Display: Building textures: RedVignette (AutoDXT, 960X540)
[2018.01.08-13.49.43:801][  0]LogAIModule: Creating AISystem for world ThirdPersonExampleMap
[2018.01.08-13.49.43:847][  0]LogEditorServer: Finished looking for orphan Actors (0.000 secs)
[2018.01.08-13.49.43:883][  0]Cmd: MAP CHECKDEP NOCLEARLOG
[2018.01.08-13.49.43:991][  0]MapCheck: Map check complete: 0 Error(s), 0 Warning(s), took 107.418ms to complete.
[2018.01.08-13.49.43:991][  0]LogFileHelpers: Loading map 'ThirdPersonExampleMap' took 1.968
[2018.01.08-13.49.44:346][  0]LogCollectionManager: Loaded 0 collections in 0.002347 seconds
[2018.01.08-13.49.44:483][  0]LogFileCache: Scanning file cache for directory 'C:/Users/admin/Documents/Unreal Projects/Zombies/ZombileWar/ZombieWarFare/Saved/Collections/' took 0.01s
[2018.01.08-13.49.44:483][  0]LogFileCache: Scanning file cache for directory 'C:/Users/admin/Documents/Unreal Projects/Zombies/ZombileWar/ZombieWarFare/Content/Developers/admin/Collections/' took 0.01s
[2018.01.08-13.49.44:484][  0]LogFileCache: Scanning file cache for directory 'C:/Users/admin/Documents/Unreal Projects/Zombies/ZombileWar/ZombieWarFare/Content/Collections/' took 0.01s
[2018.01.08-13.49.44:484][  0]LogCollectionManager: Rebuilt the GUID cache for 0 collections in 0.000000 seconds
[2018.01.08-13.49.44:497][  0]LogContentBrowser: Native class hierarchy populated in 0.0112 seconds. Added 2363 classes and 519 folders.
[2018.01.08-13.49.44:616][  0]LogContentBrowser: Native class hierarchy updated for 'WidgetCarousel' in 0.0003 seconds. Added 0 classes and 0 folders.
[2018.01.08-13.49.44:891][  0]LogContentBrowser: Native class hierarchy updated for 'AddContentDialog' in 0.0003 seconds. Added 0 classes and 0 folders.
[2018.01.08-13.49.44:979][  0]LogContentBrowser: Native class hierarchy updated for 'SceneOutliner' in 0.0005 seconds. Added 1 classes and 2 folders.
[2018.01.08-13.49.45:348][  0]LogContentBrowser: Native class hierarchy updated for 'HierarchicalLODOutliner' in 0.0004 seconds. Added 1 classes and 2 folders.
[2018.01.08-13.49.45:348][  0]LogLoad: (Engine Initialization) Total time: 44.33 seconds
[2018.01.08-13.49.45:348][  0]LogLoad: (Engine Initialization) Total Blueprint compile time: 0.00 seconds
[2018.01.08-13.49.45:348][  0]LogExternalProfiler: No external profilers were discovered.  External profiling features will not be available.
[2018.01.08-13.49.45:750][  0]LogContentStreaming: Texture pool size now 400 MB
[2018.01.08-13.49.45:769][  0]LogSlate: Took 0.002175 seconds to synchronously load lazily loaded font '../../../Engine/Content/Slate/Fonts/Roboto-Regular.ttf' (155K)
[2018.01.08-13.49.45:780][  0]LogSlate: Took 0.000824 seconds to synchronously load lazily loaded font '../../../Engine/Content/Slate/Fonts/Roboto-Bold.ttf' (160K)
[2018.01.08-13.49.45:795][  0]LogSlate: Took 0.002210 seconds to synchronously load lazily loaded font '../../../Engine/Content/Editor/Slate/Fonts/FontAwesome.ttf' (139K)
[2018.01.08-13.49.45:950][  0]LogSlate: Took 0.001655 seconds to synchronously load lazily loaded font '../../../Engine/Content/Slate/Fonts/Roboto-Light.ttf' (159K)
[2018.01.08-13.49.46:027][  1]LogRenderer: Reallocating scene render targets to support 1064x264 Format 9 NumSamples 1 (Frame:1).
[2018.01.08-13.49.48:567][  3]LogAssetRegistry: Asset discovery search completed in 29.7060 seconds
[2018.01.08-13.49.48:570][  3]LogCollectionManager: Rebuilt the object cache for 0 collections in 0.000000 seconds (found 0 objects)
[2018.01.08-13.49.48:570][  3]LogCollectionManager: Fixed up redirectors for 0 collections in 0.000081 seconds (updated 0 objects)
[2018.01.08-13.49.48:657][  3]LogSlate: Took 0.002085 seconds to synchronously load lazily loaded font '../../../Engine/Content/Slate/Fonts/Roboto-Light.ttf' (159K)
[2018.01.08-13.49.58:491][282]LogTemp: Repeating last play command: Selected Viewport
[2018.01.08-13.49.58:623][282]LogBlueprintUserMessages: Early PlayInEditor Detection: Level '/Game/ThirdPersonBP/Maps/ThirdPersonExampleMap.ThirdPersonExampleMap:PersistentLevel' has LevelScriptBlueprint '/Game/ThirdPersonBP/Maps/ThirdPersonExampleMap.ThirdPersonExampleMap:PersistentLevel.ThirdPersonExampleMap' with GeneratedClass '/Game/ThirdPersonBP/Maps/ThirdPersonExampleMap.ThirdPersonExampleMap_C' with ClassGeneratedBy '/Game/ThirdPersonBP/Maps/ThirdPersonExampleMap.ThirdPersonExampleMap:PersistentLevel.ThirdPersonExampleMap'
[2018.01.08-13.49.58:624][282]LogPlayLevel: PlayLevel: No blueprints needed recompiling
[2018.01.08-13.49.58:640][282]PIE: New page: PIE session: ThirdPersonExampleMap (Jan 8, 2018, 5:49:58 PM)
[2018.01.08-13.49.58:641][282]LogPlayLevel: Creating play world package: /Game/ThirdPersonBP/Maps/UEDPIE_0_ThirdPersonExampleMap
[2018.01.08-13.49.58:714][282]LogPlayLevel: PIE: StaticDuplicateObject took: (0.072354s)
[2018.01.08-13.49.58:716][282]LogAIModule: Creating AISystem for world ThirdPersonExampleMap
[2018.01.08-13.49.58:718][282]LogPlayLevel: PIE: World Init took: (0.003736s)
[2018.01.08-13.49.58:719][282]LogPlayLevel: PIE: Created PIE world by copying editor world from /Game/ThirdPersonBP/Maps/ThirdPersonExampleMap.ThirdPersonExampleMap to /Game/ThirdPersonBP/Maps/UEDPIE_0_ThirdPersonExampleMap.ThirdPersonExampleMap (0.077069s)
[2018.01.08-13.49.58:747][282]LogInit: XAudio2 using 'Headphones (Realtek High Definition Audio)' : 2 channels at 48 kHz using 32 bits per sample (channel mask 0x3)
[2018.01.08-13.49.58:766][282]LogInit: FAudioDevice initialized.
[2018.01.08-13.49.58:847][282]LogLoad: Game class is 'ThirdPersonGameMode_C'
[2018.01.08-13.49.58:866][282]LogWorld: Bringing World /Game/ThirdPersonBP/Maps/UEDPIE_0_ThirdPersonExampleMap.ThirdPersonExampleMap up for play (max tick rate 60) at 2018.01.08-15.49.58
[2018.01.08-13.49.58:882][282]LogWorld: Bringing up level for play took: 0.023827
[2018.01.08-13.49.59:078][282]LogContentBrowser: Native class hierarchy updated for 'MovieSceneCapture' in 0.0026 seconds. Added 11 classes and 0 folders.
[2018.01.08-13.49.59:091][282]PIE: Play in editor start time for /Game/ThirdPersonBP/Maps/UEDPIE_0_ThirdPersonExampleMap 1.182
[2018.01.08-13.49.59:094][282]LogBlueprintUserMessages: Late PlayInEditor Detection: Level '/Game/ThirdPersonBP/Maps/ThirdPersonExampleMap.ThirdPersonExampleMap:PersistentLevel' has LevelScriptBlueprint '/Game/ThirdPersonBP/Maps/ThirdPersonExampleMap.ThirdPersonExampleMap:PersistentLevel.ThirdPersonExampleMap' with GeneratedClass '/Game/ThirdPersonBP/Maps/ThirdPersonExampleMap.ThirdPersonExampleMap_C' with ClassGeneratedBy '/Game/ThirdPersonBP/Maps/ThirdPersonExampleMap.ThirdPersonExampleMap:PersistentLevel.ThirdPersonExampleMap'
[2018.01.08-13.50.03:322][488]LogBlueprintUserMessages: Early EndPlayMap Detection: Level '/Game/ThirdPersonBP/Maps/ThirdPersonExampleMap.ThirdPersonExampleMap:PersistentLevel' has LevelScriptBlueprint '/Game/ThirdPersonBP/Maps/ThirdPersonExampleMap.ThirdPersonExampleMap:PersistentLevel.ThirdPersonExampleMap' with GeneratedClass '/Game/ThirdPersonBP/Maps/ThirdPersonExampleMap.ThirdPersonExampleMap_C' with ClassGeneratedBy '/Game/ThirdPersonBP/Maps/ThirdPersonExampleMap.ThirdPersonExampleMap:PersistentLevel.ThirdPersonExampleMap'
[2018.01.08-13.50.03:372][488]LogBlueprintUserMessages: Late EndPlayMap Detection: Level '/Game/ThirdPersonBP/Maps/ThirdPersonExampleMap.ThirdPersonExampleMap:PersistentLevel' has LevelScriptBlueprint '/Game/ThirdPersonBP/Maps/ThirdPersonExampleMap.ThirdPersonExampleMap:PersistentLevel.ThirdPersonExampleMap' with GeneratedClass '/Game/ThirdPersonBP/Maps/ThirdPersonExampleMap.ThirdPersonExampleMap_C' with ClassGeneratedBy '/Game/ThirdPersonBP/Maps/ThirdPersonExampleMap.ThirdPersonExampleMap:PersistentLevel.ThirdPersonExampleMap'
[2018.01.08-13.51.56:307][895]LogTemp: Repeating last play command: Selected Viewport
[2018.01.08-13.51.56:347][895]LogBlueprintUserMessages: Early PlayInEditor Detection: Level '/Game/ThirdPersonBP/Maps/ThirdPersonExampleMap.ThirdPersonExampleMap:PersistentLevel' has LevelScriptBlueprint '/Game/ThirdPersonBP/Maps/ThirdPersonExampleMap.ThirdPersonExampleMap:PersistentLevel.ThirdPersonExampleMap' with GeneratedClass '/Game/ThirdPersonBP/Maps/ThirdPersonExampleMap.ThirdPersonExampleMap_C' with ClassGeneratedBy '/Game/ThirdPersonBP/Maps/ThirdPersonExampleMap.ThirdPersonExampleMap:PersistentLevel.ThirdPersonExampleMap'
[2018.01.08-13.51.56:348][895]LogPlayLevel: PlayLevel: No blueprints needed recompiling
[2018.01.08-13.51.56:348][895]PIE: New page: PIE session: ThirdPersonExampleMap (Jan 8, 2018, 5:51:56 PM)
[2018.01.08-13.51.56:348][895]LogPlayLevel: Creating play world package: /Game/ThirdPersonBP/Maps/UEDPIE_0_ThirdPersonExampleMap
[2018.01.08-13.51.56:384][895]LogPlayLevel: PIE: StaticDuplicateObject took: (0.035870s)
[2018.01.08-13.51.56:385][895]LogAIModule: Creating AISystem for world ThirdPersonExampleMap
[2018.01.08-13.51.56:385][895]LogPlayLevel: PIE: World Init took: (0.001347s)
[2018.01.08-13.51.56:387][895]LogPlayLevel: PIE: Created PIE world by copying editor world from /Game/ThirdPersonBP/Maps/ThirdPersonExampleMap.ThirdPersonExampleMap to /Game/ThirdPersonBP/Maps/UEDPIE_0_ThirdPersonExampleMap.ThirdPersonExampleMap (0.038753s)
[2018.01.08-13.51.56:421][895]LogInit: XAudio2 using 'Headphones (Realtek High Definition Audio)' : 2 channels at 48 kHz using 32 bits per sample (channel mask 0x3)
[2018.01.08-13.51.56:438][895]LogInit: FAudioDevice initialized.
[2018.01.08-13.51.56:475][895]LogLoad: Game class is 'ThirdPersonGameMode_C'
[2018.01.08-13.51.56:480][895]LogWorld: Bringing World /Game/ThirdPersonBP/Maps/UEDPIE_0_ThirdPersonExampleMap.ThirdPersonExampleMap up for play (max tick rate 0) at 2018.01.08-15.51.56
[2018.01.08-13.51.56:481][895]LogWorld: Bringing up level for play took: 0.005137
[2018.01.08-13.51.56:482][895]PIE: Play in editor start time for /Game/ThirdPersonBP/Maps/UEDPIE_0_ThirdPersonExampleMap 0.575
[2018.01.08-13.51.56:483][895]LogBlueprintUserMessages: Late PlayInEditor Detection: Level '/Game/ThirdPersonBP/Maps/ThirdPersonExampleMap.ThirdPersonExampleMap:PersistentLevel' has LevelScriptBlueprint '/Game/ThirdPersonBP/Maps/ThirdPersonExampleMap.ThirdPersonExampleMap:PersistentLevel.ThirdPersonExampleMap' with GeneratedClass '/Game/ThirdPersonBP/Maps/ThirdPersonExampleMap.ThirdPersonExampleMap_C' with ClassGeneratedBy '/Game/ThirdPersonBP/Maps/ThirdPersonExampleMap.ThirdPersonExampleMap:PersistentLevel.ThirdPersonExampleMap'
[2018.01.08-13.51.59:591][ 68]LogBlueprintUserMessages: Early EndPlayMap Detection: Level '/Game/ThirdPersonBP/Maps/ThirdPersonExampleMap.ThirdPersonExampleMap:PersistentLevel' has LevelScriptBlueprint '/Game/ThirdPersonBP/Maps/ThirdPersonExampleMap.ThirdPersonExampleMap:PersistentLevel.ThirdPersonExampleMap' with GeneratedClass '/Game/ThirdPersonBP/Maps/ThirdPersonExampleMap.ThirdPersonExampleMap_C' with ClassGeneratedBy '/Game/ThirdPersonBP/Maps/ThirdPersonExampleMap.ThirdPersonExampleMap:PersistentLevel.ThirdPersonExampleMap'
[2018.01.08-13.51.59:632][ 68]LogBlueprintUserMessages: Late EndPlayMap Detection: Level '/Game/ThirdPersonBP/Maps/ThirdPersonExampleMap.ThirdPersonExampleMap:PersistentLevel' has LevelScriptBlueprint '/Game/ThirdPersonBP/Maps/ThirdPersonExampleMap.ThirdPersonExampleMap:PersistentLevel.ThirdPersonExampleMap' with GeneratedClass '/Game/ThirdPersonBP/Maps/ThirdPersonExampleMap.ThirdPersonExampleMap_C' with ClassGeneratedBy '/Game/ThirdPersonBP/Maps/ThirdPersonExampleMap.ThirdPersonExampleMap:PersistentLevel.ThirdPersonExampleMap'
[2018.01.08-13.52.50:895][326]LogTemp: Repeating last play command: Selected Viewport
[2018.01.08-13.52.50:930][326]LogBlueprintUserMessages: Early PlayInEditor Detection: Level '/Game/ThirdPersonBP/Maps/ThirdPersonExampleMap.ThirdPersonExampleMap:PersistentLevel' has LevelScriptBlueprint '/Game/ThirdPersonBP/Maps/ThirdPersonExampleMap.ThirdPersonExampleMap:PersistentLevel.ThirdPersonExampleMap' with GeneratedClass '/Game/ThirdPersonBP/Maps/ThirdPersonExampleMap.ThirdPersonExampleMap_C' with ClassGeneratedBy '/Game/ThirdPersonBP/Maps/ThirdPersonExampleMap.ThirdPersonExampleMap:PersistentLevel.ThirdPersonExampleMap'
[2018.01.08-13.52.50:931][326]LogPlayLevel: PlayLevel: No blueprints needed recompiling
[2018.01.08-13.52.50:931][326]PIE: New page: PIE session: ThirdPersonExampleMap (Jan 8, 2018, 5:52:50 PM)
[2018.01.08-13.52.50:931][326]LogPlayLevel: Creating play world package: /Game/ThirdPersonBP/Maps/UEDPIE_0_ThirdPersonExampleMap
[2018.01.08-13.52.50:962][326]LogPlayLevel: PIE: StaticDuplicateObject took: (0.029874s)
[2018.01.08-13.52.50:963][326]LogAIModule: Creating AISystem for world ThirdPersonExampleMap
[2018.01.08-13.52.50:963][326]LogPlayLevel: PIE: World Init took: (0.001369s)
[2018.01.08-13.52.50:964][326]LogPlayLevel: PIE: Created PIE world by copying editor world from /Game/ThirdPersonBP/Maps/ThirdPersonExampleMap.ThirdPersonExampleMap to /Game/ThirdPersonBP/Maps/UEDPIE_0_ThirdPersonExampleMap.ThirdPersonExampleMap (0.031821s)
[2018.01.08-13.52.51:002][326]LogInit: XAudio2 using 'Headphones (Realtek High Definition Audio)' : 2 channels at 48 kHz using 32 bits per sample (channel mask 0x3)
[2018.01.08-13.52.51:025][326]LogInit: FAudioDevice initialized.
[2018.01.08-13.52.51:063][326]LogLoad: Game class is 'ThirdPersonGameMode_C'
[2018.01.08-13.52.51:066][326]LogWorld: Bringing World /Game/ThirdPersonBP/Maps/UEDPIE_0_ThirdPersonExampleMap.ThirdPersonExampleMap up for play (max tick rate 60) at 2018.01.08-15.52.51
[2018.01.08-13.52.51:067][326]LogWorld: Bringing up level for play took: 0.003333
[2018.01.08-13.52.51:069][326]PIE: Play in editor start time for /Game/ThirdPersonBP/Maps/UEDPIE_0_ThirdPersonExampleMap -0.839
[2018.01.08-13.52.51:069][326]LogBlueprintUserMessages: Late PlayInEditor Detection: Level '/Game/ThirdPersonBP/Maps/ThirdPersonExampleMap.ThirdPersonExampleMap:PersistentLevel' has LevelScriptBlueprint '/Game/ThirdPersonBP/Maps/ThirdPersonExampleMap.ThirdPersonExampleMap:PersistentLevel.ThirdPersonExampleMap' with GeneratedClass '/Game/ThirdPersonBP/Maps/ThirdPersonExampleMap.ThirdPersonExampleMap_C' with ClassGeneratedBy '/Game/ThirdPersonBP/Maps/ThirdPersonExampleMap.ThirdPersonExampleMap:PersistentLevel.ThirdPersonExampleMap'
[2018.01.08-13.53.24:911][249]LogBlueprintUserMessages: Early EndPlayMap Detection: Level '/Game/ThirdPersonBP/Maps/ThirdPersonExampleMap.ThirdPersonExampleMap:PersistentLevel' has LevelScriptBlueprint '/Game/ThirdPersonBP/Maps/ThirdPersonExampleMap.ThirdPersonExampleMap:PersistentLevel.ThirdPersonExampleMap' with GeneratedClass '/Game/ThirdPersonBP/Maps/ThirdPersonExampleMap.ThirdPersonExampleMap_C' with ClassGeneratedBy '/Game/ThirdPersonBP/Maps/ThirdPersonExampleMap.ThirdPersonExampleMap:PersistentLevel.ThirdPersonExampleMap'
[2018.01.08-13.53.24:961][249]LogBlueprintUserMessages: Late EndPlayMap Detection: Level '/Game/ThirdPersonBP/Maps/ThirdPersonExampleMap.ThirdPersonExampleMap:PersistentLevel' has LevelScriptBlueprint '/Game/ThirdPersonBP/Maps/ThirdPersonExampleMap.ThirdPersonExampleMap:PersistentLevel.ThirdPersonExampleMap' with GeneratedClass '/Game/ThirdPersonBP/Maps/ThirdPersonExampleMap.ThirdPersonExampleMap_C' with ClassGeneratedBy '/Game/ThirdPersonBP/Maps/ThirdPersonExampleMap.ThirdPersonExampleMap:PersistentLevel.ThirdPersonExampleMap'
[2018.01.08-13.53.32:558][568]LogRenderer: Reallocating scene render targets to support 1064x276 Format 9 NumSamples 1 (Frame:809).
[2018.01.08-13.53.32:632][569]LogRenderer: Reallocating scene render targets to support 1064x340 Format 9 NumSamples 1 (Frame:811).
[2018.01.08-13.53.32:721][570]LogRenderer: Reallocating scene render targets to support 1064x412 Format 9 NumSamples 1 (Frame:813).
[2018.01.08-13.53.32:809][571]LogRenderer: Reallocating scene render targets to support 1064x476 Format 9 NumSamples 1 (Frame:815).
[2018.01.08-13.53.32:890][572]LogRenderer: Reallocating scene render targets to support 1064x488 Format 9 NumSamples 1 (Frame:817).
[2018.01.08-13.53.32:972][573]LogRenderer: Reallocating scene render targets to support 1064x496 Format 9 NumSamples 1 (Frame:819).
[2018.01.08-13.53.33:152][575]LogRenderer: Reallocating scene render targets to support 1064x500 Format 9 NumSamples 1 (Frame:823).
[2018.01.08-13.53.33:311][578]LogRenderer: Reallocating scene render targets to support 1064x512 Format 9 NumSamples 1 (Frame:828).
[2018.01.08-13.53.59:419][978]LogSlate: Took 0.000314 seconds to synchronously load lazily loaded font '../../../Engine/Content/Slate/Fonts/Roboto-Light.ttf' (159K)
[2018.01.08-13.53.59:669][978]LogContentBrowser: Native class hierarchy updated for 'SkeletonEditor' in 0.0005 seconds. Added 1 classes and 2 folders.
[2018.01.08-13.54.00:052][978]LogActorComponent: RegisterComponentWithWorld: (/Engine/Transient.World_2:PersistentLevel.Actor_0.DebugSkelMeshComponent_0) Already registered. Aborting.
[2018.01.08-13.54.00:599][978]LogContentBrowser: Native class hierarchy updated for 'BlueprintGraph' in 0.0009 seconds. Added 116 classes and 0 folders.
[2018.01.08-13.54.01:545][978]LogSkeletalMesh: USkeletalMeshComponent::InitArticulated : Bodies already created (/Engine/Transient.World_2:PersistentLevel.Actor_0.DebugSkelMeshComponent_0) - call TermArticulated first.
[2018.01.08-13.54.05:932][160]LogSlate: Took 0.001975 seconds to synchronously load lazily loaded font '../../../Engine/Content/Editor/Slate/Fonts/Roboto-BoldCondensed.ttf' (158K)
[2018.01.08-13.54.06:016][160]LogContentBrowser: Native class hierarchy updated for 'ClothingSystemEditorInterface' in 0.0003 seconds. Added 1 classes and 0 folders.
[2018.01.08-13.54.06:083][160]LogContentBrowser: Verbose: The majority of assets in the view are of type: AnimSequence
[2018.01.08-13.54.08:722][269]LogTemp: Repeating last play command: Selected Viewport
[2018.01.08-13.54.08:763][269]LogBlueprintUserMessages: Early PlayInEditor Detection: Level '/Game/ThirdPersonBP/Maps/ThirdPersonExampleMap.ThirdPersonExampleMap:PersistentLevel' has LevelScriptBlueprint '/Game/ThirdPersonBP/Maps/ThirdPersonExampleMap.ThirdPersonExampleMap:PersistentLevel.ThirdPersonExampleMap' with GeneratedClass '/Game/ThirdPersonBP/Maps/ThirdPersonExampleMap.ThirdPersonExampleMap_C' with ClassGeneratedBy '/Game/ThirdPersonBP/Maps/ThirdPersonExampleMap.ThirdPersonExampleMap:PersistentLevel.ThirdPersonExampleMap'
[2018.01.08-13.54.08:764][269]LogPlayLevel: PlayLevel: No blueprints needed recompiling
[2018.01.08-13.54.08:764][269]PIE: New page: PIE session: ThirdPersonExampleMap (Jan 8, 2018, 5:54:08 PM)
[2018.01.08-13.54.08:765][269]LogPlayLevel: Creating play world package: /Game/ThirdPersonBP/Maps/UEDPIE_0_ThirdPersonExampleMap
[2018.01.08-13.54.08:808][269]LogPlayLevel: PIE: StaticDuplicateObject took: (0.043327s)
[2018.01.08-13.54.08:809][269]LogAIModule: Creating AISystem for world ThirdPersonExampleMap
[2018.01.08-13.54.08:810][269]LogPlayLevel: PIE: World Init took: (0.001565s)
[2018.01.08-13.54.08:810][269]LogPlayLevel: PIE: Created PIE world by copying editor world from /Game/ThirdPersonBP/Maps/ThirdPersonExampleMap.ThirdPersonExampleMap to /Game/ThirdPersonBP/Maps/UEDPIE_0_ThirdPersonExampleMap.ThirdPersonExampleMap (0.045466s)
[2018.01.08-13.54.08:858][269]LogInit: XAudio2 using 'Headphones (Realtek High Definition Audio)' : 2 channels at 48 kHz using 32 bits per sample (channel mask 0x3)
[2018.01.08-13.54.08:875][269]LogInit: FAudioDevice initialized.
[2018.01.08-13.54.08:909][269]LogLoad: Game class is 'ThirdPersonGameMode_C'
[2018.01.08-13.54.08:914][269]LogWorld: Bringing World /Game/ThirdPersonBP/Maps/UEDPIE_0_ThirdPersonExampleMap.ThirdPersonExampleMap up for play (max tick rate 60) at 2018.01.08-15.54.08
[2018.01.08-13.54.08:915][269]LogWorld: Bringing up level for play took: 0.004943
[2018.01.08-13.54.08:917][269]PIE: Play in editor start time for /Game/ThirdPersonBP/Maps/UEDPIE_0_ThirdPersonExampleMap 1.009
[2018.01.08-13.54.08:917][269]LogBlueprintUserMessages: Late PlayInEditor Detection: Level '/Game/ThirdPersonBP/Maps/ThirdPersonExampleMap.ThirdPersonExampleMap:PersistentLevel' has LevelScriptBlueprint '/Game/ThirdPersonBP/Maps/ThirdPersonExampleMap.ThirdPersonExampleMap:PersistentLevel.ThirdPersonExampleMap' with GeneratedClass '/Game/ThirdPersonBP/Maps/ThirdPersonExampleMap.ThirdPersonExampleMap_C' with ClassGeneratedBy '/Game/ThirdPersonBP/Maps/ThirdPersonExampleMap.ThirdPersonExampleMap:PersistentLevel.ThirdPersonExampleMap'
[2018.01.08-13.54.42:834][840]LogBlueprintUserMessages: Early EndPlayMap Detection: Level '/Game/ThirdPersonBP/Maps/ThirdPersonExampleMap.ThirdPersonExampleMap:PersistentLevel' has LevelScriptBlueprint '/Game/ThirdPersonBP/Maps/ThirdPersonExampleMap.ThirdPersonExampleMap:PersistentLevel.ThirdPersonExampleMap' with GeneratedClass '/Game/ThirdPersonBP/Maps/ThirdPersonExampleMap.ThirdPersonExampleMap_C' with ClassGeneratedBy '/Game/ThirdPersonBP/Maps/ThirdPersonExampleMap.ThirdPersonExampleMap:PersistentLevel.ThirdPersonExampleMap'
[2018.01.08-13.54.42:883][840]LogBlueprintUserMessages: Late EndPlayMap Detection: Level '/Game/ThirdPersonBP/Maps/ThirdPersonExampleMap.ThirdPersonExampleMap:PersistentLevel' has LevelScriptBlueprint '/Game/ThirdPersonBP/Maps/ThirdPersonExampleMap.ThirdPersonExampleMap:PersistentLevel.ThirdPersonExampleMap' with GeneratedClass '/Game/ThirdPersonBP/Maps/ThirdPersonExampleMap.ThirdPersonExampleMap_C' with ClassGeneratedBy '/Game/ThirdPersonBP/Maps/ThirdPersonExampleMap.ThirdPersonExampleMap:PersistentLevel.ThirdPersonExampleMap'
[2018.01.08-14.01.48:323][142]LogWindowsTextInputMethodSystem: Display: IME system now deactivated.
[2018.01.08-14.01.48:324][142]LogWindowsTextInputMethodSystem: Display: IME system now deactivated.
[2018.01.08-14.01.50:084][201]LogTemp: Repeating last play command: Selected Viewport
[2018.01.08-14.01.50:188][201]LogBlueprintUserMessages: Early PlayInEditor Detection: Level '/Game/ThirdPersonBP/Maps/ThirdPersonExampleMap.ThirdPersonExampleMap:PersistentLevel' has LevelScriptBlueprint '/Game/ThirdPersonBP/Maps/ThirdPersonExampleMap.ThirdPersonExampleMap:PersistentLevel.ThirdPersonExampleMap' with GeneratedClass '/Game/ThirdPersonBP/Maps/ThirdPersonExampleMap.ThirdPersonExampleMap_C' with ClassGeneratedBy '/Game/ThirdPersonBP/Maps/ThirdPersonExampleMap.ThirdPersonExampleMap:PersistentLevel.ThirdPersonExampleMap'
[2018.01.08-14.01.50:188][201]LogPlayLevel: PlayLevel: No blueprints needed recompiling
[2018.01.08-14.01.50:189][201]PIE: New page: PIE session: ThirdPersonExampleMap (Jan 8, 2018, 6:01:50 PM)
[2018.01.08-14.01.50:189][201]LogPlayLevel: Creating play world package: /Game/ThirdPersonBP/Maps/UEDPIE_0_ThirdPersonExampleMap
[2018.01.08-14.01.50:225][201]LogPlayLevel: PIE: StaticDuplicateObject took: (0.036229s)
[2018.01.08-14.01.50:227][201]LogAIModule: Creating AISystem for world ThirdPersonExampleMap
[2018.01.08-14.01.50:228][201]LogPlayLevel: PIE: World Init took: (0.002114s)
[2018.01.08-14.01.50:228][201]LogPlayLevel: PIE: Created PIE world by copying editor world from /Game/ThirdPersonBP/Maps/ThirdPersonExampleMap.ThirdPersonExampleMap to /Game/ThirdPersonBP/Maps/UEDPIE_0_ThirdPersonExampleMap.ThirdPersonExampleMap (0.038962s)
[2018.01.08-14.01.50:277][201]LogInit: XAudio2 using 'Headphones (Realtek High Definition Audio)' : 2 channels at 48 kHz using 32 bits per sample (channel mask 0x3)
[2018.01.08-14.01.50:294][201]LogInit: FAudioDevice initialized.
[2018.01.08-14.01.50:326][201]LogLoad: Game class is 'ThirdPersonGameMode_C'
[2018.01.08-14.01.50:330][201]LogWorld: Bringing World /Game/ThirdPersonBP/Maps/UEDPIE_0_ThirdPersonExampleMap.ThirdPersonExampleMap up for play (max tick rate 60) at 2018.01.08-16.01.50
[2018.01.08-14.01.50:331][201]LogWorld: Bringing up level for play took: 0.003895
[2018.01.08-14.01.50:333][201]PIE: Play in editor start time for /Game/ThirdPersonBP/Maps/UEDPIE_0_ThirdPersonExampleMap 0.425
[2018.01.08-14.01.50:333][201]LogBlueprintUserMessages: Late PlayInEditor Detection: Level '/Game/ThirdPersonBP/Maps/ThirdPersonExampleMap.ThirdPersonExampleMap:PersistentLevel' has LevelScriptBlueprint '/Game/ThirdPersonBP/Maps/ThirdPersonExampleMap.ThirdPersonExampleMap:PersistentLevel.ThirdPersonExampleMap' with GeneratedClass '/Game/ThirdPersonBP/Maps/ThirdPersonExampleMap.ThirdPersonExampleMap_C' with ClassGeneratedBy '/Game/ThirdPersonBP/Maps/ThirdPersonExampleMap.ThirdPersonExampleMap:PersistentLevel.ThirdPersonExampleMap'
[2018.01.08-14.02.19:752][881]LogBlueprintUserMessages: Early EndPlayMap Detection: Level '/Game/ThirdPersonBP/Maps/ThirdPersonExampleMap.ThirdPersonExampleMap:PersistentLevel' has LevelScriptBlueprint '/Game/ThirdPersonBP/Maps/ThirdPersonExampleMap.ThirdPersonExampleMap:PersistentLevel.ThirdPersonExampleMap' with GeneratedClass '/Game/ThirdPersonBP/Maps/ThirdPersonExampleMap.ThirdPersonExampleMap_C' with ClassGeneratedBy '/Game/ThirdPersonBP/Maps/ThirdPersonExampleMap.ThirdPersonExampleMap:PersistentLevel.ThirdPersonExampleMap'
[2018.01.08-14.02.19:798][881]LogBlueprintUserMessages: Late EndPlayMap Detection: Level '/Game/ThirdPersonBP/Maps/ThirdPersonExampleMap.ThirdPersonExampleMap:PersistentLevel' has LevelScriptBlueprint '/Game/ThirdPersonBP/Maps/ThirdPersonExampleMap.ThirdPersonExampleMap:PersistentLevel.ThirdPersonExampleMap' with GeneratedClass '/Game/ThirdPersonBP/Maps/ThirdPersonExampleMap.ThirdPersonExampleMap_C' with ClassGeneratedBy '/Game/ThirdPersonBP/Maps/ThirdPersonExampleMap.ThirdPersonExampleMap:PersistentLevel.ThirdPersonExampleMap'
