Log file open, 01/07/18 18:05:08
LogWindows: Failed to load 'aqProf.dll' (GetLastError=126)
LogWindows: File 'aqProf.dll' does not exist
LogWindows: Failed to load 'VtuneApi.dll' (GetLastError=126)
LogWindows: File 'VtuneApi.dll' does not exist
LogWindows: Failed to load 'VtuneApi32e.dll' (GetLastError=126)
LogWindows: File 'VtuneApi32e.dll' does not exist
LogInit: Display: Running engine for game: ZombieWarFare
LogPlatformFile: Not using cached read wrapper
LogInit: Display: RandInit(-1085389336) SRandInit(-1085389336).
LogInit: Read version file with build ID '3709383'
LogInit: Overriding engine version to CL 3709383, compatible CL 3709383
LogInit: Registered custom module enumerator with build ID '3709383'
LogTaskGraph: Started task graph with 5 named threads and 8 total threads with 3 sets of task threads.
LogStats: Stats thread started at 0.319196
LogD3D11RHI: Aftermath initialized
LogModuleManager: Display: Found up-to-date module file ../../../Engine/Plugins/2D/Paper2D/Binaries/Win64/UE4Editor-Paper2D.dll (API version 3709383).
LogModuleManager: Display: Found up-to-date module file ../../../Engine/Plugins/2D/Paper2D/Binaries/Win64/UE4Editor-Paper2DEditor.dll (API version 3709383).
LogModuleManager: Display: Found up-to-date module file ../../../Engine/Plugins/2D/Paper2D/Binaries/Win64/UE4Editor-PaperSpriteSheetImporter.dll (API version 3709383).
LogModuleManager: Display: Found up-to-date module file ../../../Engine/Plugins/2D/Paper2D/Binaries/Win64/UE4Editor-PaperTiledImporter.dll (API version 3709383).
LogModuleManager: Display: Found up-to-date module file ../../../Engine/Plugins/2D/Paper2D/Binaries/Win64/UE4Editor-SmartSnapping.dll (API version 3709383).
LogModuleManager: Display: Found up-to-date module file ../../../Engine/Plugins/Blendables/LightPropagationVolume/Binaries/Win64/UE4Editor-LightPropagationVolumeRuntime.dll (API version 3709383).
LogModuleManager: Display: Found up-to-date module file ../../../Engine/Plugins/Blendables/LightPropagationVolume/Binaries/Win64/UE4Editor-LightPropagationVolumeEditor.dll (API version 3709383).
LogModuleManager: Display: Found up-to-date module file ../../../Engine/Plugins/Developer/GitSourceControl/Binaries/Win64/UE4Editor-GitSourceControl.dll (API version 3709383).
LogModuleManager: Display: Found up-to-date module file ../../../Engine/Plugins/Developer/PerforceSourceControl/Binaries/Win64/UE4Editor-PerforceSourceControl.dll (API version 3709383).
LogModuleManager: Display: Found up-to-date module file ../../../Engine/Plugins/Developer/SubversionSourceControl/Binaries/Win64/UE4Editor-SubversionSourceControl.dll (API version 3709383).
LogModuleManager: Display: Found up-to-date module file ../../../Engine/Plugins/Developer/UObjectPlugin/Binaries/Win64/UE4Editor-UObjectPlugin.dll (API version 3709383).
LogModuleManager: Display: Found up-to-date module file ../../../Engine/Plugins/Developer/VisualStudioCodeSourceCodeAccess/Binaries/Win64/UE4Editor-VisualStudioCodeSourceCodeAccess.dll (API version 3709383).
LogModuleManager: Display: Found up-to-date module file ../../../Engine/Plugins/Developer/VisualStudioSourceCodeAccess/Binaries/Win64/UE4Editor-VisualStudioSourceCodeAccess.dll (API version 3709383).
LogModuleManager: Display: Found up-to-date module file ../../../Engine/Plugins/Editor/AssetManagerEditor/Binaries/Win64/UE4Editor-AssetManagerEditor.dll (API version 3709383).
LogModuleManager: Display: Found up-to-date module file ../../../Engine/Plugins/Editor/AudioCapture/Binaries/Win64/UE4Editor-AudioCapture.dll (API version 3709383).
LogModuleManager: Display: Found up-to-date module file ../../../Engine/Plugins/Editor/FacialAnimation/Binaries/Win64/UE4Editor-FacialAnimation.dll (API version 3709383).
LogModuleManager: Display: Found up-to-date module file ../../../Engine/Plugins/Editor/FacialAnimation/Binaries/Win64/UE4Editor-FacialAnimationEditor.dll (API version 3709383).
LogModuleManager: Display: Found up-to-date module file ../../../Engine/Plugins/Editor/GameplayTagsEditor/Binaries/Win64/UE4Editor-GameplayTagsEditor.dll (API version 3709383).
LogModuleManager: Display: Found up-to-date module file ../../../Engine/Plugins/Editor/MobileLauncherProfileWizard/Binaries/Win64/UE4Editor-MobileLauncherProfileWizard.dll (API version 3709383).
LogModuleManager: Display: Found up-to-date module file ../../../Engine/Plugins/Editor/PluginBrowser/Binaries/Win64/UE4Editor-PluginBrowser.dll (API version 3709383).
LogModuleManager: Display: Found up-to-date module file ../../../Engine/Plugins/Editor/SpeedTreeImporter/Binaries/Win64/UE4Editor-SpeedTreeImporter.dll (API version 3709383).
LogModuleManager: Display: Found up-to-date module file ../../../Engine/Plugins/Experimental/AlembicImporter/Binaries/Win64/UE4Editor-AlembicImporter.dll (API version 3709383).
LogModuleManager: Display: Found up-to-date module file ../../../Engine/Plugins/Experimental/AlembicImporter/Binaries/Win64/UE4Editor-AlembicLibrary.dll (API version 3709383).
LogModuleManager: Display: Found up-to-date module file ../../../Engine/Plugins/Experimental/CharacterAI/Binaries/Win64/UE4Editor-CharacterAI.dll (API version 3709383).
LogModuleManager: Display: Found up-to-date module file ../../../Engine/Plugins/Experimental/HTML5Networking/Binaries/Win64/UE4Editor-HTML5Networking.dll (API version 3709383).
LogModuleManager: Display: Found up-to-date module file ../../../Engine/Plugins/Media/AndroidMedia/Binaries/Win64/UE4Editor-AndroidMediaEditor.dll (API version 3709383).
LogModuleManager: Display: Found up-to-date module file ../../../Engine/Plugins/Media/AndroidMedia/Binaries/Win64/UE4Editor-AndroidMediaFactory.dll (API version 3709383).
LogModuleManager: Display: Found up-to-date module file ../../../Engine/Plugins/Media/AvfMedia/Binaries/Win64/UE4Editor-AvfMediaEditor.dll (API version 3709383).
LogModuleManager: Display: Found up-to-date module file ../../../Engine/Plugins/Media/AvfMedia/Binaries/Win64/UE4Editor-AvfMediaFactory.dll (API version 3709383).
LogModuleManager: Display: Found up-to-date module file ../../../Engine/Plugins/Media/AvfMedia/Binaries/Win64/UE4Editor-AvfMediaFactory.dll (API version 3709383).
LogModuleManager: Display: Found up-to-date module file ../../../Engine/Plugins/Media/ImgMedia/Binaries/Win64/UE4Editor-ImgMedia.dll (API version 3709383).
LogModuleManager: Display: Found up-to-date module file ../../../Engine/Plugins/Media/ImgMedia/Binaries/Win64/UE4Editor-ImgMediaEditor.dll (API version 3709383).
LogModuleManager: Display: Found up-to-date module file ../../../Engine/Plugins/Media/ImgMedia/Binaries/Win64/UE4Editor-ImgMediaFactory.dll (API version 3709383).
LogModuleManager: Display: Found up-to-date module file ../../../Engine/Plugins/Media/ImgMedia/Binaries/Win64/UE4Editor-ImgMediaFactory.dll (API version 3709383).
LogModuleManager: Display: Found up-to-date module file ../../../Engine/Plugins/Media/ImgMedia/Binaries/Win64/UE4Editor-OpenExrWrapper.dll (API version 3709383).
LogModuleManager: Display: Found up-to-date module file ../../../Engine/Plugins/Media/MediaCompositing/Binaries/Win64/UE4Editor-MediaCompositing.dll (API version 3709383).
LogModuleManager: Display: Found up-to-date module file ../../../Engine/Plugins/Media/MediaCompositing/Binaries/Win64/UE4Editor-MediaCompositingEditor.dll (API version 3709383).
LogModuleManager: Display: Found up-to-date module file ../../../Engine/Plugins/Media/MediaPlayerEditor/Binaries/Win64/UE4Editor-MediaPlayerEditor.dll (API version 3709383).
LogModuleManager: Display: Found up-to-date module file ../../../Engine/Plugins/Media/WmfMedia/Binaries/Win64/UE4Editor-WmfMedia.dll (API version 3709383).
LogModuleManager: Display: Found up-to-date module file ../../../Engine/Plugins/Media/WmfMedia/Binaries/Win64/UE4Editor-WmfMediaEditor.dll (API version 3709383).
LogModuleManager: Display: Found up-to-date module file ../../../Engine/Plugins/Media/WmfMedia/Binaries/Win64/UE4Editor-WmfMediaFactory.dll (API version 3709383).
LogModuleManager: Display: Found up-to-date module file ../../../Engine/Plugins/Media/WmfMedia/Binaries/Win64/UE4Editor-WmfMediaFactory.dll (API version 3709383).
LogModuleManager: Display: Found up-to-date module file ../../../Engine/Plugins/Messaging/TcpMessaging/Binaries/Win64/UE4Editor-TcpMessaging.dll (API version 3709383).
LogModuleManager: Display: Found up-to-date module file ../../../Engine/Plugins/Messaging/UdpMessaging/Binaries/Win64/UE4Editor-UdpMessaging.dll (API version 3709383).
LogModuleManager: Display: Found up-to-date module file ../../../Engine/Plugins/MovieScene/ActorSequence/Binaries/Win64/UE4Editor-ActorSequence.dll (API version 3709383).
LogModuleManager: Display: Found up-to-date module file ../../../Engine/Plugins/MovieScene/LevelSequenceEditor/Binaries/Win64/UE4Editor-LevelSequenceEditor.dll (API version 3709383).
LogModuleManager: Display: Found up-to-date module file ../../../Engine/Plugins/MovieScene/MatineeToLevelSequence/Binaries/Win64/UE4Editor-MatineeToLevelSequence.dll (API version 3709383).
LogModuleManager: Display: Found up-to-date module file ../../../Engine/Plugins/Online/OnlineSubsystem/Binaries/Win64/UE4Editor-OnlineSubsystem.dll (API version 3709383).
LogModuleManager: Display: Found up-to-date module file ../../../Engine/Plugins/Runtime/AndroidPermission/Binaries/Win64/UE4Editor-AndroidPermission.dll (API version 3709383).
LogModuleManager: Display: Found up-to-date module file ../../../Engine/Plugins/Online/OnlineSubsystemNull/Binaries/Win64/UE4Editor-OnlineSubsystemNull.dll (API version 3709383).
LogModuleManager: Display: Found up-to-date module file ../../../Engine/Plugins/Online/OnlineSubsystemUtils/Binaries/Win64/UE4Editor-OnlineSubsystemUtils.dll (API version 3709383).
LogModuleManager: Display: Found up-to-date module file ../../../Engine/Plugins/Online/OnlineSubsystemUtils/Binaries/Win64/UE4Editor-OnlineBlueprintSupport.dll (API version 3709383).
LogModuleManager: Display: Found up-to-date module file ../../../Engine/Plugins/Runtime/AndroidDeviceProfileSelector/Binaries/Win64/UE4Editor-AndroidDeviceProfileSelector.dll (API version 3709383).
LogModuleManager: Display: Found up-to-date module file ../../../Engine/Plugins/Runtime/AppleARKit/Binaries/Win64/UE4Editor-AppleARKit.dll (API version 3709383).
LogModuleManager: Display: Found up-to-date module file ../../../Engine/Plugins/Runtime/ArchVisCharacter/Binaries/Win64/UE4Editor-ArchVisCharacter.dll (API version 3709383).
LogModuleManager: Display: Found up-to-date module file ../../../Engine/Plugins/Runtime/CableComponent/Binaries/Win64/UE4Editor-CableComponent.dll (API version 3709383).
LogModuleManager: Display: Found up-to-date module file ../../../Engine/Plugins/Runtime/CustomMeshComponent/Binaries/Win64/UE4Editor-CustomMeshComponent.dll (API version 3709383).
LogModuleManager: Display: Found up-to-date module file ../../../Engine/Plugins/Runtime/ExampleDeviceProfileSelector/Binaries/Win64/UE4Editor-ExampleDeviceProfileSelector.dll (API version 3709383).
LogModuleManager: Display: Found up-to-date module file ../../../Engine/Plugins/Runtime/ImmediatePhysics/Binaries/Win64/UE4Editor-ImmediatePhysics.dll (API version 3709383).
LogModuleManager: Display: Found up-to-date module file ../../../Engine/Plugins/Runtime/ImmediatePhysics/Binaries/Win64/UE4Editor-ImmediatePhysicsEditor.dll (API version 3709383).
LogModuleManager: Display: Found up-to-date module file ../../../Engine/Plugins/Runtime/LocationServicesBPLibrary/Binaries/Win64/UE4Editor-LocationServicesBPLibrary.dll (API version 3709383).
LogModuleManager: Display: Found up-to-date module file ../../../Engine/Plugins/Runtime/MobilePatchingUtils/Binaries/Win64/UE4Editor-MobilePatchingUtils.dll (API version 3709383).
LogModuleManager: Display: Found up-to-date module file ../../../Engine/Plugins/Runtime/Oculus/OculusVR/Binaries/Win64/UE4Editor-OculusHMD.dll (API version 3709383).
LogModuleManager: Display: Found up-to-date module file ../../../Engine/Plugins/Runtime/Oculus/OculusVR/Binaries/Win64/UE4Editor-OculusInput.dll (API version 3709383).
LogModuleManager: Display: Found up-to-date module file ../../../Engine/Plugins/Runtime/Oculus/OculusVR/Binaries/Win64/UE4Editor-OculusEditor.dll (API version 3709383).
LogModuleManager: Display: Found up-to-date module file ../../../Engine/Plugins/Runtime/PhysXVehicles/Binaries/Win64/UE4Editor-PhysXVehicles.dll (API version 3709383).
LogModuleManager: Display: Found up-to-date module file ../../../Engine/Plugins/Runtime/PhysXVehicles/Binaries/Win64/UE4Editor-PhysXVehiclesEditor.dll (API version 3709383).
LogModuleManager: Display: Found up-to-date module file ../../../Engine/Plugins/Runtime/ProceduralMeshComponent/Binaries/Win64/UE4Editor-ProceduralMeshComponent.dll (API version 3709383).
LogModuleManager: Display: Found up-to-date module file ../../../Engine/Plugins/Runtime/ProceduralMeshComponent/Binaries/Win64/UE4Editor-ProceduralMeshComponentEditor.dll (API version 3709383).
LogModuleManager: Display: Found up-to-date module file ../../../Engine/Plugins/Runtime/RuntimePhysXCooking/Binaries/Win64/UE4Editor-RuntimePhysXCooking.dll (API version 3709383).
LogModuleManager: Display: Found up-to-date module file ../../../Engine/Plugins/Runtime/Steam/SteamVR/Binaries/Win64/UE4Editor-SteamVR.dll (API version 3709383).
LogModuleManager: Display: Found up-to-date module file ../../../Engine/Plugins/Runtime/Steam/SteamVR/Binaries/Win64/UE4Editor-SteamVRController.dll (API version 3709383).
LogModuleManager: Display: Found up-to-date module file ../../../Engine/Plugins/Runtime/WindowsMoviePlayer/Binaries/Win64/UE4Editor-WindowsMoviePlayer.dll (API version 3709383).
LogPluginManager: Mounting plugin Paper2D
LogPluginManager: Mounting plugin LightPropagationVolume
LogPluginManager: Mounting plugin CodeLiteSourceCodeAccess
LogPluginManager: Mounting plugin GitSourceControl
LogPluginManager: Mounting plugin KDevelopSourceCodeAccess
LogPluginManager: Mounting plugin NullSourceCodeAccess
LogPluginManager: Mounting plugin PerforceSourceControl
LogPluginManager: Mounting plugin SubversionSourceControl
LogPluginManager: Mounting plugin UObjectPlugin
LogPluginManager: Mounting plugin VisualStudioCodeSourceCodeAccess
LogPluginManager: Mounting plugin VisualStudioSourceCodeAccess
LogPluginManager: Mounting plugin XCodeSourceCodeAccess
LogPluginManager: Mounting plugin AssetManagerEditor
LogPluginManager: Mounting plugin AudioCapture
LogPluginManager: Mounting plugin FacialAnimation
LogPluginManager: Mounting plugin GameplayTagsEditor
LogPluginManager: Mounting plugin MobileLauncherProfileWizard
LogPluginManager: Mounting plugin PluginBrowser
LogPluginManager: Mounting plugin SpeedTreeImporter
LogPluginManager: Mounting plugin AlembicImporter
LogPluginManager: Mounting plugin CharacterAI
LogPluginManager: Mounting plugin HTML5Networking
LogPluginManager: Mounting plugin AndroidMedia
LogPluginManager: Mounting plugin AvfMedia
LogPluginManager: Mounting plugin ImgMedia
LogPluginManager: Mounting plugin MediaCompositing
LogPluginManager: Mounting plugin MediaPlayerEditor
LogPluginManager: Mounting plugin WmfMedia
LogPluginManager: Mounting plugin TcpMessaging
LogPluginManager: Mounting plugin UdpMessaging
LogPluginManager: Mounting plugin ActorSequence
LogPluginManager: Mounting plugin LevelSequenceEditor
LogPluginManager: Mounting plugin MatineeToLevelSequence
LogPluginManager: Mounting plugin OnlineSubsystemGooglePlay
LogPluginManager: Mounting plugin OnlineSubsystemIOS
LogPluginManager: Mounting plugin OnlineSubsystem
LogPluginManager: Mounting plugin OnlineSubsystemNull
LogPluginManager: Mounting plugin OnlineSubsystemUtils
LogPluginManager: Mounting plugin AndroidDeviceProfileSelector
LogPluginManager: Mounting plugin AndroidMoviePlayer
LogPluginManager: Mounting plugin AndroidPermission
LogPluginManager: Mounting plugin AppleARKit
LogPluginManager: Mounting plugin AppleMoviePlayer
LogPluginManager: Mounting plugin ArchVisCharacter
LogPluginManager: Mounting plugin CableComponent
LogPluginManager: Mounting plugin CustomMeshComponent
LogPluginManager: Mounting plugin ExampleDeviceProfileSelector
LogPluginManager: Mounting plugin GoogleCloudMessaging
LogPluginManager: Mounting plugin ImmediatePhysics
LogPluginManager: Mounting plugin IOSDeviceProfileSelector
LogPluginManager: Mounting plugin LinuxDeviceProfileSelector
LogPluginManager: Mounting plugin LocationServicesBPLibrary
LogPluginManager: Mounting plugin MobilePatchingUtils
LogPluginManager: Mounting plugin OculusVR
LogPluginManager: Plugin shader directory ../../../Engine/Plugins/Runtime/Oculus/OculusVR/Shaders found
LogPluginManager: Mapping shader source directory ../../../Engine/Plugins/Runtime/Oculus/OculusVR/Shaders to virtual directory /Plugin/OculusVR
LogPluginManager: Mounting plugin PhysXVehicles
LogPluginManager: Mounting plugin ProceduralMeshComponent
LogPluginManager: Mounting plugin RuntimePhysXCooking
LogPluginManager: Mounting plugin SteamVR
LogPluginManager: Mounting plugin WindowsMoviePlayer
LogInit: Using libcurl 7.47.1
LogInit:  - built for x86_64-pc-win32
LogInit:  - supports SSL with OpenSSL/1.0.2g
LogInit:  - supports HTTP deflate (compression) using libz 1.2.8
LogInit:  - other features:
LogInit:      CURL_VERSION_SSL
LogInit:      CURL_VERSION_LIBZ
LogInit:      CURL_VERSION_IPV6
LogInit:      CURL_VERSION_ASYNCHDNS
LogInit:      CURL_VERSION_LARGEFILE
LogInit:      CURL_VERSION_IDN
LogInit:  CurlRequestOptions (configurable via config and command line):
LogInit:  - bVerifyPeer = false  - Libcurl will NOT verify peer certificate
LogInit:  - bUseHttpProxy = false  - Libcurl will NOT use HTTP proxy
LogInit:  - bDontReuseConnections = false  - Libcurl will reuse connections
LogInit:  - CertBundlePath = nullptr  - Libcurl will use whatever was configured at build time.
LogInit: Build: ++UE4+Release-4.18-CL-3709383
LogInit: Engine Version: 4.18.0-3709383+++UE4+Release-4.18
LogInit: Compatible Engine Version: 4.18.0-3709383+++UE4+Release-4.18
LogInit: Net CL: 3709383
LogDevObjectVersion: Number of dev versions registered: 16
LogDevObjectVersion:   Dev-Blueprints (B0D832E4-1F89-4F0D-ACCF-7EB736FD4AA2): 10
LogDevObjectVersion:   Dev-Build (E1C64328-A22C-4D53-A36C-8E866417BD8C): 0
LogDevObjectVersion:   Dev-Core (375EC13C-06E4-48FB-B500-84F0262A717E): 2
LogDevObjectVersion:   Dev-Editor (E4B068ED-F494-42E9-A231-DA0B2E46BB41): 20
LogDevObjectVersion:   Dev-Framework (CFFC743F-43B0-4480-9391-14DF171D2073): 30
LogDevObjectVersion:   Dev-Mobile (B02B49B5-BB20-44E9-A304-32B752E40360): 0
LogDevObjectVersion:   Dev-Networking (A4E4105C-59A1-49B5-A7C5-40C4547EDFEE): 0
LogDevObjectVersion:   Dev-Online (39C831C9-5AE6-47DC-9A44-9C173E1C8E7C): 0
LogDevObjectVersion:   Dev-Physics (78F01B33-EBEA-4F98-B9B4-84EACCB95AA2): 0
LogDevObjectVersion:   Dev-Platform (6631380F-2D4D-43E0-8009-CF276956A95A): 0
LogDevObjectVersion:   Dev-Rendering (12F88B9F-8875-4AFC-A67C-D90C383ABD29): 20
LogDevObjectVersion:   Dev-Sequencer (7B5AE74C-D270-4C10-A958-57980B212A5A): 4
LogDevObjectVersion:   Dev-VR (D7296918-1DD6-4BDD-9DE2-64A83CC13884): 0
LogDevObjectVersion:   Dev-LoadTimes (C2A15278-BFE7-4AFE-6C17-90FF531DF755): 1
LogDevObjectVersion:   Private-Geometry (6EACA3D4-40EC-4CC1-B786-8BED09428FC5): 1
LogDevObjectVersion:   Dev-AnimPhys (29E575DD-E0A3-4627-9D10-D276232CDCEA): 12
LogInit: Compiled (64-bit): Oct 20 2017 10:39:19
LogInit: Compiled with Visual C++: 19.00.24215.01
LogInit: Build Configuration: Development
LogInit: Branch Name: ++UE4+Release-4.18
LogInit: Command line: -EpicPortal 
LogInit: Base directory: C:/Program Files/Epic Games/UE_4.18/Engine/Binaries/Win64/
LogInit: Installed Engine Build: 1
LogInit: Presizing for max 8388607 objects, including 0 objects not considered by GC, pre-allocating 0 bytes for permanent pool.
LogInit: Object subsystem initialized
[2018.01.07-16.05.11:137][  0]LogInit: Selected Device Profile: [Windows]
[2018.01.07-16.05.11:138][  0]LogInit: Applying CVar settings loaded from the selected device profile: [Windows]
[2018.01.07-16.05.11:178][  0]LogInit: Computer: USER
[2018.01.07-16.05.11:178][  0]LogInit: User: admin
[2018.01.07-16.05.11:178][  0]LogInit: CPU Page size=4096, Cores=2
[2018.01.07-16.05.11:178][  0]LogInit: High frequency timer resolution =2.240910 MHz
[2018.01.07-16.05.11:178][  0]LogMemory: Memory total: Physical=7.9GB (8GB approx)
[2018.01.07-16.05.11:178][  0]LogMemory: Platform Memory Stats for Windows
[2018.01.07-16.05.11:178][  0]LogMemory: Process Physical Memory: 275.39 MB used, 275.39 MB peak
[2018.01.07-16.05.11:179][  0]LogMemory: Process Virtual Memory: 271.82 MB used, 271.82 MB peak
[2018.01.07-16.05.11:179][  0]LogMemory: Physical Memory: 4107.10 MB used,  3989.97 MB free, 8097.07 MB total
[2018.01.07-16.05.11:179][  0]LogMemory: Virtual Memory: 681.44 MB used,  3989.97 MB free, 134217728.00 MB total
[2018.01.07-16.05.11:424][  0]LogInit: Using OS detected language (en-US).
[2018.01.07-16.05.11:424][  0]LogInit: Using OS detected locale (en-US).
[2018.01.07-16.05.11:429][  0]LogTextLocalizationManager: No specific localization for 'en-US' exists, so the 'en' localization will be used.
[2018.01.07-16.05.12:067][  0]LogInit: Setting process to per monitor DPI aware
[2018.01.07-16.05.12:499][  0]LogD3D11RHI: D3D11 adapters:
[2018.01.07-16.05.12:506][  0]LogD3D11RHI:    0. 'Intel(R) HD Graphics 5000' (Feature Level 11_0)
[2018.01.07-16.05.12:506][  0]LogD3D11RHI:       112/0/2048 MB DedicatedVideo/DedicatedSystem/SharedSystem, Outputs:2, VendorId:0x8086
[2018.01.07-16.05.12:510][  0]LogD3D11RHI:    1. 'Microsoft Basic Render Driver' (Feature Level 11_0)
[2018.01.07-16.05.12:510][  0]LogD3D11RHI:       0/0/4048 MB DedicatedVideo/DedicatedSystem/SharedSystem, Outputs:0, VendorId:0x1414
[2018.01.07-16.05.12:510][  0]LogD3D11RHI: Chosen D3D11 Adapter: 0
[2018.01.07-16.05.12:518][  0]LogD3D11RHI: Creating new Direct3DDevice
[2018.01.07-16.05.12:518][  0]LogD3D11RHI:     GPU DeviceId: 0xa26 (for the marketing name, search the web for "GPU Device Id")
[2018.01.07-16.05.12:518][  0]LogWindows: EnumDisplayDevices:
[2018.01.07-16.05.12:518][  0]LogWindows:    0. 'Intel(R) HD Graphics 5000' (P:0 D:1)
[2018.01.07-16.05.12:518][  0]LogWindows:    1. 'Intel(R) HD Graphics 5000' (P:1 D:1)
[2018.01.07-16.05.12:518][  0]LogWindows:    2. 'Intel(R) HD Graphics 5000' (P:0 D:0)
[2018.01.07-16.05.12:519][  0]LogWindows: DebugString: GetVideoDriverDetailsInvalid PrimaryIsNotTheChoosenAdapter GetVideoDriverDetailsInvalid PrimaryIsNotTheChoosenAdapter GetVideoDriverDetailsInvalid PrimaryIsNotTheChoosenAdapter FoundDriverCount:0 
[2018.01.07-16.05.12:519][  0]LogD3D11RHI:     Adapter Name: Intel(R) HD Graphics 5000
[2018.01.07-16.05.12:519][  0]LogD3D11RHI:   Driver Version: Unknown (internal:Unknown, unified:Unknown)
[2018.01.07-16.05.12:519][  0]LogD3D11RHI:      Driver Date: Unknown
[2018.01.07-16.05.12:519][  0]LogRHI: Texture pool is 795 MB (70% of 1136 MB)
[2018.01.07-16.05.12:524][  0]LogD3D11RHI: Async texture creation enabled
[2018.01.07-16.05.12:530][  0]LogD3D11RHI: GPU Timing Frequency: 12.500000 (Debug: 2 0)
[2018.01.07-16.05.12:532][  0]LogShaderCompilers: Guid format shader working directory is -43 characters bigger than the processId version (../../../../../../Users/admin/Documents/Unreal Projects/Zombies/ZombileWar/ZombieWarFare/Intermediate/Shaders/WorkingDirectory/16516/).
[2018.01.07-16.05.12:532][  0]LogShaderCompilers: Cleaned the shader compiler working directory 'C:/Users/admin/AppData/Local/Temp/UnrealShaderWorkingDir/1705233047C5F1F22C3D2A916E42ED77/'.
[2018.01.07-16.05.12:532][  0]LogShaderCompilers: Display: Using Local Shader Compiler.
[2018.01.07-16.05.13:939][  0]LogTemp: Display: Loaded TP AllDesktopTargetPlatform
[2018.01.07-16.05.14:039][  0]LogTemp: Display: Loaded TP MacClientTargetPlatform
[2018.01.07-16.05.14:120][  0]LogTemp: Display: Loaded TP MacNoEditorTargetPlatform
[2018.01.07-16.05.14:202][  0]LogTemp: Display: Loaded TP MacServerTargetPlatform
[2018.01.07-16.05.14:288][  0]LogTemp: Display: Loaded TP MacTargetPlatform
[2018.01.07-16.05.14:373][  0]LogTemp: Display: Loaded TP WindowsClientTargetPlatform
[2018.01.07-16.05.14:454][  0]LogTemp: Display: Loaded TP WindowsNoEditorTargetPlatform
[2018.01.07-16.05.14:551][  0]LogTemp: Display: Loaded TP WindowsServerTargetPlatform
[2018.01.07-16.05.14:621][  0]LogTemp: Display: Loaded TP WindowsTargetPlatform
[2018.01.07-16.05.14:696][  0]LogTemp: Display: Loaded TP Android_ASTCTargetPlatform
[2018.01.07-16.05.14:782][  0]LogTemp: Display: Loaded TP Android_ATCTargetPlatform
[2018.01.07-16.05.14:861][  0]LogTemp: Display: Loaded TP Android_DXTTargetPlatform
[2018.01.07-16.05.14:939][  0]LogTemp: Display: Loaded TP Android_ETC1TargetPlatform
[2018.01.07-16.05.15:014][  0]LogTemp: Display: Loaded TP Android_ETC2TargetPlatform
[2018.01.07-16.05.15:170][  0]LogTemp: Display: Loaded TP Android_MultiTargetPlatform
[2018.01.07-16.05.15:170][  0]LogTemp: Display: Loaded TP Android_PVRTCTargetPlatform
[2018.01.07-16.05.15:246][  0]LogTemp: Display: Loaded TP AndroidTargetPlatform
[2018.01.07-16.05.15:316][  0]LogTemp: Display: Loaded TP HTML5TargetPlatform
[2018.01.07-16.05.15:442][  0]LogTemp: Display: Loaded TP IOSTargetPlatform
[2018.01.07-16.05.15:477][  0]LogTemp: Display: Loaded TP TVOSTargetPlatform
[2018.01.07-16.05.15:555][  0]LogTemp: Display: Loaded TP LinuxClientTargetPlatform
[2018.01.07-16.05.15:630][  0]LogTemp: Display: Loaded TP LinuxNoEditorTargetPlatform
[2018.01.07-16.05.15:708][  0]LogTemp: Display: Loaded TP LinuxServerTargetPlatform
[2018.01.07-16.05.15:797][  0]LogTemp: Display: Loaded TP LinuxTargetPlatform
[2018.01.07-16.05.15:797][  0]LogTargetPlatformManager: Display: Building Assets For Windows
[2018.01.07-16.05.16:546][  0]LogDerivedDataCache: Display: Max Cache Size: 512 MB
[2018.01.07-16.05.16:627][  0]LogDerivedDataCache: Loaded boot cache 0.08s 78MB C:/Users/admin/AppData/Local/UnrealEngine/4.18/DerivedDataCache/Boot.ddc.
[2018.01.07-16.05.16:628][  0]LogDerivedDataCache: Display: Loaded Boot cache: C:/Users/admin/AppData/Local/UnrealEngine/4.18/DerivedDataCache/Boot.ddc
[2018.01.07-16.05.16:628][  0]LogDerivedDataCache: FDerivedDataBackendGraph:  Pak pak cache file ../../../../../../Users/admin/Documents/Unreal Projects/Zombies/ZombileWar/ZombieWarFare/DerivedDataCache/DDC.ddp not found, will not use a pak cache.
[2018.01.07-16.05.16:628][  0]LogDerivedDataCache: Unable to find inner node Pak for hierarchical cache Hierarchy.
[2018.01.07-16.05.16:628][  0]LogDerivedDataCache: FDerivedDataBackendGraph:  CompressedPak pak cache file ../../../../../../Users/admin/Documents/Unreal Projects/Zombies/ZombileWar/ZombieWarFare/DerivedDataCache/Compressed.ddp not found, will not use a pak cache.
[2018.01.07-16.05.16:628][  0]LogDerivedDataCache: Unable to find inner node CompressedPak for hierarchical cache Hierarchy.
[2018.01.07-16.05.16:652][  0]LogDerivedDataCache: Display: Pak cache opened for reading ../../../Engine/DerivedDataCache/Compressed.ddp.
[2018.01.07-16.05.16:667][  0]LogDerivedDataCache: Using Local data cache path C:/Users/admin/AppData/Local/UnrealEngine/Common/DerivedDataCache: Writable
[2018.01.07-16.05.16:681][  0]LogMaterial: Verifying Global Shaders for PCD3D_SM5
[2018.01.07-16.05.16:681][  0]LogSlate: Using Freetype 2.6.0
[2018.01.07-16.05.16:682][  0]LogSlate: SlateFontCache - WITH_FREETYPE: 1, WITH_HARFBUZZ: 1
[2018.01.07-16.05.16:682][  0]LogSlate: SlateFontCache - WITH_FREETYPE: 1, WITH_HARFBUZZ: 1
[2018.01.07-16.05.17:360][  0]LogInit: Selected Device Profile: [Windows]
[2018.01.07-16.05.17:879][  0]LogSimplygon: Simplygon DLL not present - disabling.
[2018.01.07-16.05.17:946][  0]LogMeshReduction: Using SimplygonSwarm for distributed automatic mesh merging
[2018.01.07-16.05.17:946][  0]LogMeshReduction: Using QuadricMeshReduction for automatic static mesh reduction
[2018.01.07-16.05.17:946][  0]LogMeshReduction: No automatic skeletal mesh reduction module available
[2018.01.07-16.05.17:946][  0]LogMeshReduction: No automatic mesh merging module available
[2018.01.07-16.05.17:946][  0]LogMeshMerging: No automatic mesh merging module available
[2018.01.07-16.05.17:995][  0]LogNetVersion: ZombieWarFare , NetCL: 3709383, EngineNetVer: 2, GameNetVer: 0 (Checksum: 518889866)
[2018.01.07-16.05.18:254][  0]LogAssetRegistry: FAssetRegistry took 0.0272 seconds to start up
[2018.01.07-16.05.19:100][  0]LogPackageLocalizationCache: Processed 7 localized package path(s) for 2 prioritized culture(s) in 0.136574 seconds
[2018.01.07-16.05.19:108][  0]LogUObjectArray: 35900 objects as part of root set at end of initial load.
[2018.01.07-16.05.19:108][  0]LogUObjectAllocator: 7372024 out of 0 bytes used by permanent object pool.
[2018.01.07-16.05.19:108][  0]LogUObjectArray: CloseDisregardForGC: 0/0 objects in disregard for GC pool
[2018.01.07-16.05.19:185][  0]LogInit: WinSock: version 1.1 (2.2), MaxSocks=32767, MaxUdp=65467
[2018.01.07-16.05.23:455][  0]LogTcpMessaging: Initializing TcpMessaging bridge
[2018.01.07-16.05.23:523][  0]LogUdpMessaging: Initializing bridge on interface 0.0.0.0:0 to multicast group 230.0.0.1:6666.
[2018.01.07-16.05.24:663][  0]LogMaterial: Uniform references updated for custom material expression Custom.
[2018.01.07-16.05.25:363][  0]SourceControl: Source control is disabled
[2018.01.07-16.05.25:363][  0]SourceControl: Source control is disabled
[2018.01.07-16.05.25:453][  0]SourceControl: Source control is disabled
[2018.01.07-16.05.25:556][  0]SourceControl: Source control is disabled
[2018.01.07-16.05.27:124][  0]LogAndroidPermission: UAndroidPermissionCallbackProxy::GetInstance
[2018.01.07-16.05.27:683][  0]LogOcInput: OculusInput pre-init called
[2018.01.07-16.05.28:248][  0]LogEngine: Initializing Engine...
[2018.01.07-16.05.28:251][  0]LogHMD: Failed to initialize OpenVR with code 110
[2018.01.07-16.05.28:560][  0]LogStats: UGameplayTagsManager::ConstructGameplayTagTree: Construct from data asset -  0.000 s
[2018.01.07-16.05.28:561][  0]LogStats: UGameplayTagsManager::ConstructGameplayTagTree: GameplayTagTreeChangedEvent.Broadcast -  0.000 s
[2018.01.07-16.05.28:894][  0]LogAIModule: Creating AISystem for world Untitled
[2018.01.07-16.05.28:908][  0]LogInit: XAudio2 using 'Headphones (Realtek High Definition Audio)' : 2 channels at 48 kHz using 32 bits per sample (channel mask 0x3)
[2018.01.07-16.05.28:931][  0]LogInit: FAudioDevice initialized.
[2018.01.07-16.05.29:121][  0]LogDerivedDataCache: Saved boot cache 0.19s 78MB C:/Users/admin/AppData/Local/UnrealEngine/4.18/DerivedDataCache/Boot.ddc.
[2018.01.07-16.05.29:138][  0]LogInit: Texture streaming: Enabled
[2018.01.07-16.05.29:299][  0]LogEngineSessionManager: EngineSessionManager initialized
[2018.01.07-16.05.29:524][  0]LogInit: Transaction tracking system initialized
[2018.01.07-16.05.30:310][  0]BlueprintLog: New page: Editor Load
[2018.01.07-16.05.41:635][  0]LocalizationService: Localization service is disabled
[2018.01.07-16.05.48:712][  0]LogConsoleResponse: Display: 
[2018.01.07-16.05.49:445][  0]LogCook: Display: Max memory allowance for cook 16384mb min free memory 0mb
[2018.01.07-16.05.49:445][  0]LogCook: Display: Mobile HDR setting 1
[2018.01.07-16.05.49:445][  0]LogGameplayTags: Display: UGameplayTagsManager::DoneAddingNativeTags. DelegateIsBound: 0
[2018.01.07-16.05.50:192][  0]LogFileCache: Scanning file cache for directory 'C:/Users/admin/Documents/Unreal Projects/Zombies/ZombileWar/ZombieWarFare/Content/' took 0.02s
[2018.01.07-16.05.59:486][  0]SourceControl: Source control is disabled
[2018.01.07-16.05.59:486][  0]Cmd: MAP LOAD FILE="../../../../../../Users/admin/Documents/Unreal Projects/Zombies/ZombileWar/ZombieWarFare/Content/ThirdPersonBP/Maps/ThirdPersonExampleMap.umap" TEMPLATE=0 SHOWPROGRESS=1 FEATURELEVEL=3
[2018.01.07-16.05.59:487][  0]LightingResults: New page: Lighting Build
[2018.01.07-16.05.59:904][  0]MapCheck: New page: Map Check
[2018.01.07-16.05.59:904][  0]LightingResults: New page: Lighting Build
[2018.01.07-16.06.04:009][  0]LogAIModule: Creating AISystem for world ThirdPersonExampleMap
[2018.01.07-16.06.04:046][  0]LogEditorServer: Finished looking for orphan Actors (0.000 secs)
[2018.01.07-16.06.24:367][  0]Cmd: MAP CHECKDEP NOCLEARLOG
[2018.01.07-16.06.25:105][  0]MapCheck: Map check complete: 0 Error(s), 0 Warning(s), took 737.115ms to complete.
[2018.01.07-16.06.25:106][  0]LogFileHelpers: Loading map 'ThirdPersonExampleMap' took 25.619
[2018.01.07-16.06.25:933][  0]LogCollectionManager: Loaded 0 collections in 0.016883 seconds
[2018.01.07-16.06.26:428][  0]LogFileCache: Scanning file cache for directory 'C:/Users/admin/Documents/Unreal Projects/Zombies/ZombileWar/ZombieWarFare/Saved/Collections/' took 0.02s
[2018.01.07-16.06.26:428][  0]LogFileCache: Scanning file cache for directory 'C:/Users/admin/Documents/Unreal Projects/Zombies/ZombileWar/ZombieWarFare/Content/Developers/admin/Collections/' took 0.01s
[2018.01.07-16.06.26:428][  0]LogFileCache: Scanning file cache for directory 'C:/Users/admin/Documents/Unreal Projects/Zombies/ZombileWar/ZombieWarFare/Content/Collections/' took 0.02s
[2018.01.07-16.06.26:428][  0]LogCollectionManager: Rebuilt the GUID cache for 0 collections in 0.000001 seconds
[2018.01.07-16.06.26:476][  0]LogContentBrowser: Native class hierarchy populated in 0.0465 seconds. Added 2363 classes and 519 folders.
[2018.01.07-16.06.26:829][  0]LogContentBrowser: Native class hierarchy updated for 'WidgetCarousel' in 0.0006 seconds. Added 0 classes and 0 folders.
[2018.01.07-16.06.27:039][  0]LogContentBrowser: Native class hierarchy updated for 'AddContentDialog' in 0.0009 seconds. Added 0 classes and 0 folders.
[2018.01.07-16.06.27:276][  0]LogContentBrowser: Native class hierarchy updated for 'SceneOutliner' in 0.0007 seconds. Added 1 classes and 2 folders.
[2018.01.07-16.06.28:221][  0]LogContentBrowser: Native class hierarchy updated for 'HierarchicalLODOutliner' in 0.0006 seconds. Added 1 classes and 2 folders.
[2018.01.07-16.06.28:221][  0]LogLoad: (Engine Initialization) Total time: 82.34 seconds
[2018.01.07-16.06.28:221][  0]LogLoad: (Engine Initialization) Total Blueprint compile time: 0.00 seconds
[2018.01.07-16.06.28:222][  0]LogExternalProfiler: No external profilers were discovered.  External profiling features will not be available.
[2018.01.07-16.06.28:679][  0]LogContentStreaming: Texture pool size now 400 MB
[2018.01.07-16.06.28:682][  0]LogSlate: Took 0.000479 seconds to synchronously load lazily loaded font '../../../Engine/Content/Slate/Fonts/Roboto-Regular.ttf' (155K)
[2018.01.07-16.06.28:701][  0]LogSlate: Took 0.012929 seconds to synchronously load lazily loaded font '../../../Engine/Content/Slate/Fonts/Roboto-Bold.ttf' (160K)
[2018.01.07-16.06.33:874][  0]LogSlate: Took 0.000305 seconds to synchronously load lazily loaded font '../../../Engine/Content/Editor/Slate/Fonts/FontAwesome.ttf' (139K)
[2018.01.07-16.07.09:302][  1]LogRenderer: Reallocating scene render targets to support 712x292 Format 9 NumSamples 1 (Frame:1).
[2018.01.07-16.07.29:657][  1]LogSlate: Took 0.048191 seconds to synchronously load lazily loaded font '../../../Engine/Content/Slate/Fonts/Roboto-Light.ttf' (159K)
[2018.01.07-16.07.34:480][  2]LogSlate: Took 0.000735 seconds to synchronously load lazily loaded font '../../../Engine/Content/Slate/Fonts/Roboto-Light.ttf' (159K)
[2018.01.07-16.07.39:985][  7]LogD3D11RHI: Timed out while waiting for GPU to catch up. (0.5 s)
[2018.01.07-16.07.45:942][ 11]LogAssetRegistry: Asset discovery search completed in 147.7099 seconds
[2018.01.07-16.07.45:980][ 11]LogCollectionManager: Rebuilt the object cache for 0 collections in 0.000001 seconds (found 0 objects)
[2018.01.07-16.07.45:980][ 11]LogCollectionManager: Fixed up redirectors for 0 collections in 0.000130 seconds (updated 0 objects)
[2018.01.07-16.08.02:094][ 95]LogSlate: Took 0.001088 seconds to synchronously load lazily loaded font '../../../Engine/Content/Slate/Fonts/Roboto-Light.ttf' (159K)
[2018.01.07-16.08.02:583][ 95]LogContentBrowser: Native class hierarchy updated for 'SkeletonEditor' in 0.0023 seconds. Added 1 classes and 2 folders.
[2018.01.07-16.08.03:330][ 95]LogActorComponent: RegisterComponentWithWorld: (/Engine/Transient.World_7:PersistentLevel.Actor_0.DebugSkelMeshComponent_0) Already registered. Aborting.
[2018.01.07-16.08.04:624][ 95]LogSlate: Took 0.000765 seconds to synchronously load lazily loaded font '../../../Engine/Content/Slate/Fonts/Roboto-Regular.ttf' (155K)
[2018.01.07-16.08.04:948][ 95]LogContentBrowser: Native class hierarchy updated for 'BlueprintGraph' in 0.0021 seconds. Added 116 classes and 0 folders.
[2018.01.07-16.08.07:456][ 95]LogSkeletalMesh: USkeletalMeshComponent::InitArticulated : Bodies already created (/Engine/Transient.World_7:PersistentLevel.Actor_0.DebugSkelMeshComponent_0) - call TermArticulated first.
[2018.01.07-16.08.08:392][ 95]LogSlate: Took 0.008177 seconds to synchronously load lazily loaded font '../../../Engine/Content/Editor/Slate/Fonts/Roboto-BoldCondensed.ttf' (158K)
[2018.01.07-16.08.08:555][ 95]LogContentBrowser: Native class hierarchy updated for 'ClothingSystemEditorInterface' in 0.0007 seconds. Added 1 classes and 0 folders.
[2018.01.07-16.08.08:720][ 95]LogRenderer: Reallocating scene render targets to support 712x360 Format 9 NumSamples 1 (Frame:1).
[2018.01.07-16.08.08:720][ 95]LogContentBrowser: Verbose: The majority of assets in the view are of type: AnimSequence
[2018.01.07-16.08.08:814][ 96]LogSlate: Took 0.014896 seconds to synchronously load lazily loaded font '../../../Engine/Content/Editor/Slate/Fonts/Roboto-Italic.ttf' (157K)
[2018.01.07-16.08.15:028][159]LogRenderer: Reallocating scene render targets to support 1068x436 Format 9 NumSamples 1 (Frame:109).
[2018.01.07-16.09.31:533][942]LogRenderer: Reallocating scene render targets to support 1068x504 Format 9 NumSamples 1 (Frame:560).
[2018.01.07-16.09.31:646][943]LogRenderer: Reallocating scene render targets to support 1068x532 Format 9 NumSamples 1 (Frame:562).
[2018.01.07-16.09.31:767][944]LogRenderer: Reallocating scene render targets to support 1068x548 Format 9 NumSamples 1 (Frame:564).
[2018.01.07-16.09.31:895][945]LogRenderer: Reallocating scene render targets to support 1068x552 Format 9 NumSamples 1 (Frame:566).
[2018.01.07-16.09.40:999][133]LogEditorViewport: Clicking on Actor (LMB): NavMeshBoundsVolume (NavMeshBoundsVolume)
[2018.01.07-16.09.58:161][476]LogSavePackage: Save=392.98ms
[2018.01.07-16.09.58:161][476]LogSavePackage: Moving '../../../../../../Users/admin/Documents/Unreal Projects/Zombies/ZombileWar/ZombieWarFare/Saved/ThirdPersonExampleMapC4A7CA0A4CB141694E563780703FA307.tmp' to '../../../../../../Users/admin/Documents/Unreal Projects/Zombies/ZombileWar/ZombieWarFare/Content/ThirdPersonBP/Maps/ThirdPersonExampleMap.umap'
[2018.01.07-16.09.58:165][476]LogFileManager: Warning: DeleteFile was unable to delete '../../../../../../Users/admin/Documents/Unreal Projects/Zombies/ZombileWar/ZombieWarFare/Content/ThirdPersonBP/Maps/ThirdPersonExampleMap.umap', retrying in .5s...
[2018.01.07-16.09.58:666][476]LogFileManager: Error: Error deleting file '../../../../../../Users/admin/Documents/Unreal Projects/Zombies/ZombileWar/ZombieWarFare/Content/ThirdPersonBP/Maps/ThirdPersonExampleMap.umap'.
[2018.01.07-16.09.58:666][476]LogSavePackage: Error: Error saving '../../../../../../Users/admin/Documents/Unreal Projects/Zombies/ZombileWar/ZombieWarFare/Content/ThirdPersonBP/Maps/ThirdPersonExampleMap.umap'
[2018.01.07-16.09.58:669][476]LogSavePackage: Display: Finished SavePackage ../../../../../../Users/admin/Documents/Unreal Projects/Zombies/ZombileWar/ZombieWarFare/Content/ThirdPersonBP/Maps/ThirdPersonExampleMap.umap
[2018.01.07-16.09.58:686][476]EditorErrors: New page: Save Output
[2018.01.07-16.09.58:686][476]EditorErrors: Warning: Error saving '../../../../../../Users/admin/Documents/Unreal Projects/Zombies/ZombileWar/ZombieWarFare/Content/ThirdPersonBP/Maps/ThirdPersonExampleMap.umap'
[2018.01.07-16.09.59:303][487]LogTemp: Repeating last play command: Selected Viewport
[2018.01.07-16.09.59:465][487]LogBlueprintUserMessages: Early PlayInEditor Detection: Level '/Game/ThirdPersonBP/Maps/ThirdPersonExampleMap.ThirdPersonExampleMap:PersistentLevel' has LevelScriptBlueprint '/Game/ThirdPersonBP/Maps/ThirdPersonExampleMap.ThirdPersonExampleMap:PersistentLevel.ThirdPersonExampleMap' with GeneratedClass '/Game/ThirdPersonBP/Maps/ThirdPersonExampleMap.ThirdPersonExampleMap_C' with ClassGeneratedBy '/Game/ThirdPersonBP/Maps/ThirdPersonExampleMap.ThirdPersonExampleMap:PersistentLevel.ThirdPersonExampleMap'
[2018.01.07-16.09.59:467][487]LogPlayLevel: PlayLevel: No blueprints needed recompiling
[2018.01.07-16.09.59:476][487]PIE: New page: PIE session: ThirdPersonExampleMap (Jan 7, 2018, 8:09:59 PM)
[2018.01.07-16.09.59:477][487]LogPlayLevel: Creating play world package: /Game/ThirdPersonBP/Maps/UEDPIE_0_ThirdPersonExampleMap
[2018.01.07-16.09.59:513][487]LogPlayLevel: PIE: StaticDuplicateObject took: (0.035833s)
[2018.01.07-16.09.59:514][487]LogAIModule: Creating AISystem for world ThirdPersonExampleMap
[2018.01.07-16.09.59:514][487]LogPlayLevel: PIE: World Init took: (0.001177s)
[2018.01.07-16.09.59:515][487]LogPlayLevel: PIE: Created PIE world by copying editor world from /Game/ThirdPersonBP/Maps/ThirdPersonExampleMap.ThirdPersonExampleMap to /Game/ThirdPersonBP/Maps/UEDPIE_0_ThirdPersonExampleMap.ThirdPersonExampleMap (0.037966s)
[2018.01.07-16.09.59:578][487]LogInit: XAudio2 using 'Headphones (Realtek High Definition Audio)' : 2 channels at 48 kHz using 32 bits per sample (channel mask 0x3)
[2018.01.07-16.09.59:607][487]LogInit: FAudioDevice initialized.
[2018.01.07-16.09.59:681][487]LogLoad: Game class is 'ThirdPersonGameMode_C'
[2018.01.07-16.09.59:687][487]LogWorld: Bringing World /Game/ThirdPersonBP/Maps/UEDPIE_0_ThirdPersonExampleMap.ThirdPersonExampleMap up for play (max tick rate 0) at 2018.01.07-18.09.59
[2018.01.07-16.09.59:704][487]LogWorld: Bringing up level for play took: 0.021745
[2018.01.07-16.09.59:827][487]LogContentBrowser: Native class hierarchy updated for 'MovieSceneCapture' in 0.0009 seconds. Added 11 classes and 0 folders.
[2018.01.07-16.09.59:831][487]PIE: Play in editor start time for /Game/ThirdPersonBP/Maps/UEDPIE_0_ThirdPersonExampleMap -0.077
[2018.01.07-16.09.59:834][487]LogBlueprintUserMessages: Late PlayInEditor Detection: Level '/Game/ThirdPersonBP/Maps/ThirdPersonExampleMap.ThirdPersonExampleMap:PersistentLevel' has LevelScriptBlueprint '/Game/ThirdPersonBP/Maps/ThirdPersonExampleMap.ThirdPersonExampleMap:PersistentLevel.ThirdPersonExampleMap' with GeneratedClass '/Game/ThirdPersonBP/Maps/ThirdPersonExampleMap.ThirdPersonExampleMap_C' with ClassGeneratedBy '/Game/ThirdPersonBP/Maps/ThirdPersonExampleMap.ThirdPersonExampleMap:PersistentLevel.ThirdPersonExampleMap'
[2018.01.07-16.10.17:122][915]LogBlueprintUserMessages: Early EndPlayMap Detection: Level '/Game/ThirdPersonBP/Maps/ThirdPersonExampleMap.ThirdPersonExampleMap:PersistentLevel' has LevelScriptBlueprint '/Game/ThirdPersonBP/Maps/ThirdPersonExampleMap.ThirdPersonExampleMap:PersistentLevel.ThirdPersonExampleMap' with GeneratedClass '/Game/ThirdPersonBP/Maps/ThirdPersonExampleMap.ThirdPersonExampleMap_C' with ClassGeneratedBy '/Game/ThirdPersonBP/Maps/ThirdPersonExampleMap.ThirdPersonExampleMap:PersistentLevel.ThirdPersonExampleMap'
[2018.01.07-16.10.17:206][915]LogBlueprintUserMessages: Late EndPlayMap Detection: Level '/Game/ThirdPersonBP/Maps/ThirdPersonExampleMap.ThirdPersonExampleMap:PersistentLevel' has LevelScriptBlueprint '/Game/ThirdPersonBP/Maps/ThirdPersonExampleMap.ThirdPersonExampleMap:PersistentLevel.ThirdPersonExampleMap' with GeneratedClass '/Game/ThirdPersonBP/Maps/ThirdPersonExampleMap.ThirdPersonExampleMap_C' with ClassGeneratedBy '/Game/ThirdPersonBP/Maps/ThirdPersonExampleMap.ThirdPersonExampleMap:PersistentLevel.ThirdPersonExampleMap'
[2018.01.07-16.10.22:914][ 25]LogEditorViewport: Clicking on Actor (context menu): StaticMeshActor (Floor)
[2018.01.07-16.10.23:639][ 27]LogEditorViewport: Clicking on Actor (LMB): StaticMeshActor (Floor)
[2018.01.07-16.11.02:341][660]LogRenderer: Reallocating scene render targets to support 1068x616 Format 9 NumSamples 1 (Frame:1).
[2018.01.07-16.11.07:498][787]BlueprintLog: New page: Compile Zombie
[2018.01.07-16.15.25:542][842]BlueprintLog: New page: Compile AB_Zombie
[2018.01.07-16.16.19:090][134]LogActorComponent: RegisterComponentWithWorld: (/Engine/Transient.World_14:PersistentLevel.Actor_1.DebugSkelMeshComponent_2) Already registered. Aborting.
[2018.01.07-16.16.19:145][134]LogSkeletalMesh: USkeletalMeshComponent::InitArticulated : Bodies already created (/Engine/Transient.World_14:PersistentLevel.Actor_1.DebugSkelMeshComponent_2) - call TermArticulated first.
[2018.01.07-16.16.20:026][134]LogContentBrowser: Verbose: The majority of assets in the view are of type: AnimSequence
[2018.01.07-16.17.11:080][366]LogActorComponent: UnregisterComponent: (/Engine/Transient.EditorFloorComp) Not registered. Aborting.
[2018.01.07-16.17.17:956][531]LogActorComponent: RegisterComponentWithWorld: (/Engine/Transient.World_16:PersistentLevel.Actor_2.DebugSkelMeshComponent_4) Already registered. Aborting.
[2018.01.07-16.17.17:996][531]LogSkeletalMesh: USkeletalMeshComponent::InitArticulated : Bodies already created (/Engine/Transient.World_16:PersistentLevel.Actor_2.DebugSkelMeshComponent_4) - call TermArticulated first.
[2018.01.07-16.17.18:733][531]LogContentBrowser: Verbose: The majority of assets in the view are of type: AnimSequence
[2018.01.07-16.17.27:623][715]LogSavePackage: Save=31.19ms
[2018.01.07-16.17.27:623][715]LogSavePackage: Moving '../../../../../../Users/admin/Documents/Unreal Projects/Zombies/ZombileWar/ZombieWarFare/Saved/Zombie_blend85369ADB49B93B69B4849E866483365D.tmp' to '../../../../../../Users/admin/Documents/Unreal Projects/Zombies/ZombileWar/ZombieWarFare/Content/Assets/Zombie_Char/Zombie_blend.uasset'
[2018.01.07-16.17.27:630][715]LogFileManager: Warning: DeleteFile was unable to delete '../../../../../../Users/admin/Documents/Unreal Projects/Zombies/ZombileWar/ZombieWarFare/Content/Assets/Zombie_Char/Zombie_blend.uasset', retrying in .5s...
[2018.01.07-16.17.28:132][715]LogFileManager: Error: Error deleting file '../../../../../../Users/admin/Documents/Unreal Projects/Zombies/ZombileWar/ZombieWarFare/Content/Assets/Zombie_Char/Zombie_blend.uasset'.
[2018.01.07-16.17.28:132][715]LogSavePackage: Error: Error saving '../../../../../../Users/admin/Documents/Unreal Projects/Zombies/ZombileWar/ZombieWarFare/Content/Assets/Zombie_Char/Zombie_blend.uasset'
[2018.01.07-16.17.28:139][715]LogSavePackage: Display: Finished SavePackage ../../../../../../Users/admin/Documents/Unreal Projects/Zombies/ZombileWar/ZombieWarFare/Content/Assets/Zombie_Char/Zombie_blend.uasset
[2018.01.07-16.17.30:875][715]LogSavePackage: Save=13.32ms
[2018.01.07-16.17.30:876][715]LogSavePackage: Moving '../../../../../../Users/admin/Documents/Unreal Projects/Zombies/ZombileWar/ZombieWarFare/Saved/Zombie_blend5F0642324F8DB66C9FA2C0BA77B5AE20.tmp' to '../../../../../../Users/admin/Documents/Unreal Projects/Zombies/ZombileWar/ZombieWarFare/Content/Assets/Zombie_Char/Zombie_blend.uasset'
[2018.01.07-16.17.30:878][715]LogFileManager: Warning: DeleteFile was unable to delete '../../../../../../Users/admin/Documents/Unreal Projects/Zombies/ZombileWar/ZombieWarFare/Content/Assets/Zombie_Char/Zombie_blend.uasset', retrying in .5s...
[2018.01.07-16.17.31:378][715]LogFileManager: Error: Error deleting file '../../../../../../Users/admin/Documents/Unreal Projects/Zombies/ZombileWar/ZombieWarFare/Content/Assets/Zombie_Char/Zombie_blend.uasset'.
[2018.01.07-16.17.31:378][715]LogSavePackage: Error: Error saving '../../../../../../Users/admin/Documents/Unreal Projects/Zombies/ZombileWar/ZombieWarFare/Content/Assets/Zombie_Char/Zombie_blend.uasset'
[2018.01.07-16.17.31:380][715]LogSavePackage: Display: Finished SavePackage ../../../../../../Users/admin/Documents/Unreal Projects/Zombies/ZombileWar/ZombieWarFare/Content/Assets/Zombie_Char/Zombie_blend.uasset
[2018.01.07-16.17.34:548][715]LogSavePackage: Save=5.13ms
[2018.01.07-16.17.34:549][715]LogSavePackage: Moving '../../../../../../Users/admin/Documents/Unreal Projects/Zombies/ZombileWar/ZombieWarFare/Saved/Zombie_blend0AA0EA724447D2504126C1BC3B282F73.tmp' to '../../../../../../Users/admin/Documents/Unreal Projects/Zombies/ZombileWar/ZombieWarFare/Content/Assets/Zombie_Char/Zombie_blend.uasset'
[2018.01.07-16.17.34:552][715]LogFileManager: Warning: DeleteFile was unable to delete '../../../../../../Users/admin/Documents/Unreal Projects/Zombies/ZombileWar/ZombieWarFare/Content/Assets/Zombie_Char/Zombie_blend.uasset', retrying in .5s...
[2018.01.07-16.17.35:052][715]LogFileManager: Error: Error deleting file '../../../../../../Users/admin/Documents/Unreal Projects/Zombies/ZombileWar/ZombieWarFare/Content/Assets/Zombie_Char/Zombie_blend.uasset'.
[2018.01.07-16.17.35:053][715]LogSavePackage: Error: Error saving '../../../../../../Users/admin/Documents/Unreal Projects/Zombies/ZombileWar/ZombieWarFare/Content/Assets/Zombie_Char/Zombie_blend.uasset'
[2018.01.07-16.17.35:059][715]LogSavePackage: Display: Finished SavePackage ../../../../../../Users/admin/Documents/Unreal Projects/Zombies/ZombileWar/ZombieWarFare/Content/Assets/Zombie_Char/Zombie_blend.uasset
[2018.01.07-16.17.35:685][715]EditorErrors: New page: Save Output
[2018.01.07-16.17.35:685][715]EditorErrors: Warning: Error saving '../../../../../../Users/admin/Documents/Unreal Projects/Zombies/ZombileWar/ZombieWarFare/Content/Assets/Zombie_Char/Zombie_blend.uasset'
[2018.01.07-16.17.35:685][715]EditorErrors: Warning: Error saving '../../../../../../Users/admin/Documents/Unreal Projects/Zombies/ZombileWar/ZombieWarFare/Content/Assets/Zombie_Char/Zombie_blend.uasset'
[2018.01.07-16.17.35:685][715]EditorErrors: Warning: Error saving '../../../../../../Users/admin/Documents/Unreal Projects/Zombies/ZombileWar/ZombieWarFare/Content/Assets/Zombie_Char/Zombie_blend.uasset'
[2018.01.07-16.17.38:990][765]BlueprintLog: New page: Compile AB_Zombie
[2018.01.07-16.18.01:033][177]BlueprintLog: New page: Compile AB_Zombie
[2018.01.07-16.18.09:568][320]BlueprintLog: New page: Compile AB_Zombie
[2018.01.07-16.18.14:029][393]BlueprintLog: New page: Compile AB_Zombie
[2018.01.07-16.18.38:397][931]LogSavePackage: Save=140.96ms
[2018.01.07-16.18.38:397][931]LogSavePackage: Moving '../../../../../../Users/admin/Documents/Unreal Projects/Zombies/ZombileWar/ZombieWarFare/Saved/AB_Zombie301F26F344585E566FD0F18FA32009D5.tmp' to '../../../../../../Users/admin/Documents/Unreal Projects/Zombies/ZombileWar/ZombieWarFare/Content/Assets/Zombie_Char/AB_Zombie.uasset'
[2018.01.07-16.18.38:405][931]LogFileManager: Warning: DeleteFile was unable to delete '../../../../../../Users/admin/Documents/Unreal Projects/Zombies/ZombileWar/ZombieWarFare/Content/Assets/Zombie_Char/AB_Zombie.uasset', retrying in .5s...
[2018.01.07-16.18.38:906][931]LogFileManager: Error: Error deleting file '../../../../../../Users/admin/Documents/Unreal Projects/Zombies/ZombileWar/ZombieWarFare/Content/Assets/Zombie_Char/AB_Zombie.uasset'.
[2018.01.07-16.18.38:906][931]LogSavePackage: Error: Error saving '../../../../../../Users/admin/Documents/Unreal Projects/Zombies/ZombileWar/ZombieWarFare/Content/Assets/Zombie_Char/AB_Zombie.uasset'
[2018.01.07-16.18.38:914][931]LogSavePackage: Display: Finished SavePackage ../../../../../../Users/admin/Documents/Unreal Projects/Zombies/ZombileWar/ZombieWarFare/Content/Assets/Zombie_Char/AB_Zombie.uasset
[2018.01.07-16.18.49:609][931]EditorErrors: New page: Save Output
[2018.01.07-16.18.49:610][931]EditorErrors: Warning: Error saving '../../../../../../Users/admin/Documents/Unreal Projects/Zombies/ZombileWar/ZombieWarFare/Content/Assets/Zombie_Char/AB_Zombie.uasset'
[2018.01.07-16.18.55:068][988]LogSavePackage: Save=141.44ms
[2018.01.07-16.18.55:068][988]LogSavePackage: Moving '../../../../../../Users/admin/Documents/Unreal Projects/Zombies/ZombileWar/ZombieWarFare/Saved/AB_Zombie82823107481472E501623B84AE6A5588.tmp' to '../../../../../../Users/admin/Documents/Unreal Projects/Zombies/ZombileWar/ZombieWarFare/Content/Assets/Zombie_Char/AB_Zombie.uasset'
[2018.01.07-16.18.55:074][988]LogFileManager: Warning: DeleteFile was unable to delete '../../../../../../Users/admin/Documents/Unreal Projects/Zombies/ZombileWar/ZombieWarFare/Content/Assets/Zombie_Char/AB_Zombie.uasset', retrying in .5s...
[2018.01.07-16.18.55:575][988]LogFileManager: Error: Error deleting file '../../../../../../Users/admin/Documents/Unreal Projects/Zombies/ZombileWar/ZombieWarFare/Content/Assets/Zombie_Char/AB_Zombie.uasset'.
[2018.01.07-16.18.55:575][988]LogSavePackage: Error: Error saving '../../../../../../Users/admin/Documents/Unreal Projects/Zombies/ZombileWar/ZombieWarFare/Content/Assets/Zombie_Char/AB_Zombie.uasset'
[2018.01.07-16.18.55:578][988]LogSavePackage: Display: Finished SavePackage ../../../../../../Users/admin/Documents/Unreal Projects/Zombies/ZombileWar/ZombieWarFare/Content/Assets/Zombie_Char/AB_Zombie.uasset
[2018.01.07-16.18.56:675][988]EditorErrors: New page: Save Output
[2018.01.07-16.18.56:675][988]EditorErrors: Warning: Error saving '../../../../../../Users/admin/Documents/Unreal Projects/Zombies/ZombileWar/ZombieWarFare/Content/Assets/Zombie_Char/AB_Zombie.uasset'
[2018.01.07-16.19.02:574][989]LogSavePackage: Save=456.17ms
[2018.01.07-16.19.02:574][989]LogSavePackage: Moving '../../../../../../Users/admin/Documents/Unreal Projects/Zombies/ZombileWar/ZombieWarFare/Saved/ThirdPersonExampleMap_Auto1823B310F4FBF51429189DB9E6F271935.tmp' to '../../../../../../Users/admin/Documents/Unreal Projects/Zombies/ZombileWar/ZombieWarFare/Saved/Autosaves/Game/ThirdPersonBP/Maps/ThirdPersonExampleMap_Auto1.umap'
[2018.01.07-16.19.02:591][989]LogSavePackage: Display: Finished SavePackage ../../../../../../Users/admin/Documents/Unreal Projects/Zombies/ZombileWar/ZombieWarFare/Saved/Autosaves/Game/ThirdPersonBP/Maps/ThirdPersonExampleMap_Auto1.umap
[2018.01.07-16.19.02:600][989]LogFileHelpers: Editor autosave (incl. sublevels) for '/Game/ThirdPersonBP/Maps/ThirdPersonExampleMap' took 0.593
[2018.01.07-16.19.02:600][989]LogFileHelpers: Editor autosave (incl. sublevels) for all levels took 0.593
[2018.01.07-16.19.02:612][989]OBJ SavePackage: Generating thumbnails for [0] asset(s) in package [/Game/Assets/Zombie_Char/AB_Zombie] ([1] browsable assets)...
[2018.01.07-16.19.02:612][989]OBJ SavePackage: Finished generating thumbnails for package [/Game/Assets/Zombie_Char/AB_Zombie]
[2018.01.07-16.19.02:761][989]LogSavePackage: Save=131.01ms
[2018.01.07-16.19.02:761][989]LogSavePackage: Moving '../../../../../../Users/admin/Documents/Unreal Projects/Zombies/ZombileWar/ZombieWarFare/Saved/AB_Zombie_Auto12099DF87402089830486FB88A17FA940.tmp' to '../../../../../../Users/admin/Documents/Unreal Projects/Zombies/ZombileWar/ZombieWarFare/Saved/Autosaves/Game/Assets/Zombie_Char/AB_Zombie_Auto1.uasset'
[2018.01.07-16.19.02:778][989]LogSavePackage: Display: Finished SavePackage ../../../../../../Users/admin/Documents/Unreal Projects/Zombies/ZombileWar/ZombieWarFare/Saved/Autosaves/Game/Assets/Zombie_Char/AB_Zombie_Auto1.uasset
[2018.01.07-16.19.02:778][989]LogFileHelpers: Auto-saving content packages took 0.176
[2018.01.07-16.19.09:132][ 19]LogSavePackage: Save=74.20ms
[2018.01.07-16.19.09:132][ 19]LogSavePackage: Moving '../../../../../../Users/admin/Documents/Unreal Projects/Zombies/ZombileWar/ZombieWarFare/Saved/AB_Zombie686FB3904FBE90DEA524C7AAA76E8810.tmp' to '../../../../../../Users/admin/Documents/Unreal Projects/Zombies/ZombileWar/ZombieWarFare/Content/Assets/Zombie_Char/AB_Zombie.uasset'
[2018.01.07-16.19.09:142][ 19]LogFileManager: Warning: DeleteFile was unable to delete '../../../../../../Users/admin/Documents/Unreal Projects/Zombies/ZombileWar/ZombieWarFare/Content/Assets/Zombie_Char/AB_Zombie.uasset', retrying in .5s...
[2018.01.07-16.19.09:643][ 19]LogFileManager: Error: Error deleting file '../../../../../../Users/admin/Documents/Unreal Projects/Zombies/ZombileWar/ZombieWarFare/Content/Assets/Zombie_Char/AB_Zombie.uasset'.
[2018.01.07-16.19.09:644][ 19]LogSavePackage: Error: Error saving '../../../../../../Users/admin/Documents/Unreal Projects/Zombies/ZombileWar/ZombieWarFare/Content/Assets/Zombie_Char/AB_Zombie.uasset'
[2018.01.07-16.19.09:649][ 19]LogSavePackage: Display: Finished SavePackage ../../../../../../Users/admin/Documents/Unreal Projects/Zombies/ZombileWar/ZombieWarFare/Content/Assets/Zombie_Char/AB_Zombie.uasset
[2018.01.07-16.19.12:377][ 19]EditorErrors: New page: Save Output
[2018.01.07-16.19.12:377][ 19]EditorErrors: Warning: Error saving '../../../../../../Users/admin/Documents/Unreal Projects/Zombies/ZombileWar/ZombieWarFare/Content/Assets/Zombie_Char/AB_Zombie.uasset'
[2018.01.07-16.19.17:104][100]LogActorComponent: RegisterComponentWithWorld: (/Engine/Transient.World_19:PersistentLevel.Actor_3.DebugSkelMeshComponent_6) Already registered. Aborting.
[2018.01.07-16.19.17:561][100]LogSkeletalMesh: USkeletalMeshComponent::InitArticulated : Bodies already created (/Engine/Transient.World_19:PersistentLevel.Actor_3.DebugSkelMeshComponent_6) - call TermArticulated first.
[2018.01.07-16.19.18:211][100]LogContentBrowser: Verbose: The majority of assets in the view are of type: AnimSequence
[2018.01.07-16.19.19:775][135]LogSavePackage: Save=74.77ms
[2018.01.07-16.19.19:775][135]LogSavePackage: Moving '../../../../../../Users/admin/Documents/Unreal Projects/Zombies/ZombileWar/ZombieWarFare/Saved/AB_Zombie1E9C91D44B24AC508B0CBBA2F9DE93E1.tmp' to '../../../../../../Users/admin/Documents/Unreal Projects/Zombies/ZombileWar/ZombieWarFare/Content/Assets/Zombie_Char/AB_Zombie.uasset'
[2018.01.07-16.19.19:779][135]LogFileManager: Warning: DeleteFile was unable to delete '../../../../../../Users/admin/Documents/Unreal Projects/Zombies/ZombileWar/ZombieWarFare/Content/Assets/Zombie_Char/AB_Zombie.uasset', retrying in .5s...
[2018.01.07-16.19.20:279][135]LogFileManager: Error: Error deleting file '../../../../../../Users/admin/Documents/Unreal Projects/Zombies/ZombileWar/ZombieWarFare/Content/Assets/Zombie_Char/AB_Zombie.uasset'.
[2018.01.07-16.19.20:280][135]LogSavePackage: Error: Error saving '../../../../../../Users/admin/Documents/Unreal Projects/Zombies/ZombileWar/ZombieWarFare/Content/Assets/Zombie_Char/AB_Zombie.uasset'
[2018.01.07-16.19.20:284][135]LogSavePackage: Display: Finished SavePackage ../../../../../../Users/admin/Documents/Unreal Projects/Zombies/ZombileWar/ZombieWarFare/Content/Assets/Zombie_Char/AB_Zombie.uasset
[2018.01.07-16.19.27:427][135]EditorErrors: New page: Save Output
[2018.01.07-16.19.27:427][135]EditorErrors: Warning: Error saving '../../../../../../Users/admin/Documents/Unreal Projects/Zombies/ZombileWar/ZombieWarFare/Content/Assets/Zombie_Char/AB_Zombie.uasset'
[2018.01.07-16.19.29:792][186]BlueprintLog: New page: Compile AB_Zombie
[2018.01.07-16.19.31:684][222]LogSavePackage: Save=78.41ms
[2018.01.07-16.19.31:684][222]LogSavePackage: Moving '../../../../../../Users/admin/Documents/Unreal Projects/Zombies/ZombileWar/ZombieWarFare/Saved/AB_ZombieA346BEE6496BBFE93B43FD811E84DF8F.tmp' to '../../../../../../Users/admin/Documents/Unreal Projects/Zombies/ZombileWar/ZombieWarFare/Content/Assets/Zombie_Char/AB_Zombie.uasset'
[2018.01.07-16.19.31:694][222]LogFileManager: Warning: DeleteFile was unable to delete '../../../../../../Users/admin/Documents/Unreal Projects/Zombies/ZombileWar/ZombieWarFare/Content/Assets/Zombie_Char/AB_Zombie.uasset', retrying in .5s...
[2018.01.07-16.19.32:195][222]LogFileManager: Error: Error deleting file '../../../../../../Users/admin/Documents/Unreal Projects/Zombies/ZombileWar/ZombieWarFare/Content/Assets/Zombie_Char/AB_Zombie.uasset'.
[2018.01.07-16.19.32:196][222]LogSavePackage: Error: Error saving '../../../../../../Users/admin/Documents/Unreal Projects/Zombies/ZombileWar/ZombieWarFare/Content/Assets/Zombie_Char/AB_Zombie.uasset'
[2018.01.07-16.19.32:204][222]LogSavePackage: Display: Finished SavePackage ../../../../../../Users/admin/Documents/Unreal Projects/Zombies/ZombileWar/ZombieWarFare/Content/Assets/Zombie_Char/AB_Zombie.uasset
[2018.01.07-16.19.33:150][222]EditorErrors: New page: Save Output
[2018.01.07-16.19.33:150][222]EditorErrors: Warning: Error saving '../../../../../../Users/admin/Documents/Unreal Projects/Zombies/ZombileWar/ZombieWarFare/Content/Assets/Zombie_Char/AB_Zombie.uasset'
[2018.01.07-16.19.40:591][308]LogSavePackage: Save=235.89ms
[2018.01.07-16.19.40:591][308]LogSavePackage: Moving '../../../../../../Users/admin/Documents/Unreal Projects/Zombies/ZombileWar/ZombieWarFare/Saved/ThirdPersonExampleMapDE18744E4FB8CCE965729A9A1CCE3A7F.tmp' to '../../../../../../Users/admin/Documents/Unreal Projects/Zombies/ZombileWar/ZombieWarFare/Content/ThirdPersonBP/Maps/ThirdPersonExampleMap.umap'
[2018.01.07-16.19.40:599][308]LogFileManager: Warning: DeleteFile was unable to delete '../../../../../../Users/admin/Documents/Unreal Projects/Zombies/ZombileWar/ZombieWarFare/Content/ThirdPersonBP/Maps/ThirdPersonExampleMap.umap', retrying in .5s...
[2018.01.07-16.19.41:100][308]LogFileManager: Error: Error deleting file '../../../../../../Users/admin/Documents/Unreal Projects/Zombies/ZombileWar/ZombieWarFare/Content/ThirdPersonBP/Maps/ThirdPersonExampleMap.umap'.
[2018.01.07-16.19.41:101][308]LogSavePackage: Error: Error saving '../../../../../../Users/admin/Documents/Unreal Projects/Zombies/ZombileWar/ZombieWarFare/Content/ThirdPersonBP/Maps/ThirdPersonExampleMap.umap'
[2018.01.07-16.19.41:107][308]LogSavePackage: Display: Finished SavePackage ../../../../../../Users/admin/Documents/Unreal Projects/Zombies/ZombileWar/ZombieWarFare/Content/ThirdPersonBP/Maps/ThirdPersonExampleMap.umap
[2018.01.07-16.19.41:129][308]EditorErrors: New page: Save Output
[2018.01.07-16.19.41:129][308]EditorErrors: Warning: Error saving '../../../../../../Users/admin/Documents/Unreal Projects/Zombies/ZombileWar/ZombieWarFare/Content/ThirdPersonBP/Maps/ThirdPersonExampleMap.umap'
[2018.01.07-16.19.50:621][460]Cmd: QUIT_EDITOR
[2018.01.07-16.19.51:194][460]LogWindowsTextInputMethodSystem: Display: IME system now deactivated.
[2018.01.07-16.19.51:195][460]LogWindowsTextInputMethodSystem: Display: IME system now deactivated.
[2018.01.07-16.19.51:244][460]LogExit: Preparing to exit.
[2018.01.07-16.19.51:727][460]LogDirectoryWatcher: A directory notification for 'C:/Users/admin/Documents/Unreal Projects/Zombies/ZombileWar/ZombieWarFare/Content/' was aborted.
[2018.01.07-16.19.51:970][460]LogExit: Editor shut down
[2018.01.07-16.19.52:023][460]LogExit: Transaction tracking system shut down
[2018.01.07-16.19.52:270][460]LogDirectoryWatcher: A directory notification for '../../../Engine/Content/' was aborted.
[2018.01.07-16.19.52:270][460]LogDirectoryWatcher: A directory notification for '../../../../../../Users/admin/Documents/Unreal Projects/Zombies/ZombileWar/ZombieWarFare/Content/' was aborted.
[2018.01.07-16.19.52:270][460]LogDirectoryWatcher: A directory notification for '../../../Engine/Plugins/2D/Paper2D/Content/' was aborted.
[2018.01.07-16.19.52:270][460]LogDirectoryWatcher: A directory notification for '../../../Engine/Plugins/Media/MediaCompositing/Content/' was aborted.
[2018.01.07-16.19.52:270][460]LogDirectoryWatcher: A directory notification for '../../../Engine/Plugins/Runtime/AppleARKit/Content/' was aborted.
[2018.01.07-16.19.52:270][460]LogDirectoryWatcher: A directory notification for '../../../Engine/Plugins/Runtime/Oculus/OculusVR/Content/' was aborted.
[2018.01.07-16.19.52:270][460]LogDirectoryWatcher: A directory notification for '../../../Engine/Plugins/Runtime/Steam/SteamVR/Content/' was aborted.
[2018.01.07-16.19.52:661][460]LogExit: Object subsystem successfully closed.
[2018.01.07-16.19.52:721][460]LogD3D11RHI: Shutdown
[2018.01.07-16.19.52:721][460]LogD3D11RHI: CleanupD3DDevice
[2018.01.07-16.19.52:784][460]LogD3D11RHI: ~FD3D11DynamicRHI
[2018.01.07-16.19.52:886][460]LogModuleManager: Shutting down and abandoning module AnimationEditor (560)
[2018.01.07-16.19.52:886][460]LogModuleManager: Shutting down and abandoning module MovieSceneCapture (558)
[2018.01.07-16.19.52:886][460]LogModuleManager: Shutting down and abandoning module ClothingSystemEditorInterface (556)
[2018.01.07-16.19.52:887][460]LogModuleManager: Shutting down and abandoning module BlueprintGraph (554)
[2018.01.07-16.19.52:887][460]LogModuleManager: Shutting down and abandoning module SkeletonEditor (552)
[2018.01.07-16.19.52:887][460]LogModuleManager: Shutting down and abandoning module AnimationBlueprintEditor (550)
[2018.01.07-16.19.52:887][460]LogModuleManager: Shutting down and abandoning module HierarchicalLODOutliner (548)
[2018.01.07-16.19.52:887][460]LogModuleManager: Shutting down and abandoning module SceneOutliner (546)
[2018.01.07-16.19.52:889][460]LogModuleManager: Shutting down and abandoning module AddContentDialog (544)
[2018.01.07-16.19.52:890][460]LogDirectoryWatcher: A directory notification for 'C:/Program Files/Epic Games/UE_4.18/FeaturePacks/' was aborted.
[2018.01.07-16.19.52:902][460]LogModuleManager: Shutting down and abandoning module WidgetCarousel (543)
[2018.01.07-16.19.52:902][460]LogModuleManager: Shutting down and abandoning module EditorWidgets (540)
[2018.01.07-16.19.52:902][460]LogModuleManager: Shutting down and abandoning module CollectionManager (538)
[2018.01.07-16.19.52:902][460]LogDirectoryWatcher: A directory notification for 'C:/Users/admin/Documents/Unreal Projects/Zombies/ZombileWar/ZombieWarFare/Content/Collections/' was aborted.
[2018.01.07-16.19.52:902][460]LogDirectoryWatcher: A directory notification for 'C:/Users/admin/Documents/Unreal Projects/Zombies/ZombileWar/ZombieWarFare/Content/Developers/admin/Collections/' was aborted.
[2018.01.07-16.19.52:902][460]LogDirectoryWatcher: A directory notification for 'C:/Users/admin/Documents/Unreal Projects/Zombies/ZombileWar/ZombieWarFare/Saved/Collections/' was aborted.
[2018.01.07-16.19.52:902][460]LogModuleManager: Shutting down and abandoning module StatsViewer (536)
[2018.01.07-16.19.52:902][460]LogModuleManager: Shutting down and abandoning module FoliageEdit (534)
[2018.01.07-16.19.52:903][460]LogModuleManager: Shutting down and abandoning module LandscapeEditor (532)
[2018.01.07-16.19.52:903][460]LogModuleManager: Shutting down and abandoning module MeshPaintMode (530)
[2018.01.07-16.19.52:903][460]LogModuleManager: Shutting down and abandoning module SceneDepthPickerMode (528)
[2018.01.07-16.19.52:903][460]LogModuleManager: Shutting down and abandoning module ActorPickerMode (526)
[2018.01.07-16.19.52:903][460]LogModuleManager: Shutting down and abandoning module GeometryMode (524)
[2018.01.07-16.19.52:903][460]LogModuleManager: Shutting down and abandoning module TextureAlignMode (522)
[2018.01.07-16.19.52:903][460]LogModuleManager: Shutting down and abandoning module BspMode (520)
[2018.01.07-16.19.52:903][460]LogModuleManager: Shutting down and abandoning module PIEPreviewDeviceProfileSelector (518)
[2018.01.07-16.19.52:903][460]LogModuleManager: Shutting down and abandoning module HardwareSurvey (516)
[2018.01.07-16.19.52:903][460]LogModuleManager: Shutting down and abandoning module SequenceRecorderSections (514)
[2018.01.07-16.19.52:903][460]LogModuleManager: Shutting down and abandoning module AutomationWorker (512)
[2018.01.07-16.19.52:903][460]LogModuleManager: Shutting down and abandoning module MatineeToLevelSequence (510)
[2018.01.07-16.19.52:903][460]LogModuleManager: Shutting down and abandoning module LevelSequenceEditor (508)
[2018.01.07-16.19.52:904][460]LogModuleManager: Shutting down and abandoning module PlacementMode (507)
[2018.01.07-16.19.52:904][460]LogModuleManager: Shutting down and abandoning module WmfMediaFactory (504)
[2018.01.07-16.19.52:904][460]LogModuleManager: Shutting down and abandoning module WmfMediaEditor (502)
[2018.01.07-16.19.52:904][460]LogModuleManager: Shutting down and abandoning module OpenExrWrapper (500)
[2018.01.07-16.19.52:904][460]LogModuleManager: Shutting down and abandoning module ImgMediaFactory (498)
[2018.01.07-16.19.52:905][460]LogModuleManager: Shutting down and abandoning module ImgMediaEditor (496)
[2018.01.07-16.19.52:905][460]LogModuleManager: Shutting down and abandoning module AvfMediaFactory (494)
[2018.01.07-16.19.52:906][460]LogModuleManager: Shutting down and abandoning module AvfMediaEditor (492)
[2018.01.07-16.19.52:906][460]LogModuleManager: Shutting down and abandoning module AndroidMediaFactory (490)
[2018.01.07-16.19.52:906][460]LogModuleManager: Shutting down and abandoning module AndroidMediaEditor (488)
[2018.01.07-16.19.52:907][460]LogModuleManager: Shutting down and abandoning module CharacterAI (486)
[2018.01.07-16.19.52:907][460]LogModuleManager: Shutting down and abandoning module AudioCapture (484)
[2018.01.07-16.19.52:907][460]LogModuleManager: Shutting down and abandoning module SequenceRecorder (483)
[2018.01.07-16.19.52:908][460]LogModuleManager: Shutting down and abandoning module SmartSnapping (480)
[2018.01.07-16.19.52:908][460]LogModuleManager: Shutting down and abandoning module SessionServices (478)
[2018.01.07-16.19.52:908][460]LogModuleManager: Shutting down and abandoning module ViewportSnapping (476)
[2018.01.07-16.19.52:908][460]LogModuleManager: Shutting down and abandoning module ViewportInteraction (474)
[2018.01.07-16.19.52:908][460]LogModuleManager: Shutting down and abandoning module ClothPainter (472)
[2018.01.07-16.19.52:909][460]LogModuleManager: Shutting down and abandoning module SkeletalMeshEditor (471)
[2018.01.07-16.19.52:909][460]LogModuleManager: Shutting down and abandoning module LogVisualizer (468)
[2018.01.07-16.19.52:909][460]LogModuleManager: Shutting down and abandoning module IntroTutorials (466)
[2018.01.07-16.19.52:911][460]LogModuleManager: Shutting down and abandoning module GameProjectGeneration (465)
[2018.01.07-16.19.52:911][460]LogModuleManager: Shutting down and abandoning module IOSPlatformEditor (462)
[2018.01.07-16.19.52:911][460]LogModuleManager: Shutting down and abandoning module HTML5PlatformEditor (460)
[2018.01.07-16.19.52:912][460]LogModuleManager: Shutting down and abandoning module AndroidPlatformEditor (458)
[2018.01.07-16.19.52:912][460]LogModuleManager: Shutting down and abandoning module AndroidDeviceDetection (457)
[2018.01.07-16.19.53:075][460]LogModuleManager: Shutting down and abandoning module WindowsPlatformEditor (454)
[2018.01.07-16.19.53:075][460]LogModuleManager: Shutting down and abandoning module IOSRuntimeSettings (452)
[2018.01.07-16.19.53:075][460]LogModuleManager: Shutting down and abandoning module AndroidRuntimeSettings (450)
[2018.01.07-16.19.53:076][460]LogModuleManager: Shutting down and abandoning module InputBindingEditor (448)
[2018.01.07-16.19.53:076][460]LogModuleManager: Shutting down and abandoning module MergeActors (446)
[2018.01.07-16.19.53:076][460]LogModuleManager: Shutting down and abandoning module SizeMap (444)
[2018.01.07-16.19.53:076][460]LogModuleManager: Shutting down and abandoning module TreeMap (442)
[2018.01.07-16.19.53:076][460]LogModuleManager: Shutting down and abandoning module ReferenceViewer (440)
[2018.01.07-16.19.53:076][460]LogModuleManager: Shutting down and abandoning module LocalizationDashboard (438)
[2018.01.07-16.19.53:076][460]LogModuleManager: Shutting down and abandoning module LocalizationService (437)
[2018.01.07-16.19.53:076][460]LogModuleManager: Shutting down and abandoning module HardwareTargeting (434)
[2018.01.07-16.19.53:076][460]LogModuleManager: Shutting down and abandoning module DeviceProfileEditor (432)
[2018.01.07-16.19.53:076][460]LogModuleManager: Shutting down and abandoning module UndoHistory (430)
[2018.01.07-16.19.53:076][460]LogModuleManager: Shutting down and abandoning module XmlParser (428)
[2018.01.07-16.19.53:076][460]LogModuleManager: Shutting down and abandoning module Blutility (426)
[2018.01.07-16.19.53:076][460]LogModuleManager: Shutting down and abandoning module ProjectSettingsViewer (424)
[2018.01.07-16.19.53:076][460]LogModuleManager: Shutting down and abandoning module ProjectTargetPlatformEditor (423)
[2018.01.07-16.19.53:077][460]LogModuleManager: Shutting down and abandoning module EditorSettingsViewer (420)
[2018.01.07-16.19.53:077][460]LogModuleManager: Shutting down and abandoning module SettingsEditor (418)
[2018.01.07-16.19.53:078][460]LogModuleManager: Shutting down and abandoning module ProjectLauncher (416)
[2018.01.07-16.19.53:078][460]LogModuleManager: Shutting down and abandoning module SessionFrontend (414)
[2018.01.07-16.19.53:078][460]LogModuleManager: Shutting down and abandoning module ProfilerClient (412)
[2018.01.07-16.19.53:078][460]LogModuleManager: Shutting down and abandoning module DeviceManager (410)
[2018.01.07-16.19.53:078][460]LogModuleManager: Shutting down and abandoning module TargetDeviceServices (409)
[2018.01.07-16.19.53:133][460]LogModuleManager: Shutting down and abandoning module AutomationController (406)
[2018.01.07-16.19.53:133][460]LogModuleManager: Shutting down and abandoning module AutomationWindow (404)
[2018.01.07-16.19.53:133][460]LogModuleManager: Shutting down and abandoning module Layers (402)
[2018.01.07-16.19.53:133][460]LogModuleManager: Shutting down and abandoning module ComponentVisualizers (400)
[2018.01.07-16.19.53:133][460]LogModuleManager: Shutting down and abandoning module DetailCustomizations (398)
[2018.01.07-16.19.53:133][460]LogModuleManager: Shutting down and abandoning module PackagesDialog (396)
[2018.01.07-16.19.53:134][460]LogModuleManager: Shutting down and abandoning module Persona (394)
[2018.01.07-16.19.53:134][460]LogModuleManager: Shutting down and abandoning module AdvancedPreviewScene (393)
[2018.01.07-16.19.53:134][460]LogModuleManager: Shutting down and abandoning module AnimGraph (391)
[2018.01.07-16.19.53:134][460]LogModuleManager: Shutting down and abandoning module Kismet (388)
[2018.01.07-16.19.53:150][460]LogModuleManager: Shutting down and abandoning module ClassViewer (386)
[2018.01.07-16.19.53:150][460]LogModuleManager: Shutting down and abandoning module Toolbox (384)
[2018.01.07-16.19.53:151][460]LogModuleManager: Shutting down and abandoning module ModuleUI (382)
[2018.01.07-16.19.53:151][460]LogModuleManager: Shutting down and abandoning module MovieSceneTools (380)
[2018.01.07-16.19.53:151][460]LogModuleManager: Shutting down and abandoning module OutputLog (378)
[2018.01.07-16.19.53:151][460]LogModuleManager: Shutting down and abandoning module GammaUI (376)
[2018.01.07-16.19.53:151][460]LogModuleManager: Shutting down and abandoning module Documentation (374)
[2018.01.07-16.19.53:151][460]LogModuleManager: Shutting down and abandoning module MovieSceneTracks (372)
[2018.01.07-16.19.53:151][460]LogModuleManager: Shutting down and abandoning module MovieScene (370)
[2018.01.07-16.19.53:151][460]LogModuleManager: Shutting down and abandoning module StreamingPauseRendering (368)
[2018.01.07-16.19.53:151][460]LogModuleManager: Shutting down and abandoning module LauncherPlatform (366)
[2018.01.07-16.19.53:151][460]LogModuleManager: Shutting down and abandoning module AnalyticsET (364)
[2018.01.07-16.19.53:151][460]LogModuleManager: Shutting down and abandoning module PortalServices (362)
[2018.01.07-16.19.53:151][460]LogModuleManager: Shutting down and abandoning module PortalRpc (360)
[2018.01.07-16.19.53:151][460]LogModuleManager: Shutting down and abandoning module MessagingRpc (358)
[2018.01.07-16.19.53:151][460]LogModuleManager: Shutting down and abandoning module AIModule (356)
[2018.01.07-16.19.53:151][460]LogModuleManager: Shutting down and abandoning module GameplayDebugger (355)
[2018.01.07-16.19.53:151][460]LogModuleManager: Shutting down and abandoning module AITestSuite (353)
[2018.01.07-16.19.53:151][460]LogModuleManager: Shutting down and abandoning module DesktopPlatform (350)
[2018.01.07-16.19.53:151][460]LogModuleManager: Shutting down and abandoning module ProfilerService (348)
[2018.01.07-16.19.53:273][460]LogModuleManager: Shutting down and abandoning module TaskGraph (346)
[2018.01.07-16.19.53:274][460]LogModuleManager: Shutting down and abandoning module SteamVRController (344)
[2018.01.07-16.19.53:274][460]LogModuleManager: Shutting down and abandoning module ProceduralMeshComponentEditor (342)
[2018.01.07-16.19.53:274][460]LogModuleManager: Shutting down and abandoning module ProceduralMeshComponent (340)
[2018.01.07-16.19.53:274][460]LogModuleManager: Shutting down and abandoning module OculusInput (338)
[2018.01.07-16.19.53:274][460]LogModuleManager: Shutting down and abandoning module MobilePatchingUtils (336)
[2018.01.07-16.19.53:274][460]LogModuleManager: Shutting down and abandoning module CustomMeshComponent (334)
[2018.01.07-16.19.53:274][460]LogModuleManager: Shutting down and abandoning module CableComponent (332)
[2018.01.07-16.19.53:274][460]LogModuleManager: Shutting down and abandoning module ArchVisCharacter (330)
[2018.01.07-16.19.53:274][460]LogModuleManager: Shutting down and abandoning module AndroidPermission (328)
[2018.01.07-16.19.53:274][460]LogModuleManager: Shutting down and abandoning module ActorSequence (324)
[2018.01.07-16.19.53:274][460]LogModuleManager: Shutting down and abandoning module MediaPlayerEditor (322)
[2018.01.07-16.19.53:274][460]LogModuleManager: Shutting down and abandoning module MediaCompositingEditor (320)
[2018.01.07-16.19.53:274][460]LogModuleManager: Shutting down and abandoning module MediaCompositing (318)
[2018.01.07-16.19.53:274][460]LogModuleManager: Shutting down and abandoning module HTML5Networking (316)
[2018.01.07-16.19.53:274][460]LogModuleManager: Shutting down and abandoning module AlembicImporter (314)
[2018.01.07-16.19.53:274][460]LogModuleManager: Shutting down and abandoning module AlembicLibrary (313)
[2018.01.07-16.19.53:274][460]LogModuleManager: Shutting down and abandoning module GeometryCache (312)
[2018.01.07-16.19.53:274][460]LogModuleManager: Shutting down and abandoning module GeometryCacheEd (311)
[2018.01.07-16.19.53:274][460]LogModuleManager: Shutting down and abandoning module SpeedTreeImporter (306)
[2018.01.07-16.19.53:274][460]LogModuleManager: Shutting down and abandoning module PluginBrowser (304)
[2018.01.07-16.19.53:274][460]LogModuleManager: Shutting down and abandoning module MobileLauncherProfileWizard (302)
[2018.01.07-16.19.53:274][460]LogModuleManager: Shutting down and abandoning module VisualStudioSourceCodeAccess (300)
[2018.01.07-16.19.53:274][460]LogModuleManager: Shutting down and abandoning module VisualStudioCodeSourceCodeAccess (298)
[2018.01.07-16.19.53:274][460]LogModuleManager: Shutting down and abandoning module UObjectPlugin (296)
[2018.01.07-16.19.53:274][460]LogModuleManager: Shutting down and abandoning module SubversionSourceControl (294)
[2018.01.07-16.19.53:274][460]LogModuleManager: Shutting down and abandoning module PerforceSourceControl (292)
[2018.01.07-16.19.53:274][460]LogModuleManager: Shutting down and abandoning module GitSourceControl (290)
[2018.01.07-16.19.53:275][460]LogModuleManager: Shutting down and abandoning module SourceControl (289)
[2018.01.07-16.19.53:275][460]LogModuleManager: Shutting down and abandoning module LightPropagationVolumeEditor (286)
[2018.01.07-16.19.53:275][460]LogModuleManager: Shutting down and abandoning module PaperTiledImporter (284)
[2018.01.07-16.19.53:275][460]LogModuleManager: Shutting down and abandoning module PaperSpriteSheetImporter (282)
[2018.01.07-16.19.53:275][460]LogModuleManager: Shutting down and abandoning module Paper2DEditor (280)
[2018.01.07-16.19.53:275][460]LogModuleManager: Shutting down and abandoning module MeshPaint (279)
[2018.01.07-16.19.53:275][460]LogModuleManager: Shutting down and abandoning module LevelEditor (277)
[2018.01.07-16.19.53:279][460]LogModuleManager: Shutting down and abandoning module PixelInspectorModule (276)
[2018.01.07-16.19.53:280][460]LogModuleManager: Shutting down and abandoning module MainFrame (274)
[2018.01.07-16.19.53:280][460]LogModuleManager: Shutting down and abandoning module HotReload (273)
[2018.01.07-16.19.53:280][460]LogModuleManager: Shutting down and abandoning module RuntimePhysXCooking (268)
[2018.01.07-16.19.53:280][460]LogModuleManager: Shutting down and abandoning module PhysXVehiclesEditor (266)
[2018.01.07-16.19.53:280][460]LogModuleManager: Shutting down and abandoning module PhysXVehicles (264)
[2018.01.07-16.19.53:280][460]LogModuleManager: Shutting down and abandoning module OculusEditor (262)
[2018.01.07-16.19.53:280][460]LogModuleManager: Shutting down and abandoning module LocationServicesBPLibrary (260)
[2018.01.07-16.19.53:281][460]LogModuleManager: Shutting down and abandoning module ImmediatePhysicsEditor (258)
[2018.01.07-16.19.53:281][460]LogModuleManager: Shutting down and abandoning module ImmediatePhysics (256)
[2018.01.07-16.19.53:281][460]LogModuleManager: Shutting down and abandoning module UdpMessaging (254)
[2018.01.07-16.19.53:381][460]LogModuleManager: Shutting down and abandoning module TcpMessaging (252)
[2018.01.07-16.19.53:482][460]LogModuleManager: Shutting down and abandoning module GameplayTagsEditor (250)
[2018.01.07-16.19.53:483][460]LogModuleManager: Shutting down and abandoning module FacialAnimationEditor (248)
[2018.01.07-16.19.53:483][460]LogModuleManager: Shutting down and abandoning module FacialAnimation (246)
[2018.01.07-16.19.53:484][460]LogModuleManager: Shutting down and abandoning module AssetManagerEditor (244)
[2018.01.07-16.19.53:484][460]LogModuleManager: Shutting down and abandoning module GraphEditor (243)
[2018.01.07-16.19.53:484][460]LogModuleManager: Shutting down and abandoning module ContentBrowser (241)
[2018.01.07-16.19.53:490][460]LogModuleManager: Shutting down and abandoning module LightPropagationVolumeRuntime (238)
[2018.01.07-16.19.53:491][460]LogModuleManager: Shutting down and abandoning module Paper2D (236)
[2018.01.07-16.19.53:491][460]LogModuleManager: Shutting down and abandoning module WindowsMoviePlayer (234)
[2018.01.07-16.19.53:491][460]LogModuleManager: Shutting down and abandoning module WmfMedia (232)
[2018.01.07-16.19.53:503][460]LogModuleManager: Shutting down and abandoning module ImgMedia (230)
[2018.01.07-16.19.53:503][460]LogModuleManager: Shutting down and abandoning module PacketHandler (228)
[2018.01.07-16.19.53:504][460]LogModuleManager: Shutting down and abandoning module ClothingSystemEditor (226)
[2018.01.07-16.19.53:504][460]LogModuleManager: Shutting down and abandoning module ClothingSystemRuntime (224)
[2018.01.07-16.19.53:504][460]LogModuleManager: Shutting down and abandoning module MediaAssets (222)
[2018.01.07-16.19.53:504][460]LogModuleManager: Shutting down and abandoning module Media (221)
[2018.01.07-16.19.53:512][460]LogModuleManager: Shutting down and abandoning module Overlay (218)
[2018.01.07-16.19.53:512][460]LogModuleManager: Shutting down and abandoning module OverlayEditor (217)
[2018.01.07-16.19.53:512][460]LogModuleManager: Shutting down and abandoning module VREditor (214)
[2018.01.07-16.19.53:512][460]LogModuleManager: Shutting down and abandoning module StringTableEditor (212)
[2018.01.07-16.19.53:512][460]LogModuleManager: Shutting down and abandoning module GameplayTasksEditor (210)
[2018.01.07-16.19.53:512][460]LogModuleManager: Shutting down and abandoning module BehaviorTreeEditor (208)
[2018.01.07-16.19.53:512][460]LogModuleManager: Shutting down and abandoning module FunctionalTesting (206)
[2018.01.07-16.19.53:512][460]LogModuleManager: Shutting down and abandoning module CollisionAnalyzer (204)
[2018.01.07-16.19.53:512][460]LogModuleManager: Shutting down and abandoning module WorkspaceMenuStructure (203)
[2018.01.07-16.19.53:512][460]LogModuleManager: Shutting down and abandoning module UMG (200)
[2018.01.07-16.19.53:512][460]LogModuleManager: Shutting down and abandoning module UMGEditor (199)
[2018.01.07-16.19.53:512][460]LogModuleManager: Shutting down and abandoning module Sequencer (198)
[2018.01.07-16.19.53:512][460]LogModuleManager: Shutting down and abandoning module MessageLog (195)
[2018.01.07-16.19.53:512][460]LogModuleManager: Shutting down and abandoning module SlateReflector (190)
[2018.01.07-16.19.53:512][460]LogModuleManager: Shutting down and abandoning module Slate (188)
[2018.01.07-16.19.53:513][460]LogModuleManager: Shutting down and abandoning module EditorStyle (186)
[2018.01.07-16.19.53:521][460]LogModuleManager: Shutting down and abandoning module MRMesh (184)
[2018.01.07-16.19.53:521][460]LogModuleManager: Shutting down and abandoning module SourceCodeAccess (182)
[2018.01.07-16.19.53:521][460]LogModuleManager: Shutting down and abandoning module HeadMountedDisplay (180)
[2018.01.07-16.19.53:521][460]LogModuleManager: Shutting down and abandoning module XAudio2 (178)
[2018.01.07-16.19.53:521][460]LogModuleManager: Shutting down and abandoning module Networking (176)
[2018.01.07-16.19.53:522][460]LogModuleManager: Shutting down and abandoning module Core (172)
[2018.01.07-16.19.53:522][460]LogModuleManager: Shutting down and abandoning module LevelSequence (168)
[2018.01.07-16.19.53:522][460]LogModuleManager: Shutting down and abandoning module DirectoryWatcher (166)
[2018.01.07-16.19.53:534][460]LogModuleManager: Shutting down and abandoning module KismetCompiler (164)
[2018.01.07-16.19.53:534][460]LogModuleManager: Shutting down and abandoning module MeshUtilities (162)
[2018.01.07-16.19.53:534][460]LogModuleManager: Shutting down and abandoning module MeshMergeUtilities (161)
[2018.01.07-16.19.53:535][460]LogModuleManager: Shutting down and abandoning module MeshReductionInterface (160)
[2018.01.07-16.19.53:535][460]LogModuleManager: Shutting down and abandoning module SimplygonSwarm (159)
[2018.01.07-16.19.53:535][460]LogModuleManager: Shutting down and abandoning module SimplygonMeshReduction (157)
[2018.01.07-16.19.53:535][460]LogModuleManager: Shutting down and abandoning module QuadricMeshReduction (155)
[2018.01.07-16.19.53:535][460]LogModuleManager: Shutting down and abandoning module MaterialBaking (151)
[2018.01.07-16.19.53:535][460]LogModuleManager: Shutting down and abandoning module DerivedDataCache (148)
[2018.01.07-16.19.53:538][460]LogDerivedDataCache: Shutdown
[2018.01.07-16.19.53:538][460]LogModuleManager: Shutting down and abandoning module TargetPlatform (146)
[2018.01.07-16.19.53:538][460]LogModuleManager: Shutting down and abandoning module VulkanShaderFormat (145)
[2018.01.07-16.19.53:538][460]LogModuleManager: Shutting down and abandoning module ShaderFormatVectorVM (143)
[2018.01.07-16.19.53:538][460]LogModuleManager: Shutting down and abandoning module ShaderFormatOpenGL (141)
[2018.01.07-16.19.53:538][460]LogModuleManager: Shutting down and abandoning module ShaderFormatD3D (139)
[2018.01.07-16.19.53:538][460]LogModuleManager: Shutting down and abandoning module MetalShaderFormat (137)
[2018.01.07-16.19.53:538][460]LogModuleManager: Shutting down and abandoning module TextureFormatUncompressed (135)
[2018.01.07-16.19.53:538][460]LogModuleManager: Shutting down and abandoning module TextureFormatPVR (133)
[2018.01.07-16.19.53:538][460]LogModuleManager: Shutting down and abandoning module TextureFormatDXT (131)
[2018.01.07-16.19.53:538][460]LogModuleManager: Shutting down and abandoning module TextureFormatIntelISPCTexComp (129)
[2018.01.07-16.19.53:538][460]LogModuleManager: Shutting down and abandoning module TextureFormatASTC (127)
[2018.01.07-16.19.53:538][460]LogModuleManager: Shutting down and abandoning module ImageWrapper (126)
[2018.01.07-16.19.53:538][460]LogModuleManager: Shutting down and abandoning module TextureFormatAndroid (123)
[2018.01.07-16.19.53:538][460]LogModuleManager: Shutting down and abandoning module AudioFormatOpus (121)
[2018.01.07-16.19.53:538][460]LogModuleManager: Shutting down and abandoning module AudioFormatOgg (119)
[2018.01.07-16.19.53:538][460]LogModuleManager: Shutting down and abandoning module AudioFormatADPCM (117)
[2018.01.07-16.19.53:538][460]LogModuleManager: Shutting down and abandoning module LinuxTargetPlatform (115)
[2018.01.07-16.19.53:539][460]LogModuleManager: Shutting down and abandoning module LinuxServerTargetPlatform (113)
[2018.01.07-16.19.53:539][460]LogModuleManager: Shutting down and abandoning module LinuxNoEditorTargetPlatform (111)
[2018.01.07-16.19.53:539][460]LogModuleManager: Shutting down and abandoning module LinuxClientTargetPlatform (109)
[2018.01.07-16.19.53:539][460]LogModuleManager: Shutting down and abandoning module TVOSTargetPlatform (107)
[2018.01.07-16.19.53:539][460]LogModuleManager: Shutting down and abandoning module Messaging (105)
[2018.01.07-16.19.53:539][460]LogModuleManager: Shutting down and abandoning module IOSTargetPlatform (103)
[2018.01.07-16.19.53:539][460]LogModuleManager: Shutting down and abandoning module HTML5TargetPlatform (101)
[2018.01.07-16.19.53:539][460]LogModuleManager: Shutting down and abandoning module AndroidTargetPlatform (99)
[2018.01.07-16.19.53:539][460]LogModuleManager: Shutting down and abandoning module Android_PVRTCTargetPlatform (97)
[2018.01.07-16.19.53:539][460]LogModuleManager: Shutting down and abandoning module Android_MultiTargetPlatform (95)
[2018.01.07-16.19.53:539][460]LogModuleManager: Shutting down and abandoning module Android_ETC2TargetPlatform (93)
[2018.01.07-16.19.53:539][460]LogModuleManager: Shutting down and abandoning module Android_ETC1TargetPlatform (91)
[2018.01.07-16.19.53:539][460]LogModuleManager: Shutting down and abandoning module Android_DXTTargetPlatform (89)
[2018.01.07-16.19.53:539][460]LogModuleManager: Shutting down and abandoning module Android_ATCTargetPlatform (87)
[2018.01.07-16.19.53:539][460]LogModuleManager: Shutting down and abandoning module Android_ASTCTargetPlatform (85)
[2018.01.07-16.19.53:539][460]LogModuleManager: Shutting down and abandoning module WindowsTargetPlatform (83)
[2018.01.07-16.19.53:539][460]LogModuleManager: Shutting down and abandoning module WindowsServerTargetPlatform (81)
[2018.01.07-16.19.53:539][460]LogModuleManager: Shutting down and abandoning module WindowsNoEditorTargetPlatform (79)
[2018.01.07-16.19.53:539][460]LogModuleManager: Shutting down and abandoning module WindowsClientTargetPlatform (77)
[2018.01.07-16.19.53:539][460]LogModuleManager: Shutting down and abandoning module MacTargetPlatform (75)
[2018.01.07-16.19.53:539][460]LogModuleManager: Shutting down and abandoning module MacServerTargetPlatform (73)
[2018.01.07-16.19.53:539][460]LogModuleManager: Shutting down and abandoning module MacNoEditorTargetPlatform (71)
[2018.01.07-16.19.53:539][460]LogModuleManager: Shutting down and abandoning module MacClientTargetPlatform (69)
[2018.01.07-16.19.53:539][460]LogModuleManager: Shutting down and abandoning module AllDesktopTargetPlatform (67)
[2018.01.07-16.19.53:539][460]LogModuleManager: Shutting down and abandoning module InputCore (64)
[2018.01.07-16.19.53:539][460]LogModuleManager: Shutting down and abandoning module Settings (62)
[2018.01.07-16.19.53:539][460]LogModuleManager: Shutting down and abandoning module PhysXCooking (60)
[2018.01.07-16.19.53:539][460]LogModuleManager: Shutting down and abandoning module SteamVR (58)
[2018.01.07-16.19.53:539][460]LogModuleManager: Shutting down and abandoning module OculusHMD (56)
[2018.01.07-16.19.53:539][460]LogModuleManager: Shutting down and abandoning module ExampleDeviceProfileSelector (54)
[2018.01.07-16.19.53:540][460]LogModuleManager: Shutting down and abandoning module AppleARKit (52)
[2018.01.07-16.19.53:540][460]LogModuleManager: Shutting down and abandoning module AugmentedReality (51)
[2018.01.07-16.19.53:540][460]LogModuleManager: Shutting down and abandoning module OnlineBlueprintSupport (48)
[2018.01.07-16.19.53:540][460]LogModuleManager: Shutting down and abandoning module OnlineSubsystem (44)
[2018.01.07-16.19.53:540][460]LogModuleManager: Shutting down and abandoning module XMPP (43)
[2018.01.07-16.19.53:540][460]LogModuleManager: Shutting down and abandoning module HTTP (41)
[2018.01.07-16.19.53:540][460]LogHttp: Display: Http module shutting down, but needs to wait on 1 outstanding Http requests:
[2018.01.07-16.19.53:540][460]LogHttp: Display: 	verb=[POST] url=[https://datarouter.ol.epicgames.com/datarouter/api/v1/public/data?SessionID=%7BCE3BC462-4D87-B061-4B36-6994957AA54F%7D&AppID=UEEditor.Rocket.Release&AppVersion=4.18.0-3709383%2B%2B%2BUE4%2BRelease-4.18&UserID=e95505dc4627316e2111bda19314304c%7C2e359d416f14471aab8308ec227836a8%7C05d4b3a3-34ca-4a3b-8e3e-d0c0b5b81a62&AppEnvironment=datacollector-binary&UploadType=eteventstream] status=Processing
[2018.01.07-16.19.53:571][460]LogModuleManager: Shutting down and abandoning module SSL (40)
[2018.01.07-16.19.53:573][460]LogModuleManager: Shutting down and abandoning module AnimationModifiers (36)
[2018.01.07-16.19.53:575][460]LogModuleManager: Shutting down and abandoning module PropertyEditor (35)
[2018.01.07-16.19.53:575][460]LogModuleManager: Shutting down and abandoning module AudioEditor (32)
[2018.01.07-16.19.53:575][460]LogModuleManager: Shutting down and abandoning module TextureCompressor (30)
[2018.01.07-16.19.53:575][460]LogModuleManager: Shutting down and abandoning module ShaderCore (28)
[2018.01.07-16.19.53:575][460]LogModuleManager: Shutting down and abandoning module Landscape (26)
[2018.01.07-16.19.53:575][460]LogModuleManager: Shutting down and abandoning module SlateRHIRenderer (24)
[2018.01.07-16.19.53:581][460]LogModuleManager: Shutting down and abandoning module OpenGLDrv (22)
[2018.01.07-16.19.53:581][460]LogModuleManager: Shutting down and abandoning module D3D11RHI (20)
[2018.01.07-16.19.53:581][460]LogModuleManager: Shutting down and abandoning module AnimGraphRuntime (18)
[2018.01.07-16.19.53:581][460]LogModuleManager: Shutting down and abandoning module Renderer (16)
[2018.01.07-16.19.53:581][460]LogModuleManager: Shutting down and abandoning module Engine (14)
[2018.01.07-16.19.53:581][460]LogModuleManager: Shutting down and abandoning module CoreUObject (12)
[2018.01.07-16.19.53:581][460]LogModuleManager: Shutting down and abandoning module NetworkFile (10)
[2018.01.07-16.19.53:581][460]LogModuleManager: Shutting down and abandoning module CookedIterativeFile (8)
[2018.01.07-16.19.53:582][460]LogModuleManager: Shutting down and abandoning module StreamingFile (6)
[2018.01.07-16.19.53:582][460]LogModuleManager: Shutting down and abandoning module SandboxFile (4)
[2018.01.07-16.19.53:582][460]LogModuleManager: Shutting down and abandoning module PakFile (2)
[2018.01.07-16.19.53:589][460]LogExit: Exiting.
[2018.01.07-16.19.53:617][460]Log file closed, 01/07/18 18:19:53
