Log file open, 01/08/18 15:25:50
LogWindows: Failed to load 'aqProf.dll' (GetLastError=126)
LogWindows: File 'aqProf.dll' does not exist
LogWindows: Failed to load 'VtuneApi.dll' (GetLastError=126)
LogWindows: File 'VtuneApi.dll' does not exist
LogWindows: Failed to load 'VtuneApi32e.dll' (GetLastError=126)
LogWindows: File 'VtuneApi32e.dll' does not exist
LogInit: Display: Running engine for game: ZombieWarFare
LogPlatformFile: Not using cached read wrapper
LogInit: Display: RandInit(-692294391) SRandInit(-692294390).
LogInit: Read version file with build ID '3709383'
LogInit: Overriding engine version to CL 3709383, compatible CL 3709383
LogInit: Registered custom module enumerator with build ID '3709383'
LogTaskGraph: Started task graph with 5 named threads and 8 total threads with 3 sets of task threads.
LogStats: Stats thread started at 0.225595
LogD3D11RHI: Aftermath initialized
LogModuleManager: Display: Found up-to-date module file ../../../Engine/Plugins/2D/Paper2D/Binaries/Win64/UE4Editor-Paper2D.dll (API version 3709383).
LogModuleManager: Display: Found up-to-date module file ../../../Engine/Plugins/2D/Paper2D/Binaries/Win64/UE4Editor-Paper2DEditor.dll (API version 3709383).
LogModuleManager: Display: Found up-to-date module file ../../../Engine/Plugins/2D/Paper2D/Binaries/Win64/UE4Editor-PaperSpriteSheetImporter.dll (API version 3709383).
LogModuleManager: Display: Found up-to-date module file ../../../Engine/Plugins/2D/Paper2D/Binaries/Win64/UE4Editor-PaperTiledImporter.dll (API version 3709383).
LogModuleManager: Display: Found up-to-date module file ../../../Engine/Plugins/2D/Paper2D/Binaries/Win64/UE4Editor-SmartSnapping.dll (API version 3709383).
LogModuleManager: Display: Found up-to-date module file ../../../Engine/Plugins/Blendables/LightPropagationVolume/Binaries/Win64/UE4Editor-LightPropagationVolumeRuntime.dll (API version 3709383).
LogModuleManager: Display: Found up-to-date module file ../../../Engine/Plugins/Blendables/LightPropagationVolume/Binaries/Win64/UE4Editor-LightPropagationVolumeEditor.dll (API version 3709383).
LogModuleManager: Display: Found up-to-date module file ../../../Engine/Plugins/Developer/GitSourceControl/Binaries/Win64/UE4Editor-GitSourceControl.dll (API version 3709383).
LogModuleManager: Display: Found up-to-date module file ../../../Engine/Plugins/Developer/PerforceSourceControl/Binaries/Win64/UE4Editor-PerforceSourceControl.dll (API version 3709383).
LogModuleManager: Display: Found up-to-date module file ../../../Engine/Plugins/Developer/SubversionSourceControl/Binaries/Win64/UE4Editor-SubversionSourceControl.dll (API version 3709383).
LogModuleManager: Display: Found up-to-date module file ../../../Engine/Plugins/Developer/UObjectPlugin/Binaries/Win64/UE4Editor-UObjectPlugin.dll (API version 3709383).
LogModuleManager: Display: Found up-to-date module file ../../../Engine/Plugins/Developer/VisualStudioCodeSourceCodeAccess/Binaries/Win64/UE4Editor-VisualStudioCodeSourceCodeAccess.dll (API version 3709383).
LogModuleManager: Display: Found up-to-date module file ../../../Engine/Plugins/Developer/VisualStudioSourceCodeAccess/Binaries/Win64/UE4Editor-VisualStudioSourceCodeAccess.dll (API version 3709383).
LogModuleManager: Display: Found up-to-date module file ../../../Engine/Plugins/Editor/AssetManagerEditor/Binaries/Win64/UE4Editor-AssetManagerEditor.dll (API version 3709383).
LogModuleManager: Display: Found up-to-date module file ../../../Engine/Plugins/Editor/AudioCapture/Binaries/Win64/UE4Editor-AudioCapture.dll (API version 3709383).
LogModuleManager: Display: Found up-to-date module file ../../../Engine/Plugins/Editor/FacialAnimation/Binaries/Win64/UE4Editor-FacialAnimation.dll (API version 3709383).
LogModuleManager: Display: Found up-to-date module file ../../../Engine/Plugins/Editor/FacialAnimation/Binaries/Win64/UE4Editor-FacialAnimationEditor.dll (API version 3709383).
LogModuleManager: Display: Found up-to-date module file ../../../Engine/Plugins/Editor/GameplayTagsEditor/Binaries/Win64/UE4Editor-GameplayTagsEditor.dll (API version 3709383).
LogModuleManager: Display: Found up-to-date module file ../../../Engine/Plugins/Editor/MobileLauncherProfileWizard/Binaries/Win64/UE4Editor-MobileLauncherProfileWizard.dll (API version 3709383).
LogModuleManager: Display: Found up-to-date module file ../../../Engine/Plugins/Editor/PluginBrowser/Binaries/Win64/UE4Editor-PluginBrowser.dll (API version 3709383).
LogModuleManager: Display: Found up-to-date module file ../../../Engine/Plugins/Editor/SpeedTreeImporter/Binaries/Win64/UE4Editor-SpeedTreeImporter.dll (API version 3709383).
LogModuleManager: Display: Found up-to-date module file ../../../Engine/Plugins/Experimental/AlembicImporter/Binaries/Win64/UE4Editor-AlembicImporter.dll (API version 3709383).
LogModuleManager: Display: Found up-to-date module file ../../../Engine/Plugins/Experimental/AlembicImporter/Binaries/Win64/UE4Editor-AlembicLibrary.dll (API version 3709383).
LogModuleManager: Display: Found up-to-date module file ../../../Engine/Plugins/Experimental/CharacterAI/Binaries/Win64/UE4Editor-CharacterAI.dll (API version 3709383).
LogModuleManager: Display: Found up-to-date module file ../../../Engine/Plugins/Experimental/HTML5Networking/Binaries/Win64/UE4Editor-HTML5Networking.dll (API version 3709383).
LogModuleManager: Display: Found up-to-date module file ../../../Engine/Plugins/Media/AndroidMedia/Binaries/Win64/UE4Editor-AndroidMediaEditor.dll (API version 3709383).
LogModuleManager: Display: Found up-to-date module file ../../../Engine/Plugins/Media/AndroidMedia/Binaries/Win64/UE4Editor-AndroidMediaFactory.dll (API version 3709383).
LogModuleManager: Display: Found up-to-date module file ../../../Engine/Plugins/Media/AvfMedia/Binaries/Win64/UE4Editor-AvfMediaEditor.dll (API version 3709383).
LogModuleManager: Display: Found up-to-date module file ../../../Engine/Plugins/Media/AvfMedia/Binaries/Win64/UE4Editor-AvfMediaFactory.dll (API version 3709383).
LogModuleManager: Display: Found up-to-date module file ../../../Engine/Plugins/Media/AvfMedia/Binaries/Win64/UE4Editor-AvfMediaFactory.dll (API version 3709383).
LogModuleManager: Display: Found up-to-date module file ../../../Engine/Plugins/Media/ImgMedia/Binaries/Win64/UE4Editor-ImgMedia.dll (API version 3709383).
LogModuleManager: Display: Found up-to-date module file ../../../Engine/Plugins/Media/ImgMedia/Binaries/Win64/UE4Editor-ImgMediaEditor.dll (API version 3709383).
LogModuleManager: Display: Found up-to-date module file ../../../Engine/Plugins/Media/ImgMedia/Binaries/Win64/UE4Editor-ImgMediaFactory.dll (API version 3709383).
LogModuleManager: Display: Found up-to-date module file ../../../Engine/Plugins/Media/ImgMedia/Binaries/Win64/UE4Editor-ImgMediaFactory.dll (API version 3709383).
LogModuleManager: Display: Found up-to-date module file ../../../Engine/Plugins/Media/ImgMedia/Binaries/Win64/UE4Editor-OpenExrWrapper.dll (API version 3709383).
LogModuleManager: Display: Found up-to-date module file ../../../Engine/Plugins/Media/MediaCompositing/Binaries/Win64/UE4Editor-MediaCompositing.dll (API version 3709383).
LogModuleManager: Display: Found up-to-date module file ../../../Engine/Plugins/Media/MediaCompositing/Binaries/Win64/UE4Editor-MediaCompositingEditor.dll (API version 3709383).
LogModuleManager: Display: Found up-to-date module file ../../../Engine/Plugins/Media/MediaPlayerEditor/Binaries/Win64/UE4Editor-MediaPlayerEditor.dll (API version 3709383).
LogModuleManager: Display: Found up-to-date module file ../../../Engine/Plugins/Media/WmfMedia/Binaries/Win64/UE4Editor-WmfMedia.dll (API version 3709383).
LogModuleManager: Display: Found up-to-date module file ../../../Engine/Plugins/Media/WmfMedia/Binaries/Win64/UE4Editor-WmfMediaEditor.dll (API version 3709383).
LogModuleManager: Display: Found up-to-date module file ../../../Engine/Plugins/Media/WmfMedia/Binaries/Win64/UE4Editor-WmfMediaFactory.dll (API version 3709383).
LogModuleManager: Display: Found up-to-date module file ../../../Engine/Plugins/Media/WmfMedia/Binaries/Win64/UE4Editor-WmfMediaFactory.dll (API version 3709383).
LogModuleManager: Display: Found up-to-date module file ../../../Engine/Plugins/Messaging/TcpMessaging/Binaries/Win64/UE4Editor-TcpMessaging.dll (API version 3709383).
LogModuleManager: Display: Found up-to-date module file ../../../Engine/Plugins/Messaging/UdpMessaging/Binaries/Win64/UE4Editor-UdpMessaging.dll (API version 3709383).
LogModuleManager: Display: Found up-to-date module file ../../../Engine/Plugins/MovieScene/ActorSequence/Binaries/Win64/UE4Editor-ActorSequence.dll (API version 3709383).
LogModuleManager: Display: Found up-to-date module file ../../../Engine/Plugins/MovieScene/LevelSequenceEditor/Binaries/Win64/UE4Editor-LevelSequenceEditor.dll (API version 3709383).
LogModuleManager: Display: Found up-to-date module file ../../../Engine/Plugins/MovieScene/MatineeToLevelSequence/Binaries/Win64/UE4Editor-MatineeToLevelSequence.dll (API version 3709383).
LogModuleManager: Display: Found up-to-date module file ../../../Engine/Plugins/Online/OnlineSubsystem/Binaries/Win64/UE4Editor-OnlineSubsystem.dll (API version 3709383).
LogModuleManager: Display: Found up-to-date module file ../../../Engine/Plugins/Runtime/AndroidPermission/Binaries/Win64/UE4Editor-AndroidPermission.dll (API version 3709383).
LogModuleManager: Display: Found up-to-date module file ../../../Engine/Plugins/Online/OnlineSubsystemNull/Binaries/Win64/UE4Editor-OnlineSubsystemNull.dll (API version 3709383).
LogModuleManager: Display: Found up-to-date module file ../../../Engine/Plugins/Online/OnlineSubsystemUtils/Binaries/Win64/UE4Editor-OnlineSubsystemUtils.dll (API version 3709383).
LogModuleManager: Display: Found up-to-date module file ../../../Engine/Plugins/Online/OnlineSubsystemUtils/Binaries/Win64/UE4Editor-OnlineBlueprintSupport.dll (API version 3709383).
LogModuleManager: Display: Found up-to-date module file ../../../Engine/Plugins/Runtime/AndroidDeviceProfileSelector/Binaries/Win64/UE4Editor-AndroidDeviceProfileSelector.dll (API version 3709383).
LogModuleManager: Display: Found up-to-date module file ../../../Engine/Plugins/Runtime/AppleARKit/Binaries/Win64/UE4Editor-AppleARKit.dll (API version 3709383).
LogModuleManager: Display: Found up-to-date module file ../../../Engine/Plugins/Runtime/ArchVisCharacter/Binaries/Win64/UE4Editor-ArchVisCharacter.dll (API version 3709383).
LogModuleManager: Display: Found up-to-date module file ../../../Engine/Plugins/Runtime/CableComponent/Binaries/Win64/UE4Editor-CableComponent.dll (API version 3709383).
LogModuleManager: Display: Found up-to-date module file ../../../Engine/Plugins/Runtime/CustomMeshComponent/Binaries/Win64/UE4Editor-CustomMeshComponent.dll (API version 3709383).
LogModuleManager: Display: Found up-to-date module file ../../../Engine/Plugins/Runtime/ExampleDeviceProfileSelector/Binaries/Win64/UE4Editor-ExampleDeviceProfileSelector.dll (API version 3709383).
LogModuleManager: Display: Found up-to-date module file ../../../Engine/Plugins/Runtime/ImmediatePhysics/Binaries/Win64/UE4Editor-ImmediatePhysics.dll (API version 3709383).
LogModuleManager: Display: Found up-to-date module file ../../../Engine/Plugins/Runtime/ImmediatePhysics/Binaries/Win64/UE4Editor-ImmediatePhysicsEditor.dll (API version 3709383).
LogModuleManager: Display: Found up-to-date module file ../../../Engine/Plugins/Runtime/LocationServicesBPLibrary/Binaries/Win64/UE4Editor-LocationServicesBPLibrary.dll (API version 3709383).
LogModuleManager: Display: Found up-to-date module file ../../../Engine/Plugins/Runtime/MobilePatchingUtils/Binaries/Win64/UE4Editor-MobilePatchingUtils.dll (API version 3709383).
LogModuleManager: Display: Found up-to-date module file ../../../Engine/Plugins/Runtime/Oculus/OculusVR/Binaries/Win64/UE4Editor-OculusHMD.dll (API version 3709383).
LogModuleManager: Display: Found up-to-date module file ../../../Engine/Plugins/Runtime/Oculus/OculusVR/Binaries/Win64/UE4Editor-OculusInput.dll (API version 3709383).
LogModuleManager: Display: Found up-to-date module file ../../../Engine/Plugins/Runtime/Oculus/OculusVR/Binaries/Win64/UE4Editor-OculusEditor.dll (API version 3709383).
LogModuleManager: Display: Found up-to-date module file ../../../Engine/Plugins/Runtime/PhysXVehicles/Binaries/Win64/UE4Editor-PhysXVehicles.dll (API version 3709383).
LogModuleManager: Display: Found up-to-date module file ../../../Engine/Plugins/Runtime/PhysXVehicles/Binaries/Win64/UE4Editor-PhysXVehiclesEditor.dll (API version 3709383).
LogModuleManager: Display: Found up-to-date module file ../../../Engine/Plugins/Runtime/ProceduralMeshComponent/Binaries/Win64/UE4Editor-ProceduralMeshComponent.dll (API version 3709383).
LogModuleManager: Display: Found up-to-date module file ../../../Engine/Plugins/Runtime/ProceduralMeshComponent/Binaries/Win64/UE4Editor-ProceduralMeshComponentEditor.dll (API version 3709383).
LogModuleManager: Display: Found up-to-date module file ../../../Engine/Plugins/Runtime/RuntimePhysXCooking/Binaries/Win64/UE4Editor-RuntimePhysXCooking.dll (API version 3709383).
LogModuleManager: Display: Found up-to-date module file ../../../Engine/Plugins/Runtime/Steam/SteamVR/Binaries/Win64/UE4Editor-SteamVR.dll (API version 3709383).
LogModuleManager: Display: Found up-to-date module file ../../../Engine/Plugins/Runtime/Steam/SteamVR/Binaries/Win64/UE4Editor-SteamVRController.dll (API version 3709383).
LogModuleManager: Display: Found up-to-date module file ../../../Engine/Plugins/Runtime/WindowsMoviePlayer/Binaries/Win64/UE4Editor-WindowsMoviePlayer.dll (API version 3709383).
LogPluginManager: Mounting plugin Paper2D
LogPluginManager: Mounting plugin LightPropagationVolume
LogPluginManager: Mounting plugin CodeLiteSourceCodeAccess
LogPluginManager: Mounting plugin GitSourceControl
LogPluginManager: Mounting plugin KDevelopSourceCodeAccess
LogPluginManager: Mounting plugin NullSourceCodeAccess
LogPluginManager: Mounting plugin PerforceSourceControl
LogPluginManager: Mounting plugin SubversionSourceControl
LogPluginManager: Mounting plugin UObjectPlugin
LogPluginManager: Mounting plugin VisualStudioCodeSourceCodeAccess
LogPluginManager: Mounting plugin VisualStudioSourceCodeAccess
LogPluginManager: Mounting plugin XCodeSourceCodeAccess
LogPluginManager: Mounting plugin AssetManagerEditor
LogPluginManager: Mounting plugin AudioCapture
LogPluginManager: Mounting plugin FacialAnimation
LogPluginManager: Mounting plugin GameplayTagsEditor
LogPluginManager: Mounting plugin MobileLauncherProfileWizard
LogPluginManager: Mounting plugin PluginBrowser
LogPluginManager: Mounting plugin SpeedTreeImporter
LogPluginManager: Mounting plugin AlembicImporter
LogPluginManager: Mounting plugin CharacterAI
LogPluginManager: Mounting plugin HTML5Networking
LogPluginManager: Mounting plugin AndroidMedia
LogPluginManager: Mounting plugin AvfMedia
LogPluginManager: Mounting plugin ImgMedia
LogPluginManager: Mounting plugin MediaCompositing
LogPluginManager: Mounting plugin MediaPlayerEditor
LogPluginManager: Mounting plugin WmfMedia
LogPluginManager: Mounting plugin TcpMessaging
LogPluginManager: Mounting plugin UdpMessaging
LogPluginManager: Mounting plugin ActorSequence
LogPluginManager: Mounting plugin LevelSequenceEditor
LogPluginManager: Mounting plugin MatineeToLevelSequence
LogPluginManager: Mounting plugin OnlineSubsystemGooglePlay
LogPluginManager: Mounting plugin OnlineSubsystemIOS
LogPluginManager: Mounting plugin OnlineSubsystem
LogPluginManager: Mounting plugin OnlineSubsystemNull
LogPluginManager: Mounting plugin OnlineSubsystemUtils
LogPluginManager: Mounting plugin AndroidDeviceProfileSelector
LogPluginManager: Mounting plugin AndroidMoviePlayer
LogPluginManager: Mounting plugin AndroidPermission
LogPluginManager: Mounting plugin AppleARKit
LogPluginManager: Mounting plugin AppleMoviePlayer
LogPluginManager: Mounting plugin ArchVisCharacter
LogPluginManager: Mounting plugin CableComponent
LogPluginManager: Mounting plugin CustomMeshComponent
LogPluginManager: Mounting plugin ExampleDeviceProfileSelector
LogPluginManager: Mounting plugin GoogleCloudMessaging
LogPluginManager: Mounting plugin ImmediatePhysics
LogPluginManager: Mounting plugin IOSDeviceProfileSelector
LogPluginManager: Mounting plugin LinuxDeviceProfileSelector
LogPluginManager: Mounting plugin LocationServicesBPLibrary
LogPluginManager: Mounting plugin MobilePatchingUtils
LogPluginManager: Mounting plugin OculusVR
LogPluginManager: Plugin shader directory ../../../Engine/Plugins/Runtime/Oculus/OculusVR/Shaders found
LogPluginManager: Mapping shader source directory ../../../Engine/Plugins/Runtime/Oculus/OculusVR/Shaders to virtual directory /Plugin/OculusVR
LogPluginManager: Mounting plugin PhysXVehicles
LogPluginManager: Mounting plugin ProceduralMeshComponent
LogPluginManager: Mounting plugin RuntimePhysXCooking
LogPluginManager: Mounting plugin SteamVR
LogPluginManager: Mounting plugin WindowsMoviePlayer
LogInit: Using libcurl 7.47.1
LogInit:  - built for x86_64-pc-win32
LogInit:  - supports SSL with OpenSSL/1.0.2g
LogInit:  - supports HTTP deflate (compression) using libz 1.2.8
LogInit:  - other features:
LogInit:      CURL_VERSION_SSL
LogInit:      CURL_VERSION_LIBZ
LogInit:      CURL_VERSION_IPV6
LogInit:      CURL_VERSION_ASYNCHDNS
LogInit:      CURL_VERSION_LARGEFILE
LogInit:      CURL_VERSION_IDN
LogInit:  CurlRequestOptions (configurable via config and command line):
LogInit:  - bVerifyPeer = false  - Libcurl will NOT verify peer certificate
LogInit:  - bUseHttpProxy = false  - Libcurl will NOT use HTTP proxy
LogInit:  - bDontReuseConnections = false  - Libcurl will reuse connections
LogInit:  - CertBundlePath = nullptr  - Libcurl will use whatever was configured at build time.
LogInit: Build: ++UE4+Release-4.18-CL-3709383
LogInit: Engine Version: 4.18.0-3709383+++UE4+Release-4.18
LogInit: Compatible Engine Version: 4.18.0-3709383+++UE4+Release-4.18
LogInit: Net CL: 3709383
LogDevObjectVersion: Number of dev versions registered: 16
LogDevObjectVersion:   Dev-Blueprints (B0D832E4-1F89-4F0D-ACCF-7EB736FD4AA2): 10
LogDevObjectVersion:   Dev-Build (E1C64328-A22C-4D53-A36C-8E866417BD8C): 0
LogDevObjectVersion:   Dev-Core (375EC13C-06E4-48FB-B500-84F0262A717E): 2
LogDevObjectVersion:   Dev-Editor (E4B068ED-F494-42E9-A231-DA0B2E46BB41): 20
LogDevObjectVersion:   Dev-Framework (CFFC743F-43B0-4480-9391-14DF171D2073): 30
LogDevObjectVersion:   Dev-Mobile (B02B49B5-BB20-44E9-A304-32B752E40360): 0
LogDevObjectVersion:   Dev-Networking (A4E4105C-59A1-49B5-A7C5-40C4547EDFEE): 0
LogDevObjectVersion:   Dev-Online (39C831C9-5AE6-47DC-9A44-9C173E1C8E7C): 0
LogDevObjectVersion:   Dev-Physics (78F01B33-EBEA-4F98-B9B4-84EACCB95AA2): 0
LogDevObjectVersion:   Dev-Platform (6631380F-2D4D-43E0-8009-CF276956A95A): 0
LogDevObjectVersion:   Dev-Rendering (12F88B9F-8875-4AFC-A67C-D90C383ABD29): 20
LogDevObjectVersion:   Dev-Sequencer (7B5AE74C-D270-4C10-A958-57980B212A5A): 4
LogDevObjectVersion:   Dev-VR (D7296918-1DD6-4BDD-9DE2-64A83CC13884): 0
LogDevObjectVersion:   Dev-LoadTimes (C2A15278-BFE7-4AFE-6C17-90FF531DF755): 1
LogDevObjectVersion:   Private-Geometry (6EACA3D4-40EC-4CC1-B786-8BED09428FC5): 1
LogDevObjectVersion:   Dev-AnimPhys (29E575DD-E0A3-4627-9D10-D276232CDCEA): 12
LogInit: Compiled (64-bit): Oct 20 2017 10:39:19
LogInit: Compiled with Visual C++: 19.00.24215.01
LogInit: Build Configuration: Development
LogInit: Branch Name: ++UE4+Release-4.18
LogInit: Command line:  
LogInit: Base directory: C:/Program Files/Epic Games/UE_4.18/Engine/Binaries/Win64/
LogInit: Installed Engine Build: 1
LogInit: Presizing for max 8388607 objects, including 0 objects not considered by GC, pre-allocating 0 bytes for permanent pool.
LogInit: Object subsystem initialized
[2018.01.08-13.25.53:629][  0]LogInit: Selected Device Profile: [Windows]
[2018.01.08-13.25.53:629][  0]LogInit: Applying CVar settings loaded from the selected device profile: [Windows]
[2018.01.08-13.25.53:648][  0]LogInit: Computer: USER
[2018.01.08-13.25.53:648][  0]LogInit: User: admin
[2018.01.08-13.25.53:648][  0]LogInit: CPU Page size=4096, Cores=2
[2018.01.08-13.25.53:648][  0]LogInit: High frequency timer resolution =2.240910 MHz
[2018.01.08-13.25.53:648][  0]LogMemory: Memory total: Physical=7.9GB (8GB approx)
[2018.01.08-13.25.53:648][  0]LogMemory: Platform Memory Stats for Windows
[2018.01.08-13.25.53:648][  0]LogMemory: Process Physical Memory: 272.81 MB used, 272.81 MB peak
[2018.01.08-13.25.53:648][  0]LogMemory: Process Virtual Memory: 271.40 MB used, 271.40 MB peak
[2018.01.08-13.25.53:648][  0]LogMemory: Physical Memory: 6324.91 MB used,  1772.16 MB free, 8097.07 MB total
[2018.01.08-13.25.53:648][  0]LogMemory: Virtual Memory: 665.89 MB used,  1772.16 MB free, 134217728.00 MB total
[2018.01.08-13.25.53:945][  0]LogInit: Using OS detected language (en-US).
[2018.01.08-13.25.53:945][  0]LogInit: Using OS detected locale (en-US).
[2018.01.08-13.25.53:963][  0]LogTextLocalizationManager: No specific localization for 'en-US' exists, so the 'en' localization will be used.
[2018.01.08-13.25.54:560][  0]LogInit: Setting process to per monitor DPI aware
[2018.01.08-13.25.55:287][  0]LogD3D11RHI: D3D11 adapters:
[2018.01.08-13.25.55:294][  0]LogD3D11RHI:    0. 'Intel(R) HD Graphics 5000' (Feature Level 11_0)
[2018.01.08-13.25.55:294][  0]LogD3D11RHI:       112/0/2048 MB DedicatedVideo/DedicatedSystem/SharedSystem, Outputs:2, VendorId:0x8086
[2018.01.08-13.25.55:300][  0]LogD3D11RHI:    1. 'Microsoft Basic Render Driver' (Feature Level 11_0)
[2018.01.08-13.25.55:300][  0]LogD3D11RHI:       0/0/4048 MB DedicatedVideo/DedicatedSystem/SharedSystem, Outputs:0, VendorId:0x1414
[2018.01.08-13.25.55:300][  0]LogD3D11RHI: Chosen D3D11 Adapter: 0
[2018.01.08-13.25.55:306][  0]LogD3D11RHI: Creating new Direct3DDevice
[2018.01.08-13.25.55:306][  0]LogD3D11RHI:     GPU DeviceId: 0xa26 (for the marketing name, search the web for "GPU Device Id")
[2018.01.08-13.25.55:306][  0]LogWindows: EnumDisplayDevices:
[2018.01.08-13.25.55:306][  0]LogWindows:    0. 'Intel(R) HD Graphics 5000' (P:0 D:1)
[2018.01.08-13.25.55:306][  0]LogWindows:    1. 'Intel(R) HD Graphics 5000' (P:1 D:1)
[2018.01.08-13.25.55:307][  0]LogWindows:    2. 'Intel(R) HD Graphics 5000' (P:0 D:0)
[2018.01.08-13.25.55:307][  0]LogWindows: DebugString: GetVideoDriverDetailsInvalid PrimaryIsNotTheChoosenAdapter GetVideoDriverDetailsInvalid PrimaryIsNotTheChoosenAdapter GetVideoDriverDetailsInvalid PrimaryIsNotTheChoosenAdapter FoundDriverCount:0 
[2018.01.08-13.25.55:307][  0]LogD3D11RHI:     Adapter Name: Intel(R) HD Graphics 5000
[2018.01.08-13.25.55:307][  0]LogD3D11RHI:   Driver Version: Unknown (internal:Unknown, unified:Unknown)
[2018.01.08-13.25.55:307][  0]LogD3D11RHI:      Driver Date: Unknown
[2018.01.08-13.25.55:307][  0]LogRHI: Texture pool is 795 MB (70% of 1136 MB)
[2018.01.08-13.25.55:316][  0]LogD3D11RHI: Async texture creation enabled
[2018.01.08-13.25.55:323][  0]LogD3D11RHI: GPU Timing Frequency: 12.500000 (Debug: 2 0)
[2018.01.08-13.25.55:324][  0]LogShaderCompilers: Guid format shader working directory is -43 characters bigger than the processId version (../../../../../../Users/admin/Documents/Unreal Projects/Zombies/ZombileWar/ZombieWarFare/Intermediate/Shaders/WorkingDirectory/14428/).
[2018.01.08-13.25.55:324][  0]LogShaderCompilers: Cleaned the shader compiler working directory 'C:/Users/admin/AppData/Local/Temp/UnrealShaderWorkingDir/C5BEB36640D875EDA94B79ADB89BBAC5/'.
[2018.01.08-13.25.55:324][  0]LogShaderCompilers: Display: Using Local Shader Compiler.
[2018.01.08-13.25.57:116][  0]LogTemp: Display: Loaded TP AllDesktopTargetPlatform
[2018.01.08-13.25.57:199][  0]LogTemp: Display: Loaded TP MacClientTargetPlatform
[2018.01.08-13.25.57:286][  0]LogTemp: Display: Loaded TP MacNoEditorTargetPlatform
[2018.01.08-13.25.57:372][  0]LogTemp: Display: Loaded TP MacServerTargetPlatform
[2018.01.08-13.25.57:453][  0]LogTemp: Display: Loaded TP MacTargetPlatform
[2018.01.08-13.25.57:537][  0]LogTemp: Display: Loaded TP WindowsClientTargetPlatform
[2018.01.08-13.25.57:619][  0]LogTemp: Display: Loaded TP WindowsNoEditorTargetPlatform
[2018.01.08-13.25.57:704][  0]LogTemp: Display: Loaded TP WindowsServerTargetPlatform
[2018.01.08-13.25.57:783][  0]LogTemp: Display: Loaded TP WindowsTargetPlatform
[2018.01.08-13.25.57:866][  0]LogTemp: Display: Loaded TP Android_ASTCTargetPlatform
[2018.01.08-13.25.57:946][  0]LogTemp: Display: Loaded TP Android_ATCTargetPlatform
[2018.01.08-13.25.58:028][  0]LogTemp: Display: Loaded TP Android_DXTTargetPlatform
[2018.01.08-13.25.58:107][  0]LogTemp: Display: Loaded TP Android_ETC1TargetPlatform
[2018.01.08-13.25.58:188][  0]LogTemp: Display: Loaded TP Android_ETC2TargetPlatform
[2018.01.08-13.25.58:346][  0]LogTemp: Display: Loaded TP Android_MultiTargetPlatform
[2018.01.08-13.25.58:346][  0]LogTemp: Display: Loaded TP Android_PVRTCTargetPlatform
[2018.01.08-13.25.58:432][  0]LogTemp: Display: Loaded TP AndroidTargetPlatform
[2018.01.08-13.25.58:497][  0]LogTemp: Display: Loaded TP HTML5TargetPlatform
[2018.01.08-13.25.58:631][  0]LogTemp: Display: Loaded TP IOSTargetPlatform
[2018.01.08-13.25.58:670][  0]LogTemp: Display: Loaded TP TVOSTargetPlatform
[2018.01.08-13.25.58:745][  0]LogTemp: Display: Loaded TP LinuxClientTargetPlatform
[2018.01.08-13.25.58:828][  0]LogTemp: Display: Loaded TP LinuxNoEditorTargetPlatform
[2018.01.08-13.25.58:907][  0]LogTemp: Display: Loaded TP LinuxServerTargetPlatform
[2018.01.08-13.25.58:995][  0]LogTemp: Display: Loaded TP LinuxTargetPlatform
[2018.01.08-13.25.58:995][  0]LogTargetPlatformManager: Display: Building Assets For Windows
[2018.01.08-13.25.59:783][  0]LogDerivedDataCache: Display: Max Cache Size: 512 MB
[2018.01.08-13.26.00:266][  0]LogDerivedDataCache: Loaded boot cache 0.48s 78MB C:/Users/admin/AppData/Local/UnrealEngine/4.18/DerivedDataCache/Boot.ddc.
[2018.01.08-13.26.00:266][  0]LogDerivedDataCache: Display: Loaded Boot cache: C:/Users/admin/AppData/Local/UnrealEngine/4.18/DerivedDataCache/Boot.ddc
[2018.01.08-13.26.00:266][  0]LogDerivedDataCache: FDerivedDataBackendGraph:  Pak pak cache file ../../../../../../Users/admin/Documents/Unreal Projects/Zombies/ZombileWar/ZombieWarFare/DerivedDataCache/DDC.ddp not found, will not use a pak cache.
[2018.01.08-13.26.00:266][  0]LogDerivedDataCache: Unable to find inner node Pak for hierarchical cache Hierarchy.
[2018.01.08-13.26.00:266][  0]LogDerivedDataCache: FDerivedDataBackendGraph:  CompressedPak pak cache file ../../../../../../Users/admin/Documents/Unreal Projects/Zombies/ZombileWar/ZombieWarFare/DerivedDataCache/Compressed.ddp not found, will not use a pak cache.
[2018.01.08-13.26.00:266][  0]LogDerivedDataCache: Unable to find inner node CompressedPak for hierarchical cache Hierarchy.
[2018.01.08-13.26.00:290][  0]LogDerivedDataCache: Display: Pak cache opened for reading ../../../Engine/DerivedDataCache/Compressed.ddp.
[2018.01.08-13.26.00:303][  0]LogDerivedDataCache: Using Local data cache path C:/Users/admin/AppData/Local/UnrealEngine/Common/DerivedDataCache: Writable
[2018.01.08-13.26.00:319][  0]LogMaterial: Verifying Global Shaders for PCD3D_SM5
[2018.01.08-13.26.00:319][  0]LogSlate: Using Freetype 2.6.0
[2018.01.08-13.26.00:323][  0]LogSlate: SlateFontCache - WITH_FREETYPE: 1, WITH_HARFBUZZ: 1
[2018.01.08-13.26.00:323][  0]LogSlate: SlateFontCache - WITH_FREETYPE: 1, WITH_HARFBUZZ: 1
[2018.01.08-13.26.01:505][  0]LogInit: Selected Device Profile: [Windows]
[2018.01.08-13.26.02:097][  0]LogSimplygon: Simplygon DLL not present - disabling.
[2018.01.08-13.26.02:200][  0]LogMeshReduction: Using SimplygonSwarm for distributed automatic mesh merging
[2018.01.08-13.26.02:200][  0]LogMeshReduction: Using QuadricMeshReduction for automatic static mesh reduction
[2018.01.08-13.26.02:200][  0]LogMeshReduction: No automatic skeletal mesh reduction module available
[2018.01.08-13.26.02:200][  0]LogMeshReduction: No automatic mesh merging module available
[2018.01.08-13.26.02:200][  0]LogMeshMerging: No automatic mesh merging module available
[2018.01.08-13.26.02:266][  0]LogNetVersion: ZombieWarFare , NetCL: 3709383, EngineNetVer: 2, GameNetVer: 0 (Checksum: 518889866)
[2018.01.08-13.26.02:640][  0]LogAssetRegistry: FAssetRegistry took 0.0268 seconds to start up
[2018.01.08-13.26.03:625][  0]LogPackageLocalizationCache: Processed 7 localized package path(s) for 2 prioritized culture(s) in 0.143751 seconds
[2018.01.08-13.26.03:631][  0]LogUObjectArray: 35900 objects as part of root set at end of initial load.
[2018.01.08-13.26.03:631][  0]LogUObjectAllocator: 7372016 out of 0 bytes used by permanent object pool.
[2018.01.08-13.26.03:631][  0]LogUObjectArray: CloseDisregardForGC: 0/0 objects in disregard for GC pool
[2018.01.08-13.26.03:726][  0]LogInit: WinSock: version 1.1 (2.2), MaxSocks=32767, MaxUdp=65467
[2018.01.08-13.26.10:282][  0]LogTcpMessaging: Initializing TcpMessaging bridge
[2018.01.08-13.26.10:351][  0]LogUdpMessaging: Initializing bridge on interface 0.0.0.0:0 to multicast group 230.0.0.1:6666.
[2018.01.08-13.26.11:650][  0]LogMaterial: Uniform references updated for custom material expression Custom.
[2018.01.08-13.26.12:465][  0]SourceControl: Source control is disabled
[2018.01.08-13.26.12:466][  0]SourceControl: Source control is disabled
[2018.01.08-13.26.12:555][  0]SourceControl: Source control is disabled
[2018.01.08-13.26.12:649][  0]SourceControl: Source control is disabled
[2018.01.08-13.26.14:243][  0]LogAndroidPermission: UAndroidPermissionCallbackProxy::GetInstance
[2018.01.08-13.26.14:736][  0]LogOcInput: OculusInput pre-init called
[2018.01.08-13.26.15:260][  0]LogEngine: Initializing Engine...
[2018.01.08-13.26.15:264][  0]LogHMD: Failed to initialize OpenVR with code 110
[2018.01.08-13.26.15:628][  0]LogStats: UGameplayTagsManager::ConstructGameplayTagTree: Construct from data asset -  0.000 s
[2018.01.08-13.26.15:628][  0]LogStats: UGameplayTagsManager::ConstructGameplayTagTree: GameplayTagTreeChangedEvent.Broadcast -  0.000 s
[2018.01.08-13.26.15:912][  0]LogAIModule: Creating AISystem for world Untitled
[2018.01.08-13.26.15:927][  0]LogInit: XAudio2 using 'Headphones (Realtek High Definition Audio)' : 2 channels at 48 kHz using 32 bits per sample (channel mask 0x3)
[2018.01.08-13.26.15:952][  0]LogInit: FAudioDevice initialized.
[2018.01.08-13.26.16:109][  0]LogDerivedDataCache: Saved boot cache 0.16s 78MB C:/Users/admin/AppData/Local/UnrealEngine/4.18/DerivedDataCache/Boot.ddc.
[2018.01.08-13.26.16:124][  0]LogInit: Texture streaming: Enabled
[2018.01.08-13.26.16:282][  0]LogEngineSessionManager: EngineSessionManager initialized
[2018.01.08-13.26.16:565][  0]LogInit: Transaction tracking system initialized
[2018.01.08-13.26.17:582][  0]BlueprintLog: New page: Editor Load
[2018.01.08-13.26.19:166][  0]LocalizationService: Localization service is disabled
[2018.01.08-13.26.20:772][  0]LogConsoleResponse: Display: 
[2018.01.08-13.26.21:128][  0]LogCook: Display: Max memory allowance for cook 16384mb min free memory 0mb
[2018.01.08-13.26.21:128][  0]LogCook: Display: Mobile HDR setting 1
[2018.01.08-13.26.21:128][  0]LogGameplayTags: Display: UGameplayTagsManager::DoneAddingNativeTags. DelegateIsBound: 0
[2018.01.08-13.26.21:693][  0]LogFileCache: Scanning file cache for directory 'C:/Users/admin/Documents/Unreal Projects/Zombies/ZombileWar/ZombieWarFare/Content/' took 0.02s
[2018.01.08-13.26.23:417][  0]SourceControl: Source control is disabled
[2018.01.08-13.26.23:417][  0]Cmd: MAP LOAD FILE="../../../../../../Users/admin/Documents/Unreal Projects/Zombies/ZombileWar/ZombieWarFare/Content/ThirdPersonBP/Maps/ThirdPersonExampleMap.umap" TEMPLATE=0 SHOWPROGRESS=1 FEATURELEVEL=3
[2018.01.08-13.26.23:418][  0]LightingResults: New page: Lighting Build
[2018.01.08-13.26.23:496][  0]MapCheck: New page: Map Check
[2018.01.08-13.26.23:496][  0]LightingResults: New page: Lighting Build
[2018.01.08-13.26.24:298][  0]LogAIModule: Creating AISystem for world ThirdPersonExampleMap
[2018.01.08-13.26.24:321][  0]LogEditorServer: Finished looking for orphan Actors (0.000 secs)
[2018.01.08-13.26.24:352][  0]Cmd: MAP CHECKDEP NOCLEARLOG
[2018.01.08-13.26.24:481][  0]MapCheck: Map check complete: 0 Error(s), 0 Warning(s), took 128.32ms to complete.
[2018.01.08-13.26.24:481][  0]LogFileHelpers: Loading map 'ThirdPersonExampleMap' took 1.064
[2018.01.08-13.26.24:696][  0]LogCollectionManager: Loaded 0 collections in 0.002696 seconds
[2018.01.08-13.26.24:830][  0]LogFileCache: Scanning file cache for directory 'C:/Users/admin/Documents/Unreal Projects/Zombies/ZombileWar/ZombieWarFare/Saved/Collections/' took 0.01s
[2018.01.08-13.26.24:830][  0]LogFileCache: Scanning file cache for directory 'C:/Users/admin/Documents/Unreal Projects/Zombies/ZombileWar/ZombieWarFare/Content/Developers/admin/Collections/' took 0.01s
[2018.01.08-13.26.24:830][  0]LogFileCache: Scanning file cache for directory 'C:/Users/admin/Documents/Unreal Projects/Zombies/ZombileWar/ZombieWarFare/Content/Collections/' took 0.01s
[2018.01.08-13.26.24:830][  0]LogCollectionManager: Rebuilt the GUID cache for 0 collections in 0.000000 seconds
[2018.01.08-13.26.24:846][  0]LogContentBrowser: Native class hierarchy populated in 0.0158 seconds. Added 2363 classes and 519 folders.
[2018.01.08-13.26.24:964][  0]LogContentBrowser: Native class hierarchy updated for 'WidgetCarousel' in 0.0003 seconds. Added 0 classes and 0 folders.
[2018.01.08-13.26.25:247][  0]LogContentBrowser: Native class hierarchy updated for 'AddContentDialog' in 0.0004 seconds. Added 0 classes and 0 folders.
[2018.01.08-13.26.25:341][  0]LogContentBrowser: Native class hierarchy updated for 'SceneOutliner' in 0.0005 seconds. Added 1 classes and 2 folders.
[2018.01.08-13.26.25:447][  0]LogSlate: Took 0.006263 seconds to synchronously load lazily loaded font '../../../Engine/Content/Slate/Fonts/Roboto-Regular.ttf' (155K)
[2018.01.08-13.26.25:452][  0]LogSlate: Took 0.001510 seconds to synchronously load lazily loaded font '../../../Engine/Content/Slate/Fonts/Roboto-Bold.ttf' (160K)
[2018.01.08-13.26.25:459][  0]LogSlate: Took 0.001721 seconds to synchronously load lazily loaded font '../../../Engine/Content/Editor/Slate/Fonts/FontAwesome.ttf' (139K)
[2018.01.08-13.26.25:646][  0]LogRenderer: Reallocating scene render targets to support 1196x368 Format 9 NumSamples 1 (Frame:1).
[2018.01.08-13.26.26:471][  0]LogContentBrowser: Native class hierarchy updated for 'HierarchicalLODOutliner' in 0.0004 seconds. Added 1 classes and 2 folders.
[2018.01.08-13.26.26:471][  0]LogLoad: (Engine Initialization) Total time: 40.39 seconds
[2018.01.08-13.26.26:471][  0]LogLoad: (Engine Initialization) Total Blueprint compile time: 0.00 seconds
[2018.01.08-13.26.26:471][  0]LogExternalProfiler: No external profilers were discovered.  External profiling features will not be available.
[2018.01.08-13.26.26:835][  0]LogContentStreaming: Texture pool size now 400 MB
[2018.01.08-13.26.26:980][  0]LogSlate: Took 0.064570 seconds to synchronously load lazily loaded font '../../../Engine/Content/Slate/Fonts/Roboto-Light.ttf' (159K)
[2018.01.08-13.26.28:434][  3]LogSlate: Took 0.000626 seconds to synchronously load lazily loaded font '../../../Engine/Content/Slate/Fonts/Roboto-Light.ttf' (159K)
[2018.01.08-13.26.28:732][  4]LogAssetRegistry: Asset discovery search completed in 26.1142 seconds
[2018.01.08-13.26.28:755][  4]LogCollectionManager: Rebuilt the object cache for 0 collections in 0.000001 seconds (found 0 objects)
[2018.01.08-13.26.28:755][  4]LogCollectionManager: Fixed up redirectors for 0 collections in 0.000149 seconds (updated 0 objects)
[2018.01.08-13.27.18:733][227]LogTemp: Repeating last play command: Selected Viewport
[2018.01.08-13.27.18:829][227]LogBlueprintUserMessages: Early PlayInEditor Detection: Level '/Game/ThirdPersonBP/Maps/ThirdPersonExampleMap.ThirdPersonExampleMap:PersistentLevel' has LevelScriptBlueprint '/Game/ThirdPersonBP/Maps/ThirdPersonExampleMap.ThirdPersonExampleMap:PersistentLevel.ThirdPersonExampleMap' with GeneratedClass '/Game/ThirdPersonBP/Maps/ThirdPersonExampleMap.ThirdPersonExampleMap_C' with ClassGeneratedBy '/Game/ThirdPersonBP/Maps/ThirdPersonExampleMap.ThirdPersonExampleMap:PersistentLevel.ThirdPersonExampleMap'
[2018.01.08-13.27.18:829][227]LogPlayLevel: PlayLevel: No blueprints needed recompiling
[2018.01.08-13.27.18:830][227]PIE: New page: PIE session: ThirdPersonExampleMap (Jan 8, 2018, 5:27:18 PM)
[2018.01.08-13.27.18:830][227]LogPlayLevel: Creating play world package: /Game/ThirdPersonBP/Maps/UEDPIE_0_ThirdPersonExampleMap
[2018.01.08-13.27.18:867][227]LogPlayLevel: PIE: StaticDuplicateObject took: (0.037655s)
[2018.01.08-13.27.18:868][227]LogAIModule: Creating AISystem for world ThirdPersonExampleMap
[2018.01.08-13.27.18:869][227]LogPlayLevel: PIE: World Init took: (0.001052s)
[2018.01.08-13.27.18:869][227]LogPlayLevel: PIE: Created PIE world by copying editor world from /Game/ThirdPersonBP/Maps/ThirdPersonExampleMap.ThirdPersonExampleMap to /Game/ThirdPersonBP/Maps/UEDPIE_0_ThirdPersonExampleMap.ThirdPersonExampleMap (0.039209s)
[2018.01.08-13.27.18:895][227]LogInit: XAudio2 using 'Headphones (Realtek High Definition Audio)' : 2 channels at 48 kHz using 32 bits per sample (channel mask 0x3)
[2018.01.08-13.27.18:916][227]LogInit: FAudioDevice initialized.
[2018.01.08-13.27.18:970][227]LogLoad: Game class is 'ThirdPersonGameMode_C'
[2018.01.08-13.27.18:981][227]LogWorld: Bringing World /Game/ThirdPersonBP/Maps/UEDPIE_0_ThirdPersonExampleMap.ThirdPersonExampleMap up for play (max tick rate 60) at 2018.01.08-15.27.18
[2018.01.08-13.27.18:982][227]LogWorld: Bringing up level for play took: 0.009582
[2018.01.08-13.27.19:070][227]LogContentBrowser: Native class hierarchy updated for 'MovieSceneCapture' in 0.0005 seconds. Added 11 classes and 0 folders.
[2018.01.08-13.27.19:073][227]PIE: Play in editor start time for /Game/ThirdPersonBP/Maps/UEDPIE_0_ThirdPersonExampleMap 1.164
[2018.01.08-13.27.19:074][227]LogBlueprintUserMessages: Late PlayInEditor Detection: Level '/Game/ThirdPersonBP/Maps/ThirdPersonExampleMap.ThirdPersonExampleMap:PersistentLevel' has LevelScriptBlueprint '/Game/ThirdPersonBP/Maps/ThirdPersonExampleMap.ThirdPersonExampleMap:PersistentLevel.ThirdPersonExampleMap' with GeneratedClass '/Game/ThirdPersonBP/Maps/ThirdPersonExampleMap.ThirdPersonExampleMap_C' with ClassGeneratedBy '/Game/ThirdPersonBP/Maps/ThirdPersonExampleMap.ThirdPersonExampleMap:PersistentLevel.ThirdPersonExampleMap'
[2018.01.08-13.27.47:068][170]LogBlueprintUserMessages: Early EndPlayMap Detection: Level '/Game/ThirdPersonBP/Maps/ThirdPersonExampleMap.ThirdPersonExampleMap:PersistentLevel' has LevelScriptBlueprint '/Game/ThirdPersonBP/Maps/ThirdPersonExampleMap.ThirdPersonExampleMap:PersistentLevel.ThirdPersonExampleMap' with GeneratedClass '/Game/ThirdPersonBP/Maps/ThirdPersonExampleMap.ThirdPersonExampleMap_C' with ClassGeneratedBy '/Game/ThirdPersonBP/Maps/ThirdPersonExampleMap.ThirdPersonExampleMap:PersistentLevel.ThirdPersonExampleMap'
[2018.01.08-13.27.47:122][170]LogBlueprintUserMessages: Late EndPlayMap Detection: Level '/Game/ThirdPersonBP/Maps/ThirdPersonExampleMap.ThirdPersonExampleMap:PersistentLevel' has LevelScriptBlueprint '/Game/ThirdPersonBP/Maps/ThirdPersonExampleMap.ThirdPersonExampleMap:PersistentLevel.ThirdPersonExampleMap' with GeneratedClass '/Game/ThirdPersonBP/Maps/ThirdPersonExampleMap.ThirdPersonExampleMap_C' with ClassGeneratedBy '/Game/ThirdPersonBP/Maps/ThirdPersonExampleMap.ThirdPersonExampleMap:PersistentLevel.ThirdPersonExampleMap'
[2018.01.08-13.27.53:748][334]LogSlate: Took 0.001260 seconds to synchronously load lazily loaded font '../../../Engine/Content/Slate/Fonts/Roboto-Light.ttf' (159K)
[2018.01.08-13.27.54:202][334]LogSavePackage: Save=299.62ms
[2018.01.08-13.27.54:203][334]LogSavePackage: Moving '../../../../../../Users/admin/Documents/Unreal Projects/Zombies/ZombileWar/ZombieWarFare/Saved/ThirdPersonExampleMap93B520E0401CB272D794B9ACBD55E933.tmp' to '../../../../../../Users/admin/Documents/Unreal Projects/Zombies/ZombileWar/ZombieWarFare/Content/ThirdPersonBP/Maps/ThirdPersonExampleMap.umap'
[2018.01.08-13.27.54:224][334]LogSavePackage: Display: Finished SavePackage ../../../../../../Users/admin/Documents/Unreal Projects/Zombies/ZombileWar/ZombieWarFare/Content/ThirdPersonBP/Maps/ThirdPersonExampleMap.umap
[2018.01.08-13.27.54:844][334]LogSavePackage: Save=541.18ms
[2018.01.08-13.27.54:844][334]LogSavePackage: Moving '../../../../../../Users/admin/Documents/Unreal Projects/Zombies/ZombileWar/ZombieWarFare/Saved/ThirdPersonExampleMap_BuiltDataEFBB2A9342C425E88280C1AB6E953CF9.tmp' to '../../../../../../Users/admin/Documents/Unreal Projects/Zombies/ZombileWar/ZombieWarFare/Content/ThirdPersonBP/Maps/ThirdPersonExampleMap_BuiltData.uasset'
[2018.01.08-13.27.54:853][334]LogSavePackage: Display: Finished SavePackage ../../../../../../Users/admin/Documents/Unreal Projects/Zombies/ZombileWar/ZombieWarFare/Content/ThirdPersonBP/Maps/ThirdPersonExampleMap_BuiltData.uasset
[2018.01.08-13.29.56:051][712]LogEditorViewport: Clicking on Actor (LMB): StaticMeshActor (Floor)
[2018.01.08-13.29.59:425][796]LogTemp: Repeating last play command: Selected Viewport
[2018.01.08-13.29.59:464][796]LogBlueprintUserMessages: Early PlayInEditor Detection: Level '/Game/ThirdPersonBP/Maps/ThirdPersonExampleMap.ThirdPersonExampleMap:PersistentLevel' has LevelScriptBlueprint '/Game/ThirdPersonBP/Maps/ThirdPersonExampleMap.ThirdPersonExampleMap:PersistentLevel.ThirdPersonExampleMap' with GeneratedClass '/Game/ThirdPersonBP/Maps/ThirdPersonExampleMap.ThirdPersonExampleMap_C' with ClassGeneratedBy '/Game/ThirdPersonBP/Maps/ThirdPersonExampleMap.ThirdPersonExampleMap:PersistentLevel.ThirdPersonExampleMap'
[2018.01.08-13.29.59:464][796]LogPlayLevel: PlayLevel: No blueprints needed recompiling
[2018.01.08-13.29.59:465][796]PIE: New page: PIE session: ThirdPersonExampleMap (Jan 8, 2018, 5:29:59 PM)
[2018.01.08-13.29.59:465][796]LogPlayLevel: Creating play world package: /Game/ThirdPersonBP/Maps/UEDPIE_0_ThirdPersonExampleMap
[2018.01.08-13.29.59:541][796]LogPlayLevel: PIE: StaticDuplicateObject took: (0.075568s)
[2018.01.08-13.29.59:542][796]LogAIModule: Creating AISystem for world ThirdPersonExampleMap
[2018.01.08-13.29.59:542][796]LogPlayLevel: PIE: World Init took: (0.001417s)
[2018.01.08-13.29.59:543][796]LogPlayLevel: PIE: Created PIE world by copying editor world from /Game/ThirdPersonBP/Maps/ThirdPersonExampleMap.ThirdPersonExampleMap to /Game/ThirdPersonBP/Maps/UEDPIE_0_ThirdPersonExampleMap.ThirdPersonExampleMap (0.077541s)
[2018.01.08-13.29.59:583][796]LogInit: XAudio2 using 'Headphones (Realtek High Definition Audio)' : 2 channels at 48 kHz using 32 bits per sample (channel mask 0x3)
[2018.01.08-13.29.59:608][796]LogInit: FAudioDevice initialized.
[2018.01.08-13.29.59:642][796]LogLoad: Game class is 'ThirdPersonGameMode_C'
[2018.01.08-13.29.59:647][796]LogWorld: Bringing World /Game/ThirdPersonBP/Maps/UEDPIE_0_ThirdPersonExampleMap.ThirdPersonExampleMap up for play (max tick rate 60) at 2018.01.08-15.29.59
[2018.01.08-13.29.59:648][796]LogWorld: Bringing up level for play took: 0.004583
[2018.01.08-13.29.59:650][796]PIE: Play in editor start time for /Game/ThirdPersonBP/Maps/UEDPIE_0_ThirdPersonExampleMap -0.258
[2018.01.08-13.29.59:650][796]LogBlueprintUserMessages: Late PlayInEditor Detection: Level '/Game/ThirdPersonBP/Maps/ThirdPersonExampleMap.ThirdPersonExampleMap:PersistentLevel' has LevelScriptBlueprint '/Game/ThirdPersonBP/Maps/ThirdPersonExampleMap.ThirdPersonExampleMap:PersistentLevel.ThirdPersonExampleMap' with GeneratedClass '/Game/ThirdPersonBP/Maps/ThirdPersonExampleMap.ThirdPersonExampleMap_C' with ClassGeneratedBy '/Game/ThirdPersonBP/Maps/ThirdPersonExampleMap.ThirdPersonExampleMap:PersistentLevel.ThirdPersonExampleMap'
[2018.01.08-13.30.03:784][964]LogBlueprintUserMessages: Early EndPlayMap Detection: Level '/Game/ThirdPersonBP/Maps/ThirdPersonExampleMap.ThirdPersonExampleMap:PersistentLevel' has LevelScriptBlueprint '/Game/ThirdPersonBP/Maps/ThirdPersonExampleMap.ThirdPersonExampleMap:PersistentLevel.ThirdPersonExampleMap' with GeneratedClass '/Game/ThirdPersonBP/Maps/ThirdPersonExampleMap.ThirdPersonExampleMap_C' with ClassGeneratedBy '/Game/ThirdPersonBP/Maps/ThirdPersonExampleMap.ThirdPersonExampleMap:PersistentLevel.ThirdPersonExampleMap'
[2018.01.08-13.30.03:842][964]LogBlueprintUserMessages: Late EndPlayMap Detection: Level '/Game/ThirdPersonBP/Maps/ThirdPersonExampleMap.ThirdPersonExampleMap:PersistentLevel' has LevelScriptBlueprint '/Game/ThirdPersonBP/Maps/ThirdPersonExampleMap.ThirdPersonExampleMap:PersistentLevel.ThirdPersonExampleMap' with GeneratedClass '/Game/ThirdPersonBP/Maps/ThirdPersonExampleMap.ThirdPersonExampleMap_C' with ClassGeneratedBy '/Game/ThirdPersonBP/Maps/ThirdPersonExampleMap.ThirdPersonExampleMap:PersistentLevel.ThirdPersonExampleMap'
[2018.01.08-13.31.30:892][687]MapCheck: New page: Map Check
[2018.01.08-13.31.30:987][687]Cmd: MAP REBUILD ALLVISIBLE
[2018.01.08-13.31.30:987][687]LogEditorServer: Rebuildmap Clear paths rebuilt
[2018.01.08-13.31.31:525][687]LogMaterial: Missing cached shader map for material FDebugViewModeMaterialProxy WorldGridMaterial, compiling. Is special engine material.
[2018.01.08-13.31.31:546][687]LogMaterial: Missing cached shader map for material FDebugViewModeMaterialProxy MaterialInstanceDynamic_1, compiling. 
[2018.01.08-13.31.31:566][687]LogMaterial: Missing cached shader map for material FDebugViewModeMaterialProxy CubeMaterial, compiling. 
[2018.01.08-13.31.31:578][687]LogMaterial: Missing cached shader map for material FDebugViewModeMaterialProxy M_UE4Man_Body, compiling. 
[2018.01.08-13.31.31:600][687]LogMaterial: Missing cached shader map for material FDebugViewModeMaterialProxy M_UE4Man_ChestLogo, compiling. 
[2018.01.08-13.31.31:614][687]LogMaterial: Missing cached shader map for material FDebugViewModeMaterialProxy MatineeCam_mat, compiling. 
[2018.01.08-13.31.31:630][687]LogMaterial: Missing cached shader map for material FDebugViewModeMaterialProxy Zombie_COL, compiling. 
[2018.01.08-13.31.33:724][687]TextureStreamingBuild: Display: Compiling optional shaders took 2.218 seconds.
[2018.01.08-13.31.33:783][687]LogLevel: Display: Export Material TexCoord Scales took 0.058 seconds.
[2018.01.08-13.31.33:790][687]TextureStreamingBuild: Display: Build Texture Streaming took 0.007 seconds.
[2018.01.08-13.31.33:810][687]LightingResults: New page: Lighting Build - Jan 8, 2018, 5:31:33 PM
[2018.01.08-13.31.33:892][687]LogSwarmInterface: [OpenConnection] Registering TCP channel ...
[2018.01.08-13.31.34:021][687]LogSwarmInterface: [OpenConnection] Connecting to agent ...
[2018.01.08-13.31.34:042][687]LogSwarmInterface: [TryOpenConnection] Testing the Agent
[2018.01.08-13.31.35:137][687]LogSwarmInterface: [TryOpenConnection] Opening Connection to Agent
[2018.01.08-13.31.35:137][687]LogSwarmInterface: [TryOpenConnection] Local Process ID is 14428
[2018.01.08-13.31.37:867][687]LogStaticLightingSystem: Running Lightmass w/ ImmediateImport mode ENABLED
[2018.01.08-13.31.37:868][687]LogStaticLightingSystem: Running Lightmass w/ ImmediateProcess mode ENABLED
[2018.01.08-13.31.37:868][687]LogStaticLightingSystem: Running Lightmass w/ Sorting mode ENABLED
[2018.01.08-13.31.37:868][687]LogStaticLightingSystem: Running Lightmass w/ Mapping paddings ENABLED
[2018.01.08-13.31.37:868][687]LogStaticLightingSystem: Running Lightmass w/ Mapping debug paddings DISABLED
[2018.01.08-13.31.38:139][687]Cmd: MAP CHECK DONTDISPLAYDIALOG
[2018.01.08-13.31.38:139][687]MapCheck: New page: ThirdPersonExampleMap - Jan 8, 2018, 5:31:38 PM
[2018.01.08-13.31.38:313][687]MapCheck: Map check complete: 0 Error(s), 0 Warning(s), took 173.515ms to complete.
[2018.01.08-13.31.38:338][687]LogEditorBuildUtils: Build time 0:07
[2018.01.08-13.32.06:843][436]Job is a success!
[2018.01.08-13.32.07:080][437]LogVolumetricLightmapImport: Imported Volumetric Lightmap in 0.031s
[2018.01.08-13.32.07:080][437]LogVolumetricLightmapImport:      Indirection Texture 16x16x16 = 0.0Mb
[2018.01.08-13.32.07:080][437]LogVolumetricLightmapImport:      BrickData 245x5x5 = 0.2Mb
[2018.01.08-13.32.07:080][437]LogVolumetricLightmapImport:      Bricks at Level
[2018.01.08-13.32.07:080][437]LogVolumetricLightmapImport:          0: 2.0% covering 100.0% of volume
[2018.01.08-13.32.07:080][437]LogVolumetricLightmapImport:          1: 8.2% covering 6.3% of volume
[2018.01.08-13.32.07:080][437]LogVolumetricLightmapImport:          2: 89.8% covering 1.1% of volume
[2018.01.08-13.32.08:968][437]LogTexture: Display: Building textures: SkyOcclusion1_1 (AutoDXT, 1024X512)
[2018.01.08-13.32.08:968][437]LogTexture: Display: Building textures: HQ_Lightmap1_1 (AutoDXT, 1024X1024)
[2018.01.08-13.32.08:968][437]LogTexture: Display: Building textures: LQ_Lightmap_1_1 (DXT1, 1024X1024)
[2018.01.08-13.32.08:968][437]LogTexture: Display: Building textures: SkyOcclusion1_2 (AutoDXT, 64X32)
[2018.01.08-13.32.08:968][437]LogTexture: Display: Building textures: HQ_Lightmap1_2 (AutoDXT, 64X64)
[2018.01.08-13.32.08:968][437]LogTexture: Display: Building textures: LQ_Lightmap_1_2 (DXT1, 64X64)
[2018.01.08-13.32.09:231][437]LogTexture: Display: Building textures: ShadowMapTexture2D_3 (G8, 32X32)
[2018.01.08-13.32.09:231][437]LogTexture: Display: Building textures: ShadowMapTexture2D_2 (G8, 1024X512)
[2018.01.08-13.32.09:273][437]Lightmass on USER: 28.8 sec total, 514 ms importing, 44 ms setup, 4.19 sec photons, 23.8 sec processing, 0 ms extra exporting [6/6 mappings]. Threads: 1:35 min total, 49.7 sec processing.
[2018.01.08-13.32.09:320][437]LogStaticLightingSystem: Illumination: 35.4 sec (1.80 sec encoding lightmaps, 255 ms encoding shadowmaps)
[2018.01.08-13.32.09:320][437]LogStaticLightingSystem: Lightmap texture memory:  2.7 MB (2.7 MB streaming, 0.0 MB non-streaming), 4 textures
[2018.01.08-13.32.09:320][437]LogStaticLightingSystem: Shadowmap texture memory: 0.7 MB (0.7 MB streaming, 0.0 MB non-streaming), 2 textures
[2018.01.08-13.32.09:897][437]DumpUnbuiltLightIteractions
[2018.01.08-13.32.09:897][437]Lights with unbuilt interactions: 0
[2018.01.08-13.32.09:897][437]
[2018.01.08-13.32.09:897][437]Primitives with unbuilt interactions: 0
[2018.01.08-13.32.09:923][438]Cmd: MAP CHECK NOTIFYRESULTS
[2018.01.08-13.32.09:923][438]MapCheck: New page: ThirdPersonExampleMap - Jan 8, 2018, 5:32:09 PM
[2018.01.08-13.32.10:218][438]MapCheck: Map check complete: 0 Error(s), 0 Warning(s), took 294.612ms to complete.
[2018.01.08-13.32.18:514][663]LogSavePackage: Save=306.60ms
[2018.01.08-13.32.18:514][663]LogSavePackage: Moving '../../../../../../Users/admin/Documents/Unreal Projects/Zombies/ZombileWar/ZombieWarFare/Saved/ThirdPersonExampleMap90D755F24219AE4EAD82C59F4F22255B.tmp' to '../../../../../../Users/admin/Documents/Unreal Projects/Zombies/ZombileWar/ZombieWarFare/Content/ThirdPersonBP/Maps/ThirdPersonExampleMap.umap'
[2018.01.08-13.32.18:529][663]LogSavePackage: Display: Finished SavePackage ../../../../../../Users/admin/Documents/Unreal Projects/Zombies/ZombileWar/ZombieWarFare/Content/ThirdPersonBP/Maps/ThirdPersonExampleMap.umap
[2018.01.08-13.32.19:052][663]LogSavePackage: Save=451.11ms
[2018.01.08-13.32.19:052][663]LogSavePackage: Moving '../../../../../../Users/admin/Documents/Unreal Projects/Zombies/ZombileWar/ZombieWarFare/Saved/ThirdPersonExampleMap_BuiltData33DF20DC47EE10C30AE56795F1CE678C.tmp' to '../../../../../../Users/admin/Documents/Unreal Projects/Zombies/ZombileWar/ZombieWarFare/Content/ThirdPersonBP/Maps/ThirdPersonExampleMap_BuiltData.uasset'
[2018.01.08-13.32.19:064][663]LogSavePackage: Display: Finished SavePackage ../../../../../../Users/admin/Documents/Unreal Projects/Zombies/ZombileWar/ZombieWarFare/Content/ThirdPersonBP/Maps/ThirdPersonExampleMap_BuiltData.uasset
[2018.01.08-13.32.20:773][714]LogTemp: Repeating last play command: Selected Viewport
[2018.01.08-13.32.20:821][714]LogBlueprintUserMessages: Early PlayInEditor Detection: Level '/Game/ThirdPersonBP/Maps/ThirdPersonExampleMap.ThirdPersonExampleMap:PersistentLevel' has LevelScriptBlueprint '/Game/ThirdPersonBP/Maps/ThirdPersonExampleMap.ThirdPersonExampleMap:PersistentLevel.ThirdPersonExampleMap' with GeneratedClass '/Game/ThirdPersonBP/Maps/ThirdPersonExampleMap.ThirdPersonExampleMap_C' with ClassGeneratedBy '/Game/ThirdPersonBP/Maps/ThirdPersonExampleMap.ThirdPersonExampleMap:PersistentLevel.ThirdPersonExampleMap'
[2018.01.08-13.32.20:822][714]LogPlayLevel: PlayLevel: No blueprints needed recompiling
[2018.01.08-13.32.20:822][714]PIE: New page: PIE session: ThirdPersonExampleMap (Jan 8, 2018, 5:32:20 PM)
[2018.01.08-13.32.20:822][714]LogPlayLevel: Creating play world package: /Game/ThirdPersonBP/Maps/UEDPIE_0_ThirdPersonExampleMap
[2018.01.08-13.32.20:919][714]LogPlayLevel: PIE: StaticDuplicateObject took: (0.096886s)
[2018.01.08-13.32.20:920][714]LogAIModule: Creating AISystem for world ThirdPersonExampleMap
[2018.01.08-13.32.20:920][714]LogPlayLevel: PIE: World Init took: (0.001114s)
[2018.01.08-13.32.20:921][714]LogPlayLevel: PIE: Created PIE world by copying editor world from /Game/ThirdPersonBP/Maps/ThirdPersonExampleMap.ThirdPersonExampleMap to /Game/ThirdPersonBP/Maps/UEDPIE_0_ThirdPersonExampleMap.ThirdPersonExampleMap (0.098573s)
[2018.01.08-13.32.20:961][714]LogInit: XAudio2 using 'Headphones (Realtek High Definition Audio)' : 2 channels at 48 kHz using 32 bits per sample (channel mask 0x3)
[2018.01.08-13.32.20:986][714]LogInit: FAudioDevice initialized.
[2018.01.08-13.32.21:026][714]LogLoad: Game class is 'ThirdPersonGameMode_C'
[2018.01.08-13.32.21:030][714]LogWorld: Bringing World /Game/ThirdPersonBP/Maps/UEDPIE_0_ThirdPersonExampleMap.ThirdPersonExampleMap up for play (max tick rate 60) at 2018.01.08-15.32.21
[2018.01.08-13.32.21:031][714]LogWorld: Bringing up level for play took: 0.005039
[2018.01.08-13.32.21:033][714]PIE: Play in editor start time for /Game/ThirdPersonBP/Maps/UEDPIE_0_ThirdPersonExampleMap 1.125
[2018.01.08-13.32.21:033][714]LogBlueprintUserMessages: Late PlayInEditor Detection: Level '/Game/ThirdPersonBP/Maps/ThirdPersonExampleMap.ThirdPersonExampleMap:PersistentLevel' has LevelScriptBlueprint '/Game/ThirdPersonBP/Maps/ThirdPersonExampleMap.ThirdPersonExampleMap:PersistentLevel.ThirdPersonExampleMap' with GeneratedClass '/Game/ThirdPersonBP/Maps/ThirdPersonExampleMap.ThirdPersonExampleMap_C' with ClassGeneratedBy '/Game/ThirdPersonBP/Maps/ThirdPersonExampleMap.ThirdPersonExampleMap:PersistentLevel.ThirdPersonExampleMap'
[2018.01.08-13.32.29:352][ 45]LogBlueprintUserMessages: Early EndPlayMap Detection: Level '/Game/ThirdPersonBP/Maps/ThirdPersonExampleMap.ThirdPersonExampleMap:PersistentLevel' has LevelScriptBlueprint '/Game/ThirdPersonBP/Maps/ThirdPersonExampleMap.ThirdPersonExampleMap:PersistentLevel.ThirdPersonExampleMap' with GeneratedClass '/Game/ThirdPersonBP/Maps/ThirdPersonExampleMap.ThirdPersonExampleMap_C' with ClassGeneratedBy '/Game/ThirdPersonBP/Maps/ThirdPersonExampleMap.ThirdPersonExampleMap:PersistentLevel.ThirdPersonExampleMap'
[2018.01.08-13.32.29:406][ 45]LogBlueprintUserMessages: Late EndPlayMap Detection: Level '/Game/ThirdPersonBP/Maps/ThirdPersonExampleMap.ThirdPersonExampleMap:PersistentLevel' has LevelScriptBlueprint '/Game/ThirdPersonBP/Maps/ThirdPersonExampleMap.ThirdPersonExampleMap:PersistentLevel.ThirdPersonExampleMap' with GeneratedClass '/Game/ThirdPersonBP/Maps/ThirdPersonExampleMap.ThirdPersonExampleMap_C' with ClassGeneratedBy '/Game/ThirdPersonBP/Maps/ThirdPersonExampleMap.ThirdPersonExampleMap:PersistentLevel.ThirdPersonExampleMap'
[2018.01.08-13.44.13:833][295]LogWindowsTextInputMethodSystem: Display: IME system now deactivated.
[2018.01.08-13.44.13:833][295]LogWindowsTextInputMethodSystem: Display: IME system now deactivated.
[2018.01.08-13.44.18:034][404]Cmd: QUIT_EDITOR
[2018.01.08-13.44.18:566][404]LogWindowsTextInputMethodSystem: Display: IME system now deactivated.
[2018.01.08-13.44.18:566][404]LogWindowsTextInputMethodSystem: Display: IME system now deactivated.
[2018.01.08-13.44.18:597][404]LogExit: Preparing to exit.
[2018.01.08-13.44.19:111][404]LogDirectoryWatcher: A directory notification for 'C:/Users/admin/Documents/Unreal Projects/Zombies/ZombileWar/ZombieWarFare/Content/' was aborted.
[2018.01.08-13.44.19:147][404]LogExit: Editor shut down
[2018.01.08-13.44.19:152][404]LogExit: Transaction tracking system shut down
[2018.01.08-13.44.19:434][404]LogDirectoryWatcher: A directory notification for '../../../Engine/Content/' was aborted.
[2018.01.08-13.44.19:435][404]LogDirectoryWatcher: A directory notification for '../../../../../../Users/admin/Documents/Unreal Projects/Zombies/ZombileWar/ZombieWarFare/Content/' was aborted.
[2018.01.08-13.44.19:435][404]LogDirectoryWatcher: A directory notification for '../../../Engine/Plugins/2D/Paper2D/Content/' was aborted.
[2018.01.08-13.44.19:436][404]LogDirectoryWatcher: A directory notification for '../../../Engine/Plugins/Media/MediaCompositing/Content/' was aborted.
[2018.01.08-13.44.19:436][404]LogDirectoryWatcher: A directory notification for '../../../Engine/Plugins/Runtime/AppleARKit/Content/' was aborted.
[2018.01.08-13.44.19:436][404]LogDirectoryWatcher: A directory notification for '../../../Engine/Plugins/Runtime/Oculus/OculusVR/Content/' was aborted.
[2018.01.08-13.44.19:436][404]LogDirectoryWatcher: A directory notification for '../../../Engine/Plugins/Runtime/Steam/SteamVR/Content/' was aborted.
[2018.01.08-13.44.19:644][404]LogExit: Object subsystem successfully closed.
[2018.01.08-13.44.19:677][404]LogD3D11RHI: Shutdown
[2018.01.08-13.44.19:677][404]LogD3D11RHI: CleanupD3DDevice
[2018.01.08-13.44.19:692][404]LogD3D11RHI: ~FD3D11DynamicRHI
[2018.01.08-13.44.19:780][404]LogModuleManager: Shutting down and abandoning module HierarchicalLODUtilities (552)
[2018.01.08-13.44.19:780][404]LogModuleManager: Shutting down and abandoning module MovieSceneCapture (550)
[2018.01.08-13.44.19:780][404]LogModuleManager: Shutting down and abandoning module HierarchicalLODOutliner (548)
[2018.01.08-13.44.19:780][404]LogModuleManager: Shutting down and abandoning module SceneOutliner (546)
[2018.01.08-13.44.19:780][404]LogModuleManager: Shutting down and abandoning module AddContentDialog (544)
[2018.01.08-13.44.19:781][404]LogDirectoryWatcher: A directory notification for 'C:/Program Files/Epic Games/UE_4.18/FeaturePacks/' was aborted.
[2018.01.08-13.44.19:784][404]LogModuleManager: Shutting down and abandoning module WidgetCarousel (543)
[2018.01.08-13.44.19:784][404]LogModuleManager: Shutting down and abandoning module EditorWidgets (540)
[2018.01.08-13.44.19:784][404]LogModuleManager: Shutting down and abandoning module CollectionManager (538)
[2018.01.08-13.44.19:785][404]LogDirectoryWatcher: A directory notification for 'C:/Users/admin/Documents/Unreal Projects/Zombies/ZombileWar/ZombieWarFare/Content/Collections/' was aborted.
[2018.01.08-13.44.19:785][404]LogDirectoryWatcher: A directory notification for 'C:/Users/admin/Documents/Unreal Projects/Zombies/ZombileWar/ZombieWarFare/Content/Developers/admin/Collections/' was aborted.
[2018.01.08-13.44.19:785][404]LogDirectoryWatcher: A directory notification for 'C:/Users/admin/Documents/Unreal Projects/Zombies/ZombileWar/ZombieWarFare/Saved/Collections/' was aborted.
[2018.01.08-13.44.19:785][404]LogModuleManager: Shutting down and abandoning module StatsViewer (536)
[2018.01.08-13.44.19:786][404]LogModuleManager: Shutting down and abandoning module FoliageEdit (534)
[2018.01.08-13.44.19:787][404]LogModuleManager: Shutting down and abandoning module LandscapeEditor (532)
[2018.01.08-13.44.19:788][404]LogModuleManager: Shutting down and abandoning module MeshPaintMode (530)
[2018.01.08-13.44.19:789][404]LogModuleManager: Shutting down and abandoning module SceneDepthPickerMode (528)
[2018.01.08-13.44.19:789][404]LogModuleManager: Shutting down and abandoning module ActorPickerMode (526)
[2018.01.08-13.44.19:789][404]LogModuleManager: Shutting down and abandoning module GeometryMode (524)
[2018.01.08-13.44.19:789][404]LogModuleManager: Shutting down and abandoning module TextureAlignMode (522)
[2018.01.08-13.44.19:789][404]LogModuleManager: Shutting down and abandoning module BspMode (520)
[2018.01.08-13.44.19:789][404]LogModuleManager: Shutting down and abandoning module PIEPreviewDeviceProfileSelector (518)
[2018.01.08-13.44.19:789][404]LogModuleManager: Shutting down and abandoning module HardwareSurvey (516)
[2018.01.08-13.44.19:789][404]LogModuleManager: Shutting down and abandoning module SequenceRecorderSections (514)
[2018.01.08-13.44.19:789][404]LogModuleManager: Shutting down and abandoning module AutomationWorker (512)
[2018.01.08-13.44.19:789][404]LogModuleManager: Shutting down and abandoning module MatineeToLevelSequence (510)
[2018.01.08-13.44.19:790][404]LogModuleManager: Shutting down and abandoning module LevelSequenceEditor (508)
[2018.01.08-13.44.19:792][404]LogModuleManager: Shutting down and abandoning module PlacementMode (507)
[2018.01.08-13.44.19:792][404]LogModuleManager: Shutting down and abandoning module WmfMediaFactory (504)
[2018.01.08-13.44.19:792][404]LogModuleManager: Shutting down and abandoning module WmfMediaEditor (502)
[2018.01.08-13.44.19:792][404]LogModuleManager: Shutting down and abandoning module OpenExrWrapper (500)
[2018.01.08-13.44.19:792][404]LogModuleManager: Shutting down and abandoning module ImgMediaFactory (498)
[2018.01.08-13.44.19:792][404]LogModuleManager: Shutting down and abandoning module ImgMediaEditor (496)
[2018.01.08-13.44.19:792][404]LogModuleManager: Shutting down and abandoning module AvfMediaFactory (494)
[2018.01.08-13.44.19:792][404]LogModuleManager: Shutting down and abandoning module AvfMediaEditor (492)
[2018.01.08-13.44.19:792][404]LogModuleManager: Shutting down and abandoning module AndroidMediaFactory (490)
[2018.01.08-13.44.19:792][404]LogModuleManager: Shutting down and abandoning module AndroidMediaEditor (488)
[2018.01.08-13.44.19:792][404]LogModuleManager: Shutting down and abandoning module CharacterAI (486)
[2018.01.08-13.44.19:792][404]LogModuleManager: Shutting down and abandoning module AudioCapture (484)
[2018.01.08-13.44.19:793][404]LogModuleManager: Shutting down and abandoning module SequenceRecorder (483)
[2018.01.08-13.44.19:793][404]LogModuleManager: Shutting down and abandoning module SmartSnapping (480)
[2018.01.08-13.44.19:793][404]LogModuleManager: Shutting down and abandoning module SessionServices (478)
[2018.01.08-13.44.19:793][404]LogModuleManager: Shutting down and abandoning module ViewportSnapping (476)
[2018.01.08-13.44.19:793][404]LogModuleManager: Shutting down and abandoning module ViewportInteraction (474)
[2018.01.08-13.44.19:793][404]LogModuleManager: Shutting down and abandoning module ClothPainter (472)
[2018.01.08-13.44.19:794][404]LogModuleManager: Shutting down and abandoning module SkeletalMeshEditor (471)
[2018.01.08-13.44.19:796][404]LogModuleManager: Shutting down and abandoning module LogVisualizer (468)
[2018.01.08-13.44.19:799][404]LogModuleManager: Shutting down and abandoning module IntroTutorials (466)
[2018.01.08-13.44.19:801][404]LogModuleManager: Shutting down and abandoning module GameProjectGeneration (465)
[2018.01.08-13.44.19:803][404]LogModuleManager: Shutting down and abandoning module IOSPlatformEditor (462)
[2018.01.08-13.44.19:807][404]LogModuleManager: Shutting down and abandoning module HTML5PlatformEditor (460)
[2018.01.08-13.44.19:808][404]LogModuleManager: Shutting down and abandoning module AndroidPlatformEditor (458)
[2018.01.08-13.44.19:809][404]LogModuleManager: Shutting down and abandoning module AndroidDeviceDetection (457)
[2018.01.08-13.44.20:509][404]LogModuleManager: Shutting down and abandoning module WindowsPlatformEditor (454)
[2018.01.08-13.44.20:509][404]LogModuleManager: Shutting down and abandoning module IOSRuntimeSettings (452)
[2018.01.08-13.44.20:509][404]LogModuleManager: Shutting down and abandoning module AndroidRuntimeSettings (450)
[2018.01.08-13.44.20:509][404]LogModuleManager: Shutting down and abandoning module InputBindingEditor (448)
[2018.01.08-13.44.20:511][404]LogModuleManager: Shutting down and abandoning module MergeActors (446)
[2018.01.08-13.44.20:511][404]LogModuleManager: Shutting down and abandoning module SizeMap (444)
[2018.01.08-13.44.20:511][404]LogModuleManager: Shutting down and abandoning module TreeMap (442)
[2018.01.08-13.44.20:512][404]LogModuleManager: Shutting down and abandoning module ReferenceViewer (440)
[2018.01.08-13.44.20:512][404]LogModuleManager: Shutting down and abandoning module LocalizationDashboard (438)
[2018.01.08-13.44.20:513][404]LogModuleManager: Shutting down and abandoning module LocalizationService (437)
[2018.01.08-13.44.20:513][404]LogModuleManager: Shutting down and abandoning module HardwareTargeting (434)
[2018.01.08-13.44.20:513][404]LogModuleManager: Shutting down and abandoning module DeviceProfileEditor (432)
[2018.01.08-13.44.20:513][404]LogModuleManager: Shutting down and abandoning module UndoHistory (430)
[2018.01.08-13.44.20:513][404]LogModuleManager: Shutting down and abandoning module XmlParser (428)
[2018.01.08-13.44.20:513][404]LogModuleManager: Shutting down and abandoning module Blutility (426)
[2018.01.08-13.44.20:513][404]LogModuleManager: Shutting down and abandoning module ProjectSettingsViewer (424)
[2018.01.08-13.44.20:513][404]LogModuleManager: Shutting down and abandoning module ProjectTargetPlatformEditor (423)
[2018.01.08-13.44.20:513][404]LogModuleManager: Shutting down and abandoning module EditorSettingsViewer (420)
[2018.01.08-13.44.20:513][404]LogModuleManager: Shutting down and abandoning module SettingsEditor (418)
[2018.01.08-13.44.20:514][404]LogModuleManager: Shutting down and abandoning module ProjectLauncher (416)
[2018.01.08-13.44.20:515][404]LogModuleManager: Shutting down and abandoning module SessionFrontend (414)
[2018.01.08-13.44.20:515][404]LogModuleManager: Shutting down and abandoning module ProfilerClient (412)
[2018.01.08-13.44.20:516][404]LogModuleManager: Shutting down and abandoning module DeviceManager (410)
[2018.01.08-13.44.20:516][404]LogModuleManager: Shutting down and abandoning module TargetDeviceServices (409)
[2018.01.08-13.44.20:570][404]LogModuleManager: Shutting down and abandoning module AutomationController (406)
[2018.01.08-13.44.20:571][404]LogModuleManager: Shutting down and abandoning module AutomationWindow (404)
[2018.01.08-13.44.20:572][404]LogModuleManager: Shutting down and abandoning module Layers (402)
[2018.01.08-13.44.20:574][404]LogModuleManager: Shutting down and abandoning module ComponentVisualizers (400)
[2018.01.08-13.44.20:574][404]LogModuleManager: Shutting down and abandoning module DetailCustomizations (398)
[2018.01.08-13.44.20:574][404]LogModuleManager: Shutting down and abandoning module PackagesDialog (396)
[2018.01.08-13.44.20:575][404]LogModuleManager: Shutting down and abandoning module Persona (394)
[2018.01.08-13.44.20:575][404]LogModuleManager: Shutting down and abandoning module AdvancedPreviewScene (393)
[2018.01.08-13.44.20:575][404]LogModuleManager: Shutting down and abandoning module AnimGraph (391)
[2018.01.08-13.44.20:575][404]LogModuleManager: Shutting down and abandoning module Kismet (388)
[2018.01.08-13.44.20:576][404]LogModuleManager: Shutting down and abandoning module ClassViewer (386)
[2018.01.08-13.44.20:576][404]LogModuleManager: Shutting down and abandoning module Toolbox (384)
[2018.01.08-13.44.20:576][404]LogModuleManager: Shutting down and abandoning module ModuleUI (382)
[2018.01.08-13.44.20:577][404]LogModuleManager: Shutting down and abandoning module MovieSceneTools (380)
[2018.01.08-13.44.20:579][404]LogModuleManager: Shutting down and abandoning module OutputLog (378)
[2018.01.08-13.44.20:579][404]LogModuleManager: Shutting down and abandoning module GammaUI (376)
[2018.01.08-13.44.20:579][404]LogModuleManager: Shutting down and abandoning module Documentation (374)
[2018.01.08-13.44.20:580][404]LogModuleManager: Shutting down and abandoning module MovieSceneTracks (372)
[2018.01.08-13.44.20:580][404]LogModuleManager: Shutting down and abandoning module MovieScene (370)
[2018.01.08-13.44.20:580][404]LogModuleManager: Shutting down and abandoning module StreamingPauseRendering (368)
[2018.01.08-13.44.20:580][404]LogModuleManager: Shutting down and abandoning module LauncherPlatform (366)
[2018.01.08-13.44.20:580][404]LogModuleManager: Shutting down and abandoning module AnalyticsET (364)
[2018.01.08-13.44.20:580][404]LogModuleManager: Shutting down and abandoning module PortalServices (362)
[2018.01.08-13.44.20:580][404]LogModuleManager: Shutting down and abandoning module PortalRpc (360)
[2018.01.08-13.44.20:580][404]LogModuleManager: Shutting down and abandoning module MessagingRpc (358)
[2018.01.08-13.44.20:580][404]LogModuleManager: Shutting down and abandoning module AIModule (356)
[2018.01.08-13.44.20:580][404]LogModuleManager: Shutting down and abandoning module GameplayDebugger (355)
[2018.01.08-13.44.20:580][404]LogModuleManager: Shutting down and abandoning module AITestSuite (353)
[2018.01.08-13.44.20:580][404]LogModuleManager: Shutting down and abandoning module DesktopPlatform (350)
[2018.01.08-13.44.20:580][404]LogModuleManager: Shutting down and abandoning module ProfilerService (348)
[2018.01.08-13.44.20:752][404]LogModuleManager: Shutting down and abandoning module TaskGraph (346)
[2018.01.08-13.44.20:754][404]LogModuleManager: Shutting down and abandoning module SteamVRController (344)
[2018.01.08-13.44.20:755][404]LogModuleManager: Shutting down and abandoning module ProceduralMeshComponentEditor (342)
[2018.01.08-13.44.20:755][404]LogModuleManager: Shutting down and abandoning module ProceduralMeshComponent (340)
[2018.01.08-13.44.20:756][404]LogModuleManager: Shutting down and abandoning module OculusInput (338)
[2018.01.08-13.44.20:756][404]LogModuleManager: Shutting down and abandoning module MobilePatchingUtils (336)
[2018.01.08-13.44.20:756][404]LogModuleManager: Shutting down and abandoning module CustomMeshComponent (334)
[2018.01.08-13.44.20:757][404]LogModuleManager: Shutting down and abandoning module CableComponent (332)
[2018.01.08-13.44.20:757][404]LogModuleManager: Shutting down and abandoning module ArchVisCharacter (330)
[2018.01.08-13.44.20:757][404]LogModuleManager: Shutting down and abandoning module AndroidPermission (328)
[2018.01.08-13.44.20:757][404]LogModuleManager: Shutting down and abandoning module ActorSequence (324)
[2018.01.08-13.44.20:757][404]LogModuleManager: Shutting down and abandoning module MediaPlayerEditor (322)
[2018.01.08-13.44.20:762][404]LogModuleManager: Shutting down and abandoning module MediaCompositingEditor (320)
[2018.01.08-13.44.20:762][404]LogModuleManager: Shutting down and abandoning module MediaCompositing (318)
[2018.01.08-13.44.20:762][404]LogModuleManager: Shutting down and abandoning module HTML5Networking (316)
[2018.01.08-13.44.20:762][404]LogModuleManager: Shutting down and abandoning module AlembicImporter (314)
[2018.01.08-13.44.20:763][404]LogModuleManager: Shutting down and abandoning module AlembicLibrary (313)
[2018.01.08-13.44.20:763][404]LogModuleManager: Shutting down and abandoning module GeometryCache (312)
[2018.01.08-13.44.20:764][404]LogModuleManager: Shutting down and abandoning module GeometryCacheEd (311)
[2018.01.08-13.44.20:764][404]LogModuleManager: Shutting down and abandoning module SpeedTreeImporter (306)
[2018.01.08-13.44.20:764][404]LogModuleManager: Shutting down and abandoning module PluginBrowser (304)
[2018.01.08-13.44.20:771][404]LogModuleManager: Shutting down and abandoning module MobileLauncherProfileWizard (302)
[2018.01.08-13.44.20:773][404]LogModuleManager: Shutting down and abandoning module VisualStudioSourceCodeAccess (300)
[2018.01.08-13.44.20:773][404]LogModuleManager: Shutting down and abandoning module VisualStudioCodeSourceCodeAccess (298)
[2018.01.08-13.44.20:773][404]LogModuleManager: Shutting down and abandoning module UObjectPlugin (296)
[2018.01.08-13.44.20:774][404]LogModuleManager: Shutting down and abandoning module SubversionSourceControl (294)
[2018.01.08-13.44.20:775][404]LogModuleManager: Shutting down and abandoning module PerforceSourceControl (292)
[2018.01.08-13.44.20:777][404]LogModuleManager: Shutting down and abandoning module GitSourceControl (290)
[2018.01.08-13.44.20:780][404]LogModuleManager: Shutting down and abandoning module SourceControl (289)
[2018.01.08-13.44.20:781][404]LogModuleManager: Shutting down and abandoning module LightPropagationVolumeEditor (286)
[2018.01.08-13.44.20:781][404]LogModuleManager: Shutting down and abandoning module PaperTiledImporter (284)
[2018.01.08-13.44.20:781][404]LogModuleManager: Shutting down and abandoning module PaperSpriteSheetImporter (282)
[2018.01.08-13.44.20:781][404]LogModuleManager: Shutting down and abandoning module Paper2DEditor (280)
[2018.01.08-13.44.20:783][404]LogModuleManager: Shutting down and abandoning module MeshPaint (279)
[2018.01.08-13.44.20:784][404]LogModuleManager: Shutting down and abandoning module LevelEditor (277)
[2018.01.08-13.44.20:788][404]LogModuleManager: Shutting down and abandoning module PixelInspectorModule (276)
[2018.01.08-13.44.20:789][404]LogModuleManager: Shutting down and abandoning module MainFrame (274)
[2018.01.08-13.44.20:789][404]LogModuleManager: Shutting down and abandoning module HotReload (273)
[2018.01.08-13.44.20:793][404]LogModuleManager: Shutting down and abandoning module RuntimePhysXCooking (268)
[2018.01.08-13.44.20:793][404]LogModuleManager: Shutting down and abandoning module PhysXVehiclesEditor (266)
[2018.01.08-13.44.20:793][404]LogModuleManager: Shutting down and abandoning module PhysXVehicles (264)
[2018.01.08-13.44.20:793][404]LogModuleManager: Shutting down and abandoning module OculusEditor (262)
[2018.01.08-13.44.20:793][404]LogModuleManager: Shutting down and abandoning module LocationServicesBPLibrary (260)
[2018.01.08-13.44.20:794][404]LogModuleManager: Shutting down and abandoning module ImmediatePhysicsEditor (258)
[2018.01.08-13.44.20:794][404]LogModuleManager: Shutting down and abandoning module ImmediatePhysics (256)
[2018.01.08-13.44.20:795][404]LogModuleManager: Shutting down and abandoning module UdpMessaging (254)
[2018.01.08-13.44.20:896][404]LogModuleManager: Shutting down and abandoning module TcpMessaging (252)
[2018.01.08-13.44.20:998][404]LogModuleManager: Shutting down and abandoning module GameplayTagsEditor (250)
[2018.01.08-13.44.21:002][404]LogModuleManager: Shutting down and abandoning module FacialAnimationEditor (248)
[2018.01.08-13.44.21:003][404]LogModuleManager: Shutting down and abandoning module FacialAnimation (246)
[2018.01.08-13.44.21:003][404]LogModuleManager: Shutting down and abandoning module AssetManagerEditor (244)
[2018.01.08-13.44.21:005][404]LogModuleManager: Shutting down and abandoning module GraphEditor (243)
[2018.01.08-13.44.21:005][404]LogModuleManager: Shutting down and abandoning module ContentBrowser (241)
[2018.01.08-13.44.21:009][404]LogModuleManager: Shutting down and abandoning module LightPropagationVolumeRuntime (238)
[2018.01.08-13.44.21:009][404]LogModuleManager: Shutting down and abandoning module Paper2D (236)
[2018.01.08-13.44.21:009][404]LogModuleManager: Shutting down and abandoning module WindowsMoviePlayer (234)
[2018.01.08-13.44.21:009][404]LogModuleManager: Shutting down and abandoning module WmfMedia (232)
[2018.01.08-13.44.21:021][404]LogModuleManager: Shutting down and abandoning module ImgMedia (230)
[2018.01.08-13.44.21:021][404]LogModuleManager: Shutting down and abandoning module PacketHandler (228)
[2018.01.08-13.44.21:021][404]LogModuleManager: Shutting down and abandoning module ClothingSystemEditor (226)
[2018.01.08-13.44.21:021][404]LogModuleManager: Shutting down and abandoning module ClothingSystemRuntime (224)
[2018.01.08-13.44.21:023][404]LogModuleManager: Shutting down and abandoning module MediaAssets (222)
[2018.01.08-13.44.21:023][404]LogModuleManager: Shutting down and abandoning module Media (221)
[2018.01.08-13.44.21:032][404]LogModuleManager: Shutting down and abandoning module Overlay (218)
[2018.01.08-13.44.21:032][404]LogModuleManager: Shutting down and abandoning module OverlayEditor (217)
[2018.01.08-13.44.21:033][404]LogModuleManager: Shutting down and abandoning module VREditor (214)
[2018.01.08-13.44.21:036][404]LogModuleManager: Shutting down and abandoning module StringTableEditor (212)
[2018.01.08-13.44.21:036][404]LogModuleManager: Shutting down and abandoning module GameplayTasksEditor (210)
[2018.01.08-13.44.21:036][404]LogModuleManager: Shutting down and abandoning module BehaviorTreeEditor (208)
[2018.01.08-13.44.21:040][404]LogModuleManager: Shutting down and abandoning module FunctionalTesting (206)
[2018.01.08-13.44.21:041][404]LogModuleManager: Shutting down and abandoning module CollisionAnalyzer (204)
[2018.01.08-13.44.21:043][404]LogModuleManager: Shutting down and abandoning module WorkspaceMenuStructure (203)
[2018.01.08-13.44.21:043][404]LogModuleManager: Shutting down and abandoning module UMG (200)
[2018.01.08-13.44.21:044][404]LogModuleManager: Shutting down and abandoning module UMGEditor (199)
[2018.01.08-13.44.21:047][404]LogModuleManager: Shutting down and abandoning module Sequencer (198)
[2018.01.08-13.44.21:050][404]LogModuleManager: Shutting down and abandoning module MessageLog (195)
[2018.01.08-13.44.21:050][404]LogModuleManager: Shutting down and abandoning module SlateReflector (190)
[2018.01.08-13.44.21:055][404]LogModuleManager: Shutting down and abandoning module Slate (188)
[2018.01.08-13.44.21:055][404]LogModuleManager: Shutting down and abandoning module EditorStyle (186)
[2018.01.08-13.44.21:071][404]LogModuleManager: Shutting down and abandoning module MRMesh (184)
[2018.01.08-13.44.21:071][404]LogModuleManager: Shutting down and abandoning module SourceCodeAccess (182)
[2018.01.08-13.44.21:071][404]LogModuleManager: Shutting down and abandoning module HeadMountedDisplay (180)
[2018.01.08-13.44.21:071][404]LogModuleManager: Shutting down and abandoning module XAudio2 (178)
[2018.01.08-13.44.21:071][404]LogModuleManager: Shutting down and abandoning module Networking (176)
[2018.01.08-13.44.21:071][404]LogModuleManager: Shutting down and abandoning module Core (172)
[2018.01.08-13.44.21:071][404]LogModuleManager: Shutting down and abandoning module LevelSequence (168)
[2018.01.08-13.44.21:072][404]LogModuleManager: Shutting down and abandoning module DirectoryWatcher (166)
[2018.01.08-13.44.21:075][404]LogModuleManager: Shutting down and abandoning module KismetCompiler (164)
[2018.01.08-13.44.21:075][404]LogModuleManager: Shutting down and abandoning module MeshUtilities (162)
[2018.01.08-13.44.21:077][404]LogModuleManager: Shutting down and abandoning module MeshMergeUtilities (161)
[2018.01.08-13.44.21:079][404]LogModuleManager: Shutting down and abandoning module MeshReductionInterface (160)
[2018.01.08-13.44.21:079][404]LogModuleManager: Shutting down and abandoning module SimplygonSwarm (159)
[2018.01.08-13.44.21:080][404]LogModuleManager: Shutting down and abandoning module SimplygonMeshReduction (157)
[2018.01.08-13.44.21:080][404]LogModuleManager: Shutting down and abandoning module QuadricMeshReduction (155)
[2018.01.08-13.44.21:080][404]LogModuleManager: Shutting down and abandoning module MaterialBaking (151)
[2018.01.08-13.44.21:081][404]LogModuleManager: Shutting down and abandoning module DerivedDataCache (148)
[2018.01.08-13.44.21:084][404]LogDerivedDataCache: Shutdown
[2018.01.08-13.44.21:084][404]LogModuleManager: Shutting down and abandoning module TargetPlatform (146)
[2018.01.08-13.44.21:084][404]LogModuleManager: Shutting down and abandoning module VulkanShaderFormat (145)
[2018.01.08-13.44.21:085][404]LogModuleManager: Shutting down and abandoning module ShaderFormatVectorVM (143)
[2018.01.08-13.44.21:086][404]LogModuleManager: Shutting down and abandoning module ShaderFormatOpenGL (141)
[2018.01.08-13.44.21:087][404]LogModuleManager: Shutting down and abandoning module ShaderFormatD3D (139)
[2018.01.08-13.44.21:088][404]LogModuleManager: Shutting down and abandoning module MetalShaderFormat (137)
[2018.01.08-13.44.21:090][404]LogModuleManager: Shutting down and abandoning module TextureFormatUncompressed (135)
[2018.01.08-13.44.21:090][404]LogModuleManager: Shutting down and abandoning module TextureFormatPVR (133)
[2018.01.08-13.44.21:091][404]LogModuleManager: Shutting down and abandoning module TextureFormatDXT (131)
[2018.01.08-13.44.21:091][404]LogModuleManager: Shutting down and abandoning module TextureFormatIntelISPCTexComp (129)
[2018.01.08-13.44.21:091][404]LogModuleManager: Shutting down and abandoning module TextureFormatASTC (127)
[2018.01.08-13.44.21:092][404]LogModuleManager: Shutting down and abandoning module ImageWrapper (126)
[2018.01.08-13.44.21:092][404]LogModuleManager: Shutting down and abandoning module TextureFormatAndroid (123)
[2018.01.08-13.44.21:092][404]LogModuleManager: Shutting down and abandoning module AudioFormatOpus (121)
[2018.01.08-13.44.21:092][404]LogModuleManager: Shutting down and abandoning module AudioFormatOgg (119)
[2018.01.08-13.44.21:092][404]LogModuleManager: Shutting down and abandoning module AudioFormatADPCM (117)
[2018.01.08-13.44.21:092][404]LogModuleManager: Shutting down and abandoning module LinuxTargetPlatform (115)
[2018.01.08-13.44.21:092][404]LogModuleManager: Shutting down and abandoning module LinuxServerTargetPlatform (113)
[2018.01.08-13.44.21:092][404]LogModuleManager: Shutting down and abandoning module LinuxNoEditorTargetPlatform (111)
[2018.01.08-13.44.21:092][404]LogModuleManager: Shutting down and abandoning module LinuxClientTargetPlatform (109)
[2018.01.08-13.44.21:092][404]LogModuleManager: Shutting down and abandoning module TVOSTargetPlatform (107)
[2018.01.08-13.44.21:092][404]LogModuleManager: Shutting down and abandoning module Messaging (105)
[2018.01.08-13.44.21:092][404]LogModuleManager: Shutting down and abandoning module IOSTargetPlatform (103)
[2018.01.08-13.44.21:092][404]LogModuleManager: Shutting down and abandoning module HTML5TargetPlatform (101)
[2018.01.08-13.44.21:093][404]LogModuleManager: Shutting down and abandoning module AndroidTargetPlatform (99)
[2018.01.08-13.44.21:093][404]LogModuleManager: Shutting down and abandoning module Android_PVRTCTargetPlatform (97)
[2018.01.08-13.44.21:093][404]LogModuleManager: Shutting down and abandoning module Android_MultiTargetPlatform (95)
[2018.01.08-13.44.21:093][404]LogModuleManager: Shutting down and abandoning module Android_ETC2TargetPlatform (93)
[2018.01.08-13.44.21:093][404]LogModuleManager: Shutting down and abandoning module Android_ETC1TargetPlatform (91)
[2018.01.08-13.44.21:093][404]LogModuleManager: Shutting down and abandoning module Android_DXTTargetPlatform (89)
[2018.01.08-13.44.21:093][404]LogModuleManager: Shutting down and abandoning module Android_ATCTargetPlatform (87)
[2018.01.08-13.44.21:093][404]LogModuleManager: Shutting down and abandoning module Android_ASTCTargetPlatform (85)
[2018.01.08-13.44.21:093][404]LogModuleManager: Shutting down and abandoning module WindowsTargetPlatform (83)
[2018.01.08-13.44.21:093][404]LogModuleManager: Shutting down and abandoning module WindowsServerTargetPlatform (81)
[2018.01.08-13.44.21:093][404]LogModuleManager: Shutting down and abandoning module WindowsNoEditorTargetPlatform (79)
[2018.01.08-13.44.21:093][404]LogModuleManager: Shutting down and abandoning module WindowsClientTargetPlatform (77)
[2018.01.08-13.44.21:093][404]LogModuleManager: Shutting down and abandoning module MacTargetPlatform (75)
[2018.01.08-13.44.21:093][404]LogModuleManager: Shutting down and abandoning module MacServerTargetPlatform (73)
[2018.01.08-13.44.21:093][404]LogModuleManager: Shutting down and abandoning module MacNoEditorTargetPlatform (71)
[2018.01.08-13.44.21:094][404]LogModuleManager: Shutting down and abandoning module MacClientTargetPlatform (69)
[2018.01.08-13.44.21:094][404]LogModuleManager: Shutting down and abandoning module AllDesktopTargetPlatform (67)
[2018.01.08-13.44.21:094][404]LogModuleManager: Shutting down and abandoning module InputCore (64)
[2018.01.08-13.44.21:094][404]LogModuleManager: Shutting down and abandoning module Settings (62)
[2018.01.08-13.44.21:094][404]LogModuleManager: Shutting down and abandoning module PhysXCooking (60)
[2018.01.08-13.44.21:094][404]LogModuleManager: Shutting down and abandoning module SteamVR (58)
[2018.01.08-13.44.21:094][404]LogModuleManager: Shutting down and abandoning module OculusHMD (56)
[2018.01.08-13.44.21:095][404]LogModuleManager: Shutting down and abandoning module ExampleDeviceProfileSelector (54)
[2018.01.08-13.44.21:095][404]LogModuleManager: Shutting down and abandoning module AppleARKit (52)
[2018.01.08-13.44.21:095][404]LogModuleManager: Shutting down and abandoning module AugmentedReality (51)
[2018.01.08-13.44.21:095][404]LogModuleManager: Shutting down and abandoning module OnlineBlueprintSupport (48)
[2018.01.08-13.44.21:095][404]LogModuleManager: Shutting down and abandoning module OnlineSubsystem (44)
[2018.01.08-13.44.21:097][404]LogModuleManager: Shutting down and abandoning module XMPP (43)
[2018.01.08-13.44.21:101][404]LogModuleManager: Shutting down and abandoning module HTTP (41)
[2018.01.08-13.44.21:101][404]LogHttp: Display: Http module shutting down, but needs to wait on 1 outstanding Http requests:
[2018.01.08-13.44.21:102][404]LogHttp: Display: 	verb=[POST] url=[https://datarouter.ol.epicgames.com/datarouter/api/v1/public/data?SessionID=%7BD6FF37EA-412F-C83D-DC41-6FA13DF44BD4%7D&AppID=UEEditor.Rocket.Release&AppVersion=4.18.0-3709383%2B%2B%2BUE4%2BRelease-4.18&UserID=e95505dc4627316e2111bda19314304c%7C2e359d416f14471aab8308ec227836a8%7C05d4b3a3-34ca-4a3b-8e3e-d0c0b5b81a62&AppEnvironment=datacollector-binary&UploadType=eteventstream] status=Processing
[2018.01.08-13.44.21:107][404]LogModuleManager: Shutting down and abandoning module SSL (40)
[2018.01.08-13.44.21:112][404]LogModuleManager: Shutting down and abandoning module AnimationModifiers (36)
[2018.01.08-13.44.21:113][404]LogModuleManager: Shutting down and abandoning module PropertyEditor (35)
[2018.01.08-13.44.21:113][404]LogModuleManager: Shutting down and abandoning module AudioEditor (32)
[2018.01.08-13.44.21:115][404]LogModuleManager: Shutting down and abandoning module TextureCompressor (30)
[2018.01.08-13.44.21:115][404]LogModuleManager: Shutting down and abandoning module ShaderCore (28)
[2018.01.08-13.44.21:116][404]LogModuleManager: Shutting down and abandoning module Landscape (26)
[2018.01.08-13.44.21:116][404]LogModuleManager: Shutting down and abandoning module SlateRHIRenderer (24)
[2018.01.08-13.44.21:119][404]LogModuleManager: Shutting down and abandoning module OpenGLDrv (22)
[2018.01.08-13.44.21:121][404]LogModuleManager: Shutting down and abandoning module D3D11RHI (20)
[2018.01.08-13.44.21:121][404]LogModuleManager: Shutting down and abandoning module AnimGraphRuntime (18)
[2018.01.08-13.44.21:122][404]LogModuleManager: Shutting down and abandoning module Renderer (16)
[2018.01.08-13.44.21:122][404]LogModuleManager: Shutting down and abandoning module Engine (14)
[2018.01.08-13.44.21:122][404]LogModuleManager: Shutting down and abandoning module CoreUObject (12)
[2018.01.08-13.44.21:122][404]LogModuleManager: Shutting down and abandoning module NetworkFile (10)
[2018.01.08-13.44.21:122][404]LogModuleManager: Shutting down and abandoning module CookedIterativeFile (8)
[2018.01.08-13.44.21:122][404]LogModuleManager: Shutting down and abandoning module StreamingFile (6)
[2018.01.08-13.44.21:123][404]LogModuleManager: Shutting down and abandoning module SandboxFile (4)
[2018.01.08-13.44.21:123][404]LogModuleManager: Shutting down and abandoning module PakFile (2)
[2018.01.08-13.44.21:127][404]LogExit: Exiting.
[2018.01.08-13.44.21:153][404]Log file closed, 01/08/18 15:44:21
